#
# There is insufficient memory for the Java Runtime Environment to continue.
# Native memory allocation (malloc) failed to allocate 32744 bytes for ChunkPool::allocate
# Possible reasons:
#   The system is out of physical RAM or swap space
#   The process is running with CompressedOops enabled, and the Java Heap may be blocking the growth of the native heap
# Possible solutions:
#   Reduce memory load on the system
#   Increase physical memory or swap space
#   Check if swap backing store is full
#   Decrease Java heap size (-Xmx/-Xms)
#   Decrease number of Java threads
#   Decrease Java thread stack sizes (-Xss)
#   Set larger code cache with -XX:ReservedCodeCacheSize=
#   JVM is running with Unscaled Compressed Oops mode in which the Java heap is
#     placed in the first 4GB address space. The Java Heap base address is the
#     maximum limit for the native heap growth. Please use -XX:HeapBaseMinAddress
#     to set the Java Heap base and to place the Java Heap above 4GB virtual address.
# This output file may be truncated or incomplete.
#
#  Out of Memory Error (./open/src/hotspot/share/memory/arena.cpp:81), pid=2944, tid=6360
#
# JRE version: Java(TM) SE Runtime Environment 18.9 (11.0.12+8) (build 11.0.12+8-LTS-237)
# Java VM: Java HotSpot(TM) 64-Bit Server VM 18.9 (11.0.12+8-LTS-237, mixed mode, tiered, compressed oops, g1 gc, windows-amd64)
# No core dump will be written. Minidumps are not enabled by default on client versions of Windows
#

---------------  S U M M A R Y ------------

Command Line: -Daction.aware.typeAhead=false -Dallure.results.directory=C:\Users\User\senama-soft-autotests\build\allure-results -Dawt.toolkit=sun.awt.windows.WToolkit -Dcom.jetbrains.suppressWindowRaise=false -Dfile.separator=\ -Dide.native.launcher=true -Didea.active=true -Didea.cycle.buffer.size=1024 -Didea.dynamic.classpath=false -Didea.fatal.error.notification=disabled -Didea.jre.check=true -Didea.max.content.load.filesize=20000 -Didea.max.intellisense.filesize=2500 -Didea.no.launcher=false -Didea.paths.selector=IdeaIC2021.2 -Didea.platform.prefix=Idea -Didea.popup.weight=heavy -Didea.vendor.name=JetBrains -Didea.version=2021.2.2 -Didea.xdebug.key=-Xdebug -Dio.netty.allocator.cacheTrimIntervalMillis=600000 -Dio.netty.allocator.numDirectArenas=1 -Dio.netty.allocator.numHeapArenas=1 -Dio.netty.allocator.useCacheForAllThreads=false -Dio.netty.machineId=28:f0:76:ff:fe:16:65:0e -Dio.netty.processId=41538 -Dio.netty.serviceThreadPrefix=Netty  -Djava.awt.graphicsenv=sun.awt.Win32GraphicsEnvironment -Djava.awt.printerjob=sun.awt.windows.WPrinterJob -Djava.class.version=55.0 -Djava.home=C:\Program Files\Java\jdk-11.0.12 -Djava.library.path=C:\Program Files\Java\jdk-11.0.12\bin;C:\Windows\Sun\Java\bin;C:\Windows\system32;C:\Windows;C:\Program Files\Common Files\Oracle\Java\javapath;C:\Windows\system32;C:\Windows;C:\Windows\System32\Wbem;C:\Windows\System32\WindowsPowerShell\v1.0\;C:\Windows\System32\OpenSSH\;C:\Program Files\7-Zip;C:\Program Files\Git\cmd;C:\Users\User\apache-maven-3.8.6\bin;C:\Gradle\bin;C:\Users\User\AppData\Local\Microsoft\WindowsApps;;C:\Program Files\JetBrains\IntelliJ IDEA Community Edition 2021.2.2\bin;;. -Djava.rmi.server.disableHttp=true -Djava.rmi.server.hostname=127.0.0.1 -Djava.runtime.name=OpenJDK Runtime Environment -Djava.runtime.version=11.0.12+8-LTS-237 -Djava.specification.name=Java Platform API Specification -Djava.specification.vendor=Oracle Corporation -Djava.specification.version=11 -Djava.util.concurrent.ForkJoinPool.common.threadFactory=com.intellij.concurrency.IdeaForkJoinWorkerThreadFactory -Djava.vendor=Oracle Corporation -Djava.vendor.url=https://openjdk.java.net/ -Djava.vendor.url.bug=https://bugreport.java.com/bugreport/ -Djava.vendor.version=JBR-11.0.12.7-1504.28-jcef -Djava.version=11.0.12 -Djava.version.date=2021-07-20 -Djava.vm.compressedOopsMode=32-bit -Djava.vm.info=mixed mode -Djava.vm.name=Java HotSpot(TM) 64-Bit Server VM -Djava.vm.specification.name=Java Virtual Machine Specification -Djava.vm.specification.vendor=Oracle Corporation -Djava.vm.specification.version=11 -Djava.vm.vendor=Oracle Corporation -Djava.vm.version=11.0.12+8-LTS-237 -Djavax.swing.rebaseCssSizeMap=true -Djb.vmOptionsFile=C:\Users\User\AppData\Roaming\JetBrains\IdeaIC2021.2\idea64.exe.vmoptions -Djdk.attach.allowAttachSelf=true -Djdk.debug=release -Djdk.http.auth.tunneling.disabledSchemes= -Djdk.module.illegalAccess.silent=true -Djna.loaded=true -Djna.nosys=true -Djna.tmpdir=C:\Users\User\AppData\Local\JetBrains\IdeaIC2021.2/tmp -Djnidispatch.path=C:\Users\User\AppData\Local\JetBrains\IdeaIC2021.2\tmp\jna15963756339529529596.dll -Djunit.jupiter.extensions.autodetection.enabled=true -Dkotlin.daemon.jvm.options=--illegal-access=permit -Dkotlinx.coroutines.debug=off -Dlibrary.jansi.path=C:\Users\User\.gradle\native\jansi\1.18\windows64 -Dline.separator=
 -Dlog4j.defaultInitOverride=true -Dorg.gradle.internal.worker.tmpdir=C:\Users\User\senama-soft-autotests\build\tmp\test\work -Dorg.gradle.native=false -Dos.arch=amd64 -Dos.name=Windows 10 -Dos.version=10.0 -Dpath.separator=; -Dpty4j.preferred.native.folder=C:\Program Files\JetBrains\IntelliJ IDEA Community Edition 2021.2.2\lib\pty4j-native -Dpty4j.tmpdir=C:\Users\User\AppData\Local\JetBrains\IdeaIC2021.2/tmp -Dsplash=true -Dsun.arch.data.model=64 -Dsun.boot.library.path=C:\Program Files\Java\jdk-11.0.12\bin -Dsun.cpu.endian=little -Dsun.cpu.isalist=amd64 -Dsun.desktop=windows -Dsun.io.unicode.encoding=UnicodeLittle -Dsun.jnu.encoding=Cp1251 -Dsun.management.compiler=HotSpot 64-Bit Tiered Compilers -Dsun.os.patch.level -Dswing.bufferPerWindow=false -Duser.dir=C:\Users\User\senama-soft-autotests -Duser.home=C:\Users\User -Duser.name=User -Duser.script -Duser.timezone=GMT+03:00 -Dwinp.folder.preferred=C:\Users\User\AppData\Local\JetBrains\IdeaIC2021.2/tmp -javaagent:C:\Users\User\.gradle\caches\modules-2\files-2.1\org.aspectj\aspectjweaver\1.9.9.1\dcd2703279a94ad909fa3f3d08671cb0f2dabf7\aspectjweaver-1.9.9.1.jar --add-opens=java.base/java.util=ALL-UNNAMED --add-opens=java.base/java.lang=ALL-UNNAMED -Xmx512m -Dfile.encoding=Cp1251 -Djava.io.tmpdir=C:\Users\User\AppData\Local\Temp\ -Duser.country=RU -Duser.language=ru -Duser.variant -ea worker.org.gradle.process.internal.worker.GradleWorkerMain 'Gradle Test Executor 1'

Host: Intel(R) Core(TM) i3-10110U CPU @ 2.10GHz, 4 cores, 7G,  Windows 10 , 64 bit Build 19041 (10.0.19041.3393)
Time: Wed Sep 20 12:17:56 2023 Беларусь (зима) elapsed time: 10.777547 seconds (0d 0h 0m 10s)

---------------  T H R E A D  ---------------

Current thread (0x000001d54568a800):  JavaThread "C2 CompilerThread0" daemon [_thread_in_native, id=6360, stack(0x0000009db3d00000,0x0000009db3e00000)]


Current CompileTask:
C2:  10777 3735       4       org.aspectj.weaver.bcel.LazyClassGen::<init> (555 bytes)

Stack: [0x0000009db3d00000,0x0000009db3e00000]
Native frames: (J=compiled Java code, j=interpreted, Vv=VM code, C=native code)
V  [jvm.dll+0x617d9a]
V  [jvm.dll+0x74eeef]
V  [jvm.dll+0x750599]
V  [jvm.dll+0x750c23]
V  [jvm.dll+0x2438d8]
V  [jvm.dll+0xba93b]
V  [jvm.dll+0xbac9c]
V  [jvm.dll+0xba7eb]
V  [jvm.dll+0x5f821f]
V  [jvm.dll+0x647644]
V  [jvm.dll+0x19413d]
V  [jvm.dll+0x1fd212]
V  [jvm.dll+0x1fc2ed]
V  [jvm.dll+0x17f18c]
V  [jvm.dll+0x20b87c]
V  [jvm.dll+0x20997b]
V  [jvm.dll+0x716359]
V  [jvm.dll+0x70f064]
V  [jvm.dll+0x616f66]
C  [ucrtbase.dll+0x21bb2]
C  [KERNEL32.DLL+0x17344]
C  [ntdll.dll+0x526b1]


---------------  P R O C E S S  ---------------

Threads class SMR info:
_java_thread_list=0x000001d548997aa0, length=23, elements={
0x000001d52a9d1800, 0x000001d54566a000, 0x000001d545673000, 0x000001d546013000,
0x000001d545683800, 0x000001d545687800, 0x000001d54568a800, 0x000001d545699000,
0x000001d54569b800, 0x000001d546195000, 0x000001d547381800, 0x000001d5463ea800,
0x000001d5477dc800, 0x000001d549617800, 0x000001d546a2f800, 0x000001d549b49800,
0x000001d548992000, 0x000001d54a3db800, 0x000001d548c6c000, 0x000001d54a3b7800,
0x000001d548b5d000, 0x000001d548b59000, 0x000001d548b59800
}

Java Threads: ( => current thread )
  0x000001d52a9d1800 JavaThread "main" [_thread_blocked, id=7092, stack(0x0000009db3100000,0x0000009db3200000)]
  0x000001d54566a000 JavaThread "Reference Handler" daemon [_thread_blocked, id=7328, stack(0x0000009db3800000,0x0000009db3900000)]
  0x000001d545673000 JavaThread "Finalizer" daemon [_thread_blocked, id=4560, stack(0x0000009db3900000,0x0000009db3a00000)]
  0x000001d546013000 JavaThread "Signal Dispatcher" daemon [_thread_blocked, id=2668, stack(0x0000009db3a00000,0x0000009db3b00000)]
  0x000001d545683800 JavaThread "Attach Listener" daemon [_thread_blocked, id=3696, stack(0x0000009db3b00000,0x0000009db3c00000)]
  0x000001d545687800 JavaThread "Service Thread" daemon [_thread_blocked, id=864, stack(0x0000009db3c00000,0x0000009db3d00000)]
=>0x000001d54568a800 JavaThread "C2 CompilerThread0" daemon [_thread_in_native, id=6360, stack(0x0000009db3d00000,0x0000009db3e00000)]
  0x000001d545699000 JavaThread "C1 CompilerThread0" daemon [_thread_blocked, id=9136, stack(0x0000009db3e00000,0x0000009db3f00000)]
  0x000001d54569b800 JavaThread "Sweeper thread" daemon [_thread_blocked, id=3584, stack(0x0000009db3f00000,0x0000009db4000000)]
  0x000001d546195000 JavaThread "Common-Cleaner" daemon [_thread_blocked, id=12816, stack(0x0000009db4000000,0x0000009db4100000)]
  0x000001d547381800 JavaThread "Forwarding newSession on session null to remote" [_thread_blocked, id=9112, stack(0x0000009db4600000,0x0000009db4700000)]
  0x000001d5463ea800 JavaThread "/127.0.0.1:60307 to /127.0.0.1:60306 workers Thread 2" [_thread_blocked, id=6996, stack(0x0000009db4100000,0x0000009db4200000)]
  0x000001d5477dc800 JavaThread "/127.0.0.1:60307 to /127.0.0.1:60306 workers Thread 3" [_thread_in_native, id=9664, stack(0x0000009db4700000,0x0000009db4800000)]
  0x000001d549617800 JavaThread "ForkJoinPool.commonPool-worker-3" daemon [_thread_blocked, id=8728, stack(0x0000009db4800000,0x0000009db4900000)]
  0x000001d546a2f800 JavaThread "AsyncHttpClient-1-1" daemon [_thread_blocked, id=8608, stack(0x0000009db4b00000,0x0000009db4c00000)]
  0x000001d549b49800 JavaThread "Exec Default Executor" daemon [_thread_in_native, id=8228, stack(0x0000009db4c00000,0x0000009db4d00000)]
  0x000001d548992000 JavaThread "Exec Stream Pumper" daemon [_thread_in_native, id=3824, stack(0x0000009db4d00000,0x0000009db4e00000)]
  0x000001d54a3db800 JavaThread "Exec Stream Pumper" daemon [_thread_in_native, id=5076, stack(0x0000009db4e00000,0x0000009db4f00000)]
  0x000001d548c6c000 JavaThread "Driver Service Executor" daemon [_thread_blocked, id=2264, stack(0x0000009db4f00000,0x0000009db5000000)]
  0x000001d54a3b7800 JavaThread "Driver Service Executor" daemon [_thread_blocked, id=3464, stack(0x0000009db5000000,0x0000009db5100000)]
  0x000001d548b5d000 JavaThread "UrlChecker-2" daemon [_thread_blocked, id=8248, stack(0x0000009db5100000,0x0000009db5200000)]
  0x000001d548b59000 JavaThread "Keep-Alive-Timer" daemon [_thread_blocked, id=9856, stack(0x0000009db5200000,0x0000009db5300000)]
  0x000001d548b59800 JavaThread "AsyncHttpClient-1-2" daemon [_thread_in_native, id=8144, stack(0x0000009db5300000,0x0000009db5400000)]

Other Threads:
  0x000001d545645800 VMThread "VM Thread" [stack: 0x0000009db3700000,0x0000009db3800000] [id=11816]
  0x000001d5463ce000 WatcherThread [stack: 0x0000009db4200000,0x0000009db4300000] [id=12668]
  0x000001d52a9ec000 GCTaskThread "GC Thread#0" [stack: 0x0000009db3200000,0x0000009db3300000] [id=7028]
  0x000001d5468ae000 GCTaskThread "GC Thread#1" [stack: 0x0000009db4300000,0x0000009db4400000] [id=12440]
  0x000001d5469ee800 GCTaskThread "GC Thread#2" [stack: 0x0000009db4400000,0x0000009db4500000] [id=7976]
  0x000001d547b39000 GCTaskThread "GC Thread#3" [stack: 0x0000009db4900000,0x0000009db4a00000] [id=10972]
  0x000001d52a9fd000 ConcurrentGCThread "G1 Main Marker" [stack: 0x0000009db3300000,0x0000009db3400000] [id=5712]
  0x000001d52a9ff800 ConcurrentGCThread "G1 Conc#0" [stack: 0x0000009db3400000,0x0000009db3500000] [id=12312]
  0x000001d52aa88000 ConcurrentGCThread "G1 Refine#0" [stack: 0x0000009db3500000,0x0000009db3600000] [id=7780]
  0x000001d547ce5800 ConcurrentGCThread "G1 Refine#1" [stack: 0x0000009db4a00000,0x0000009db4b00000] [id=10060]
  0x000001d52aa89000 ConcurrentGCThread "G1 Young RemSet Sampling" [stack: 0x0000009db3600000,0x0000009db3700000] [id=11236]

Threads with active compile tasks:
C2 CompilerThread0  10799 3735       4       org.aspectj.weaver.bcel.LazyClassGen::<init> (555 bytes)

VM state:not at safepoint (normal execution)

VM Mutex/Monitor currently owned by a thread: None

Heap address: 0x00000000e0000000, size: 512 MB, Compressed Oops mode: 32-bit
Narrow klass base: 0x0000000000000000, Narrow klass shift: 3
Compressed class space size: 1073741824 Address: 0x0000000100000000

Heap:
 garbage-first heap   total 129024K, used 90133K [0x00000000e0000000, 0x0000000100000000)
  region size 1024K, 33 young (33792K), 4 survivors (4096K)
 Metaspace       used 44883K, capacity 46116K, committed 46464K, reserved 1089536K
  class space    used 5157K, capacity 5661K, committed 5760K, reserved 1048576K
Heap Regions: E=young(eden), S=young(survivor), O=old, HS=humongous(starts), HC=humongous(continues), CS=collection set, F=free, A=archive, TAMS=top-at-mark-start (previous, next)
|   0|0x00000000e0000000, 0x00000000e0100000, 0x00000000e0100000|100%| O|  |TAMS 0x00000000e0100000, 0x00000000e0000000| Untracked 
|   1|0x00000000e0100000, 0x00000000e0200000, 0x00000000e0200000|100%| O|  |TAMS 0x00000000e0200000, 0x00000000e0100000| Untracked 
|   2|0x00000000e0200000, 0x00000000e0300000, 0x00000000e0300000|100%| O|  |TAMS 0x00000000e0300000, 0x00000000e0200000| Untracked 
|   3|0x00000000e0300000, 0x00000000e0400000, 0x00000000e0400000|100%| O|  |TAMS 0x00000000e0400000, 0x00000000e0300000| Untracked 
|   4|0x00000000e0400000, 0x00000000e0500000, 0x00000000e0500000|100%| O|  |TAMS 0x00000000e0500000, 0x00000000e0400000| Untracked 
|   5|0x00000000e0500000, 0x00000000e0600000, 0x00000000e0600000|100%| O|  |TAMS 0x00000000e0600000, 0x00000000e0500000| Untracked 
|   6|0x00000000e0600000, 0x00000000e0700000, 0x00000000e0700000|100%| O|  |TAMS 0x00000000e0700000, 0x00000000e0600000| Untracked 
|   7|0x00000000e0700000, 0x00000000e0800000, 0x00000000e0800000|100%| O|  |TAMS 0x00000000e0800000, 0x00000000e0700000| Untracked 
|   8|0x00000000e0800000, 0x00000000e0900000, 0x00000000e0900000|100%| O|  |TAMS 0x00000000e0900000, 0x00000000e0800000| Untracked 
|   9|0x00000000e0900000, 0x00000000e0a00000, 0x00000000e0a00000|100%| O|  |TAMS 0x00000000e0a00000, 0x00000000e0900000| Untracked 
|  10|0x00000000e0a00000, 0x00000000e0b00000, 0x00000000e0b00000|100%| O|  |TAMS 0x00000000e0b00000, 0x00000000e0a00000| Untracked 
|  11|0x00000000e0b00000, 0x00000000e0c00000, 0x00000000e0c00000|100%| O|  |TAMS 0x00000000e0c00000, 0x00000000e0b00000| Untracked 
|  12|0x00000000e0c00000, 0x00000000e0d00000, 0x00000000e0d00000|100%| O|  |TAMS 0x00000000e0d00000, 0x00000000e0c00000| Untracked 
|  13|0x00000000e0d00000, 0x00000000e0e00000, 0x00000000e0e00000|100%| O|  |TAMS 0x00000000e0e00000, 0x00000000e0d00000| Untracked 
|  14|0x00000000e0e00000, 0x00000000e0f00000, 0x00000000e0f00000|100%| O|  |TAMS 0x00000000e0f00000, 0x00000000e0e00000| Untracked 
|  15|0x00000000e0f00000, 0x00000000e1000000, 0x00000000e1000000|100%| O|  |TAMS 0x00000000e1000000, 0x00000000e0f00000| Untracked 
|  16|0x00000000e1000000, 0x00000000e1100000, 0x00000000e1100000|100%| O|  |TAMS 0x00000000e1100000, 0x00000000e1000000| Untracked 
|  17|0x00000000e1100000, 0x00000000e1200000, 0x00000000e1200000|100%| O|  |TAMS 0x00000000e1200000, 0x00000000e1100000| Untracked 
|  18|0x00000000e1200000, 0x00000000e1300000, 0x00000000e1300000|100%| O|  |TAMS 0x00000000e1300000, 0x00000000e1200000| Untracked 
|  19|0x00000000e1300000, 0x00000000e1400000, 0x00000000e1400000|100%| O|  |TAMS 0x00000000e1400000, 0x00000000e1300000| Untracked 
|  20|0x00000000e1400000, 0x00000000e1500000, 0x00000000e1500000|100%| O|  |TAMS 0x00000000e1500000, 0x00000000e1400000| Untracked 
|  21|0x00000000e1500000, 0x00000000e1600000, 0x00000000e1600000|100%| O|  |TAMS 0x00000000e1600000, 0x00000000e1500000| Untracked 
|  22|0x00000000e1600000, 0x00000000e1700000, 0x00000000e1700000|100%| O|  |TAMS 0x00000000e1700000, 0x00000000e1600000| Untracked 
|  23|0x00000000e1700000, 0x00000000e1800000, 0x00000000e1800000|100%| O|  |TAMS 0x00000000e1800000, 0x00000000e1700000| Untracked 
|  24|0x00000000e1800000, 0x00000000e1900000, 0x00000000e1900000|100%| O|  |TAMS 0x00000000e1900000, 0x00000000e1800000| Untracked 
|  25|0x00000000e1900000, 0x00000000e1a00000, 0x00000000e1a00000|100%| O|  |TAMS 0x00000000e1a00000, 0x00000000e1900000| Untracked 
|  26|0x00000000e1a00000, 0x00000000e1b00000, 0x00000000e1b00000|100%| O|  |TAMS 0x00000000e1b00000, 0x00000000e1a00000| Untracked 
|  27|0x00000000e1b00000, 0x00000000e1c00000, 0x00000000e1c00000|100%| O|  |TAMS 0x00000000e1c00000, 0x00000000e1b00000| Untracked 
|  28|0x00000000e1c00000, 0x00000000e1d00000, 0x00000000e1d00000|100%| O|  |TAMS 0x00000000e1d00000, 0x00000000e1c00000| Untracked 
|  29|0x00000000e1d00000, 0x00000000e1e00000, 0x00000000e1e00000|100%| O|  |TAMS 0x00000000e1e00000, 0x00000000e1d00000| Untracked 
|  30|0x00000000e1e00000, 0x00000000e1f00000, 0x00000000e1f00000|100%| O|  |TAMS 0x00000000e1f00000, 0x00000000e1e00000| Untracked 
|  31|0x00000000e1f00000, 0x00000000e2000000, 0x00000000e2000000|100%| O|  |TAMS 0x00000000e2000000, 0x00000000e1f00000| Untracked 
|  32|0x00000000e2000000, 0x00000000e2100000, 0x00000000e2100000|100%| O|  |TAMS 0x00000000e2100000, 0x00000000e2000000| Untracked 
|  33|0x00000000e2100000, 0x00000000e2200000, 0x00000000e2200000|100%| O|  |TAMS 0x00000000e2200000, 0x00000000e2100000| Untracked 
|  34|0x00000000e2200000, 0x00000000e2300000, 0x00000000e2300000|100%| O|  |TAMS 0x00000000e2300000, 0x00000000e2200000| Untracked 
|  35|0x00000000e2300000, 0x00000000e2400000, 0x00000000e2400000|100%| O|  |TAMS 0x00000000e2400000, 0x00000000e2300000| Untracked 
|  36|0x00000000e2400000, 0x00000000e2500000, 0x00000000e2500000|100%| O|  |TAMS 0x00000000e2487c00, 0x00000000e2400000| Untracked 
|  37|0x00000000e2500000, 0x00000000e2600000, 0x00000000e2600000|100%| O|  |TAMS 0x00000000e2500000, 0x00000000e2500000| Untracked 
|  38|0x00000000e2600000, 0x00000000e2700000, 0x00000000e2700000|100%| O|  |TAMS 0x00000000e2600000, 0x00000000e2600000| Untracked 
|  39|0x00000000e2700000, 0x00000000e2800000, 0x00000000e2800000|100%| O|  |TAMS 0x00000000e2700000, 0x00000000e2700000| Untracked 
|  40|0x00000000e2800000, 0x00000000e2900000, 0x00000000e2900000|100%| O|  |TAMS 0x00000000e2800000, 0x00000000e2800000| Untracked 
|  41|0x00000000e2900000, 0x00000000e2a00000, 0x00000000e2a00000|100%| O|  |TAMS 0x00000000e2900000, 0x00000000e2900000| Untracked 
|  42|0x00000000e2a00000, 0x00000000e2b00000, 0x00000000e2b00000|100%| O|  |TAMS 0x00000000e2a00000, 0x00000000e2a00000| Untracked 
|  43|0x00000000e2b00000, 0x00000000e2c00000, 0x00000000e2c00000|100%| O|  |TAMS 0x00000000e2b00000, 0x00000000e2b00000| Untracked 
|  44|0x00000000e2c00000, 0x00000000e2d00000, 0x00000000e2d00000|100%| O|  |TAMS 0x00000000e2c00000, 0x00000000e2c00000| Untracked 
|  45|0x00000000e2d00000, 0x00000000e2e00000, 0x00000000e2e00000|100%| O|  |TAMS 0x00000000e2d00000, 0x00000000e2d00000| Untracked 
|  46|0x00000000e2e00000, 0x00000000e2f00000, 0x00000000e2f00000|100%| O|  |TAMS 0x00000000e2e00000, 0x00000000e2e00000| Untracked 
|  47|0x00000000e2f00000, 0x00000000e3000000, 0x00000000e3000000|100%| O|  |TAMS 0x00000000e2f00000, 0x00000000e2f00000| Untracked 
|  48|0x00000000e3000000, 0x00000000e3100000, 0x00000000e3100000|100%| O|  |TAMS 0x00000000e3000000, 0x00000000e3000000| Untracked 
|  49|0x00000000e3100000, 0x00000000e3200000, 0x00000000e3200000|100%| O|  |TAMS 0x00000000e3100000, 0x00000000e3100000| Untracked 
|  50|0x00000000e3200000, 0x00000000e3300000, 0x00000000e3300000|100%| O|  |TAMS 0x00000000e3200000, 0x00000000e3200000| Untracked 
|  51|0x00000000e3300000, 0x00000000e335a000, 0x00000000e3400000| 35%| O|  |TAMS 0x00000000e3300000, 0x00000000e3300000| Untracked 
|  52|0x00000000e3400000, 0x00000000e3500000, 0x00000000e3500000|100%|HS|  |TAMS 0x00000000e3400000, 0x00000000e3400000| Complete 
|  53|0x00000000e3500000, 0x00000000e3600000, 0x00000000e3600000|100%|HC|  |TAMS 0x00000000e3500000, 0x00000000e3500000| Complete 
|  54|0x00000000e3600000, 0x00000000e3700000, 0x00000000e3700000|100%|HC|  |TAMS 0x00000000e3600000, 0x00000000e3600000| Complete 
|  55|0x00000000e3700000, 0x00000000e3800000, 0x00000000e3800000|100%|HC|  |TAMS 0x00000000e3700000, 0x00000000e3700000| Complete 
|  56|0x00000000e3800000, 0x00000000e3900000, 0x00000000e3900000|100%|HC|  |TAMS 0x00000000e3800000, 0x00000000e3800000| Complete 
|  57|0x00000000e3900000, 0x00000000e3900000, 0x00000000e3a00000|  0%| F|  |TAMS 0x00000000e3900000, 0x00000000e3900000| Untracked 
|  58|0x00000000e3a00000, 0x00000000e3a00000, 0x00000000e3b00000|  0%| F|  |TAMS 0x00000000e3a00000, 0x00000000e3a00000| Untracked 
|  59|0x00000000e3b00000, 0x00000000e3b00000, 0x00000000e3c00000|  0%| F|  |TAMS 0x00000000e3b00000, 0x00000000e3b00000| Untracked 
|  60|0x00000000e3c00000, 0x00000000e3c00000, 0x00000000e3d00000|  0%| F|  |TAMS 0x00000000e3c00000, 0x00000000e3c00000| Untracked 
|  61|0x00000000e3d00000, 0x00000000e3d00000, 0x00000000e3e00000|  0%| F|  |TAMS 0x00000000e3d00000, 0x00000000e3d00000| Untracked 
|  62|0x00000000e3e00000, 0x00000000e3e00000, 0x00000000e3f00000|  0%| F|  |TAMS 0x00000000e3e00000, 0x00000000e3e00000| Untracked 
|  63|0x00000000e3f00000, 0x00000000e3f00000, 0x00000000e4000000|  0%| F|  |TAMS 0x00000000e3f00000, 0x00000000e3f00000| Untracked 
|  64|0x00000000e4000000, 0x00000000e4000000, 0x00000000e4100000|  0%| F|  |TAMS 0x00000000e4000000, 0x00000000e4000000| Untracked 
|  65|0x00000000e4100000, 0x00000000e4100000, 0x00000000e4200000|  0%| F|  |TAMS 0x00000000e4100000, 0x00000000e4100000| Untracked 
|  66|0x00000000e4200000, 0x00000000e4200000, 0x00000000e4300000|  0%| F|  |TAMS 0x00000000e4200000, 0x00000000e4200000| Untracked 
|  67|0x00000000e4300000, 0x00000000e4300000, 0x00000000e4400000|  0%| F|  |TAMS 0x00000000e4300000, 0x00000000e4300000| Untracked 
|  68|0x00000000e4400000, 0x00000000e4400000, 0x00000000e4500000|  0%| F|  |TAMS 0x00000000e4400000, 0x00000000e4400000| Untracked 
|  69|0x00000000e4500000, 0x00000000e4500000, 0x00000000e4600000|  0%| F|  |TAMS 0x00000000e4500000, 0x00000000e4500000| Untracked 
|  70|0x00000000e4600000, 0x00000000e4600000, 0x00000000e4700000|  0%| F|  |TAMS 0x00000000e4600000, 0x00000000e4600000| Untracked 
|  71|0x00000000e4700000, 0x00000000e4700000, 0x00000000e4800000|  0%| F|  |TAMS 0x00000000e4700000, 0x00000000e4700000| Untracked 
|  72|0x00000000e4800000, 0x00000000e4800000, 0x00000000e4900000|  0%| F|  |TAMS 0x00000000e4800000, 0x00000000e4800000| Untracked 
|  73|0x00000000e4900000, 0x00000000e4900000, 0x00000000e4a00000|  0%| F|  |TAMS 0x00000000e4900000, 0x00000000e4900000| Untracked 
|  74|0x00000000e4a00000, 0x00000000e4a00000, 0x00000000e4b00000|  0%| F|  |TAMS 0x00000000e4a00000, 0x00000000e4a00000| Untracked 
|  75|0x00000000e4b00000, 0x00000000e4b00000, 0x00000000e4c00000|  0%| F|  |TAMS 0x00000000e4b00000, 0x00000000e4b00000| Untracked 
|  76|0x00000000e4c00000, 0x00000000e4c00000, 0x00000000e4d00000|  0%| F|  |TAMS 0x00000000e4c00000, 0x00000000e4c00000| Untracked 
|  77|0x00000000e4d00000, 0x00000000e4d00000, 0x00000000e4e00000|  0%| F|  |TAMS 0x00000000e4d00000, 0x00000000e4d00000| Untracked 
|  78|0x00000000e4e00000, 0x00000000e4eab6c0, 0x00000000e4f00000| 66%| S|CS|TAMS 0x00000000e4e00000, 0x00000000e4e00000| Complete 
|  79|0x00000000e4f00000, 0x00000000e5000000, 0x00000000e5000000|100%| S|CS|TAMS 0x00000000e4f00000, 0x00000000e4f00000| Complete 
|  80|0x00000000e5000000, 0x00000000e5100000, 0x00000000e5100000|100%| S|CS|TAMS 0x00000000e5000000, 0x00000000e5000000| Complete 
|  81|0x00000000e5100000, 0x00000000e5200000, 0x00000000e5200000|100%| S|CS|TAMS 0x00000000e5100000, 0x00000000e5100000| Complete 
|  82|0x00000000e5200000, 0x00000000e5200000, 0x00000000e5300000|  0%| F|  |TAMS 0x00000000e5200000, 0x00000000e5200000| Untracked 
|  83|0x00000000e5300000, 0x00000000e5300000, 0x00000000e5400000|  0%| F|  |TAMS 0x00000000e5300000, 0x00000000e5300000| Untracked 
|  84|0x00000000e5400000, 0x00000000e5400000, 0x00000000e5500000|  0%| F|  |TAMS 0x00000000e5400000, 0x00000000e5400000| Untracked 
|  85|0x00000000e5500000, 0x00000000e5500000, 0x00000000e5600000|  0%| F|  |TAMS 0x00000000e5500000, 0x00000000e5500000| Untracked 
|  86|0x00000000e5600000, 0x00000000e5600000, 0x00000000e5700000|  0%| F|  |TAMS 0x00000000e5600000, 0x00000000e5600000| Untracked 
|  87|0x00000000e5700000, 0x00000000e5700000, 0x00000000e5800000|  0%| F|  |TAMS 0x00000000e5700000, 0x00000000e5700000| Untracked 
|  88|0x00000000e5800000, 0x00000000e5800000, 0x00000000e5900000|  0%| F|  |TAMS 0x00000000e5800000, 0x00000000e5800000| Untracked 
|  89|0x00000000e5900000, 0x00000000e5900000, 0x00000000e5a00000|  0%| F|  |TAMS 0x00000000e5900000, 0x00000000e5900000| Untracked 
|  90|0x00000000e5a00000, 0x00000000e5a00000, 0x00000000e5b00000|  0%| F|  |TAMS 0x00000000e5a00000, 0x00000000e5a00000| Untracked 
|  91|0x00000000e5b00000, 0x00000000e5b00000, 0x00000000e5c00000|  0%| F|  |TAMS 0x00000000e5b00000, 0x00000000e5b00000| Untracked 
|  92|0x00000000e5c00000, 0x00000000e5c00000, 0x00000000e5d00000|  0%| F|  |TAMS 0x00000000e5c00000, 0x00000000e5c00000| Untracked 
|  93|0x00000000e5d00000, 0x00000000e5d00000, 0x00000000e5e00000|  0%| F|  |TAMS 0x00000000e5d00000, 0x00000000e5d00000| Untracked 
|  94|0x00000000e5e00000, 0x00000000e5e00000, 0x00000000e5f00000|  0%| F|  |TAMS 0x00000000e5e00000, 0x00000000e5e00000| Untracked 
|  95|0x00000000e5f00000, 0x00000000e5f00000, 0x00000000e6000000|  0%| F|  |TAMS 0x00000000e5f00000, 0x00000000e5f00000| Untracked 
|  96|0x00000000e6000000, 0x00000000e6000000, 0x00000000e6100000|  0%| F|  |TAMS 0x00000000e6000000, 0x00000000e6000000| Untracked 
|  97|0x00000000e6100000, 0x00000000e615a218, 0x00000000e6200000| 35%| E|  |TAMS 0x00000000e6100000, 0x00000000e6100000| Complete 
|  98|0x00000000e6200000, 0x00000000e6300000, 0x00000000e6300000|100%| E|CS|TAMS 0x00000000e6200000, 0x00000000e6200000| Complete 
|  99|0x00000000e6300000, 0x00000000e6400000, 0x00000000e6400000|100%| E|CS|TAMS 0x00000000e6300000, 0x00000000e6300000| Complete 
| 100|0x00000000e6400000, 0x00000000e6500000, 0x00000000e6500000|100%| E|CS|TAMS 0x00000000e6400000, 0x00000000e6400000| Complete 
| 101|0x00000000e6500000, 0x00000000e6600000, 0x00000000e6600000|100%| E|CS|TAMS 0x00000000e6500000, 0x00000000e6500000| Complete 
| 102|0x00000000e6600000, 0x00000000e6700000, 0x00000000e6700000|100%| E|CS|TAMS 0x00000000e6600000, 0x00000000e6600000| Complete 
| 103|0x00000000e6700000, 0x00000000e6800000, 0x00000000e6800000|100%| E|CS|TAMS 0x00000000e6700000, 0x00000000e6700000| Complete 
| 104|0x00000000e6800000, 0x00000000e6900000, 0x00000000e6900000|100%| E|CS|TAMS 0x00000000e6800000, 0x00000000e6800000| Complete 
| 105|0x00000000e6900000, 0x00000000e6a00000, 0x00000000e6a00000|100%| E|CS|TAMS 0x00000000e6900000, 0x00000000e6900000| Complete 
| 106|0x00000000e6a00000, 0x00000000e6b00000, 0x00000000e6b00000|100%| E|CS|TAMS 0x00000000e6a00000, 0x00000000e6a00000| Complete 
| 107|0x00000000e6b00000, 0x00000000e6c00000, 0x00000000e6c00000|100%| E|CS|TAMS 0x00000000e6b00000, 0x00000000e6b00000| Complete 
| 108|0x00000000e6c00000, 0x00000000e6d00000, 0x00000000e6d00000|100%| E|CS|TAMS 0x00000000e6c00000, 0x00000000e6c00000| Complete 
| 109|0x00000000e6d00000, 0x00000000e6e00000, 0x00000000e6e00000|100%| E|CS|TAMS 0x00000000e6d00000, 0x00000000e6d00000| Complete 
| 110|0x00000000e6e00000, 0x00000000e6f00000, 0x00000000e6f00000|100%| E|CS|TAMS 0x00000000e6e00000, 0x00000000e6e00000| Complete 
| 111|0x00000000e6f00000, 0x00000000e7000000, 0x00000000e7000000|100%| E|CS|TAMS 0x00000000e6f00000, 0x00000000e6f00000| Complete 
| 112|0x00000000e7000000, 0x00000000e7100000, 0x00000000e7100000|100%| E|CS|TAMS 0x00000000e7000000, 0x00000000e7000000| Complete 
| 113|0x00000000e7100000, 0x00000000e7200000, 0x00000000e7200000|100%| E|CS|TAMS 0x00000000e7100000, 0x00000000e7100000| Complete 
| 114|0x00000000e7200000, 0x00000000e7300000, 0x00000000e7300000|100%| E|CS|TAMS 0x00000000e7200000, 0x00000000e7200000| Complete 
| 115|0x00000000e7300000, 0x00000000e7400000, 0x00000000e7400000|100%| E|CS|TAMS 0x00000000e7300000, 0x00000000e7300000| Complete 
| 116|0x00000000e7400000, 0x00000000e7500000, 0x00000000e7500000|100%| E|CS|TAMS 0x00000000e7400000, 0x00000000e7400000| Complete 
| 117|0x00000000e7500000, 0x00000000e7600000, 0x00000000e7600000|100%| E|CS|TAMS 0x00000000e7500000, 0x00000000e7500000| Complete 
| 118|0x00000000e7600000, 0x00000000e7700000, 0x00000000e7700000|100%| E|CS|TAMS 0x00000000e7600000, 0x00000000e7600000| Complete 
| 119|0x00000000e7700000, 0x00000000e7800000, 0x00000000e7800000|100%| E|CS|TAMS 0x00000000e7700000, 0x00000000e7700000| Complete 
| 120|0x00000000e7800000, 0x00000000e7900000, 0x00000000e7900000|100%| E|CS|TAMS 0x00000000e7800000, 0x00000000e7800000| Complete 
| 121|0x00000000e7900000, 0x00000000e7a00000, 0x00000000e7a00000|100%| E|CS|TAMS 0x00000000e7900000, 0x00000000e7900000| Complete 
| 122|0x00000000e7a00000, 0x00000000e7b00000, 0x00000000e7b00000|100%| E|CS|TAMS 0x00000000e7a00000, 0x00000000e7a00000| Complete 
| 123|0x00000000e7b00000, 0x00000000e7c00000, 0x00000000e7c00000|100%| E|CS|TAMS 0x00000000e7b00000, 0x00000000e7b00000| Complete 
| 124|0x00000000e7c00000, 0x00000000e7d00000, 0x00000000e7d00000|100%| E|CS|TAMS 0x00000000e7c00000, 0x00000000e7c00000| Complete 
| 125|0x00000000e7d00000, 0x00000000e7e00000, 0x00000000e7e00000|100%| E|CS|TAMS 0x00000000e7d00000, 0x00000000e7d00000| Complete 

Card table byte_map: [0x000001d541e80000,0x000001d541f80000] _byte_map_base: 0x000001d541780000

Marking Bits (Prev, Next): (CMBitMap*) 0x000001d52a9fa298, (CMBitMap*) 0x000001d52a9fa2d0
 Prev Bits: [0x000001d542080000, 0x000001d542880000)
 Next Bits: [0x000001d542880000, 0x000001d543080000)

Polling page: 0x000001d528760000

Metaspace:

Usage:
  Non-class:     39.51 MB capacity,    38.79 MB ( 98%) used,   589.92 KB (  1%) free+waste,   139.88 KB ( <1%) overhead. 
      Class:      5.53 MB capacity,     5.04 MB ( 91%) used,   435.70 KB (  8%) free+waste,    67.31 KB (  1%) overhead. 
       Both:     45.04 MB capacity,    43.83 MB ( 97%) used,     1.00 MB (  2%) free+waste,   207.19 KB ( <1%) overhead. 

Virtual space:
  Non-class space:       40.00 MB reserved,      39.75 MB (>99%) committed 
      Class space:        1.00 GB reserved,       5.63 MB ( <1%) committed 
             Both:        1.04 GB reserved,      45.38 MB (  4%) committed 

Chunk freelists:
   Non-Class:  7.13 KB
       Class:  384 bytes
        Both:  7.50 KB

CodeHeap 'non-profiled nmethods': size=120064Kb used=2510Kb max_used=2510Kb free=117554Kb
 bounds [0x000001d53a940000, 0x000001d53abc0000, 0x000001d541e80000]
CodeHeap 'profiled nmethods': size=120000Kb used=8928Kb max_used=8928Kb free=111071Kb
 bounds [0x000001d533410000, 0x000001d533cd0000, 0x000001d53a940000]
CodeHeap 'non-nmethods': size=5696Kb used=1215Kb max_used=1255Kb free=4480Kb
 bounds [0x000001d532e80000, 0x000001d5330f0000, 0x000001d533410000]
 total_blobs=4360 nmethods=3780 adapters=491
 compilation: enabled
              stopped_count=0, restarted_count=0
 full_count=0

Compilation events (10 events):
Event: 9.810 Thread 0x000001d545699000 3868       2       java.util.Collections::addAll (43 bytes)
Event: 9.810 Thread 0x000001d545699000 nmethod 3868 0x000001d533cc6110 code [0x000001d533cc62c0, 0x000001d533cc6488]
Event: 9.823 Thread 0x000001d545699000 3869       2       org.aspectj.apache.bcel.classfile.Unknown::<init> (32 bytes)
Event: 9.823 Thread 0x000001d545699000 nmethod 3869 0x000001d533cc6590 code [0x000001d533cc6760, 0x000001d533cc6b18]
Event: 9.841 Thread 0x000001d545699000 3870       2       java.lang.invoke.VarHandleGuards::guard_LII_Z (70 bytes)
Event: 9.842 Thread 0x000001d545699000 nmethod 3870 0x000001d533cc6d10 code [0x000001d533cc6f40, 0x000001d533cc7568]
Event: 9.842 Thread 0x000001d545699000 3871       2       java.lang.invoke.VarHandleInts$FieldInstanceReadWrite::compareAndSet (24 bytes)
Event: 9.842 Thread 0x000001d545699000 nmethod 3871 0x000001d533cc7a10 code [0x000001d533cc7be0, 0x000001d533cc7ec8]
Event: 10.142 Thread 0x000001d54568a800 nmethod 3736 0x000001d53aba8c90 code [0x000001d53aba91a0, 0x000001d53abb0258]
Event: 10.143 Thread 0x000001d54568a800 3735       4       org.aspectj.weaver.bcel.LazyClassGen::<init> (555 bytes)

GC Heap History (10 events):
Event: 7.462 GC heap before
{Heap before GC invocations=11 (full 0):
 garbage-first heap   total 129024K, used 80538K [0x00000000e0000000, 0x0000000100000000)
  region size 1024K, 43 young (44032K), 2 survivors (2048K)
 Metaspace       used 36790K, capacity 37877K, committed 38144K, reserved 1083392K
  class space    used 4095K, capacity 4529K, committed 4608K, reserved 1048576K
}
Event: 7.467 GC heap after
{Heap after GC invocations=12 (full 0):
 garbage-first heap   total 129024K, used 41746K [0x00000000e0000000, 0x0000000100000000)
  region size 1024K, 5 young (5120K), 5 survivors (5120K)
 Metaspace       used 36790K, capacity 37877K, committed 38144K, reserved 1083392K
  class space    used 4095K, capacity 4529K, committed 4608K, reserved 1048576K
}
Event: 7.746 GC heap before
{Heap before GC invocations=12 (full 0):
 garbage-first heap   total 129024K, used 85778K [0x00000000e0000000, 0x0000000100000000)
  region size 1024K, 48 young (49152K), 5 survivors (5120K)
 Metaspace       used 38220K, capacity 39303K, committed 39552K, reserved 1083392K
  class space    used 4271K, capacity 4707K, committed 4736K, reserved 1048576K
}
Event: 7.759 GC heap after
{Heap after GC invocations=13 (full 0):
 garbage-first heap   total 129024K, used 45016K [0x00000000e0000000, 0x0000000100000000)
  region size 1024K, 4 young (4096K), 4 survivors (4096K)
 Metaspace       used 38220K, capacity 39303K, committed 39552K, reserved 1083392K
  class space    used 4271K, capacity 4707K, committed 4736K, reserved 1048576K
}
Event: 8.007 GC heap before
{Heap before GC invocations=13 (full 0):
 garbage-first heap   total 129024K, used 90072K [0x00000000e0000000, 0x0000000100000000)
  region size 1024K, 48 young (49152K), 4 survivors (4096K)
 Metaspace       used 39584K, capacity 40648K, committed 40832K, reserved 1085440K
  class space    used 4458K, capacity 4899K, committed 4992K, reserved 1048576K
}
Event: 8.014 GC heap after
{Heap after GC invocations=14 (full 0):
 garbage-first heap   total 129024K, used 49244K [0x00000000e0000000, 0x0000000100000000)
  region size 1024K, 5 young (5120K), 5 survivors (5120K)
 Metaspace       used 39584K, capacity 40648K, committed 40832K, reserved 1085440K
  class space    used 4458K, capacity 4899K, committed 4992K, reserved 1048576K
}
Event: 9.321 GC heap before
{Heap before GC invocations=14 (full 0):
 garbage-first heap   total 129024K, used 93276K [0x00000000e0000000, 0x0000000100000000)
  region size 1024K, 48 young (49152K), 5 survivors (5120K)
 Metaspace       used 41754K, capacity 42818K, committed 43136K, reserved 1087488K
  class space    used 4724K, capacity 5154K, committed 5248K, reserved 1048576K
}
Event: 9.328 GC heap after
{Heap after GC invocations=15 (full 0):
 garbage-first heap   total 129024K, used 52699K [0x00000000e0000000, 0x0000000100000000)
  region size 1024K, 4 young (4096K), 4 survivors (4096K)
 Metaspace       used 41754K, capacity 42818K, committed 43136K, reserved 1087488K
  class space    used 4724K, capacity 5154K, committed 5248K, reserved 1048576K
}
Event: 9.642 GC heap before
{Heap before GC invocations=15 (full 0):
 garbage-first heap   total 129024K, used 96731K [0x00000000e0000000, 0x0000000100000000)
  region size 1024K, 47 young (48128K), 4 survivors (4096K)
 Metaspace       used 43626K, capacity 44865K, committed 44928K, reserved 1089536K
  class space    used 4983K, capacity 5500K, committed 5504K, reserved 1048576K
}
Event: 9.649 GC heap after
{Heap after GC invocations=16 (full 0):
 garbage-first heap   total 129024K, used 56341K [0x00000000e0000000, 0x0000000100000000)
  region size 1024K, 4 young (4096K), 4 survivors (4096K)
 Metaspace       used 43626K, capacity 44865K, committed 44928K, reserved 1089536K
  class space    used 4983K, capacity 5500K, committed 5504K, reserved 1048576K
}

Deoptimization events (10 events):
Event: 8.205 Thread 0x000001d547381800 Uncommon trap: reason=unstable_if action=reinterpret pc=0x000001d53ab2aab0 method=java.util.regex.Pattern$BmpCharProperty.match(Ljava/util/regex/Matcher;ILjava/lang/CharSequence;)Z @ 5 c2
Event: 8.229 Thread 0x000001d547381800 Uncommon trap: reason=unstable_if action=reinterpret pc=0x000001d53a9ce14c method=java.lang.String.replace(CC)Ljava/lang/String; @ 2 c2
Event: 8.716 Thread 0x000001d548b5d000 Uncommon trap: reason=class_check action=maybe_recompile pc=0x000001d53aa8e020 method=java.lang.ThreadLocal.setInitialValue()Ljava/lang/Object; @ 31 c2
Event: 9.315 Thread 0x000001d547381800 Uncommon trap: reason=unstable_if action=reinterpret pc=0x000001d53ab500cc method=jdk.internal.org.objectweb.asm.Type.getArgumentsAndReturnSizes(Ljava/lang/String;)I @ 41 c2
Event: 9.328 Thread 0x000001d547381800 Uncommon trap: reason=unstable_if action=reinterpret pc=0x000001d53aa46de8 method=java.util.WeakHashMap.eq(Ljava/lang/Object;Ljava/lang/Object;)Z @ 10 c2
Event: 9.352 Thread 0x000001d547381800 Uncommon trap: reason=unloaded action=reinterpret pc=0x000001d53ab7c6f8 method=org.aspectj.apache.bcel.classfile.Attribute.readAttribute(Ljava/io/DataInputStream;Lorg/aspectj/apache/bcel/classfile/ConstantPool;)Lorg/aspectj/apache/bcel/classfile/Attribute
Event: 9.672 Thread 0x000001d547381800 Uncommon trap: reason=unstable_if action=reinterpret pc=0x000001d53ab4a814 method=org.aspectj.weaver.TypeFactory.createTypeFromSignature(Ljava/lang/String;)Lorg/aspectj/weaver/UnresolvedType; @ 348 c2
Event: 9.722 Thread 0x000001d548b59800 Uncommon trap: reason=unstable_if action=reinterpret pc=0x000001d53aabca74 method=java.lang.CharacterData.of(I)Ljava/lang/CharacterData; @ 15 c2
Event: 9.843 Thread 0x000001d548b59800 Uncommon trap: reason=class_check action=maybe_recompile pc=0x000001d53a9eebec method=java.nio.DirectByteBuffer.<init>(Lsun/nio/ch/DirectBuffer;IIIII)V @ 12 c2
Event: 9.843 Thread 0x000001d548b59800 Uncommon trap: reason=class_check action=maybe_recompile pc=0x000001d53a9eebec method=java.nio.DirectByteBuffer.<init>(Lsun/nio/ch/DirectBuffer;IIIII)V @ 12 c2

Classes redefined (0 events):
No events

Internal exceptions (10 events):
Event: 7.386 Thread 0x000001d547381800 Exception <a 'java/lang/NoSuchMethodError'{0x00000000e5d47b30}: java.lang.invoke.DirectMethodHandle$Holder.invokeInterface(Ljava/lang/Object;Ljava/lang/Object;Ljava/lang/Object;Ljava/lang/Object;)Ljava/lang/Object;> (0x00000000e5d47b30) thrown at [./open/
Event: 7.437 Thread 0x000001d547381800 Exception <a 'java/lang/ClassNotFoundException'{0x00000000e557aee8}: sun/util/logging/resources/spi/loggingProvider> (0x00000000e557aee8) thrown at [./open/src/hotspot/share/classfile/systemDictionary.cpp, line 228]
Event: 8.204 Thread 0x000001d547381800 Exception <a 'java/lang/IncompatibleClassChangeError'{0x00000000e5d90650}: Found class java.lang.Object, but interface was expected> (0x00000000e5d90650) thrown at [./open/src/hotspot/share/interpreter/linkResolver.cpp, line 838]
Event: 9.234 Thread 0x000001d548b5d000 Exception <a 'java/net/SocketTimeoutException'{0x00000000e57ee6b8}: connect timed out> (0x00000000e57ee6b8) thrown at [./open/src/hotspot/share/prims/jni.cpp, line 632]
Event: 9.315 Thread 0x000001d547381800 Exception <a 'java/lang/NoSuchMethodError'{0x00000000e535e9b8}: java.lang.invoke.DirectMethodHandle$Holder.invokeVirtual(Ljava/lang/Object;Ljava/lang/Object;)D> (0x00000000e535e9b8) thrown at [./open/src/hotspot/share/interpreter/linkResolver.cpp, line 77
Event: 9.316 Thread 0x000001d547381800 Exception <a 'java/lang/NoSuchMethodError'{0x00000000e5364f68}: java.lang.invoke.DirectMethodHandle$Holder.invokeVirtual(Ljava/lang/Object;Ljava/lang/Object;)F> (0x00000000e5364f68) thrown at [./open/src/hotspot/share/interpreter/linkResolver.cpp, line 77
Event: 9.316 Thread 0x000001d547381800 Exception <a 'java/lang/NoSuchMethodError'{0x00000000e536dc50}: java.lang.invoke.DirectMethodHandle$Holder.invokeVirtual(Ljava/lang/Object;Ljava/lang/Object;)J> (0x00000000e536dc50) thrown at [./open/src/hotspot/share/interpreter/linkResolver.cpp, line 77
Event: 9.328 Thread 0x000001d547381800 Implicit null exception at 0x000001d53aa4639f to 0x000001d53aa46dc3
Event: 9.364 Thread 0x000001d547381800 Exception <a 'java/lang/NoSuchMethodError'{0x00000000e7812310}: java.lang.invoke.DirectMethodHandle$Holder.invokeStatic(Ljava/lang/Object;Ljava/lang/Object;I)V> (0x00000000e7812310) thrown at [./open/src/hotspot/share/interpreter/linkResolver.cpp, line 77
Event: 9.478 Thread 0x000001d547381800 Exception <a 'java/lang/NoSuchMethodError'{0x00000000e6c43028}: java.lang.invoke.DirectMethodHandle$Holder.invokeSpecialIFC(Ljava/lang/Object;Ljava/lang/Object;Ljava/lang/Object;)I> (0x00000000e6c43028) thrown at [./open/src/hotspot/share/interpreter/link

Events (10 events):
Event: 9.843 Thread 0x000001d548b59800 DEOPT PACKING pc=0x000001d53a9eebec sp=0x0000009db53fd9f0
Event: 9.843 Thread 0x000001d548b59800 DEOPT UNPACKING pc=0x000001d532ea662f sp=0x0000009db53fd9e8 mode 2
Event: 9.843 loading class sun/nio/ch/IOVecWrapper
Event: 9.843 loading class sun/nio/ch/IOVecWrapper done
Event: 9.843 loading class sun/nio/ch/IOVecWrapper$Deallocator
Event: 9.843 loading class sun/nio/ch/IOVecWrapper$Deallocator done
Event: 9.844 loading class io/netty/util/internal/PromiseNotificationUtil
Event: 9.844 loading class io/netty/util/internal/PromiseNotificationUtil done
Event: 9.845 loading class org/asynchttpclient/AsyncHandler$State
Event: 9.845 loading class org/asynchttpclient/AsyncHandler$State done


Dynamic libraries:
0x00007ff762d70000 - 0x00007ff762d7f000 	C:\Program Files\Java\jdk-11.0.12\bin\java.exe
0x00007ffb7c1b0000 - 0x00007ffb7c3a8000 	C:\Windows\SYSTEM32\ntdll.dll
0x00007ffb7ba70000 - 0x00007ffb7bb2d000 	C:\Windows\System32\KERNEL32.DLL
0x00007ffb79df0000 - 0x00007ffb7a0e6000 	C:\Windows\System32\KERNELBASE.dll
0x00007ffb79ae0000 - 0x00007ffb79be0000 	C:\Windows\System32\ucrtbase.dll
0x00007ffb4a970000 - 0x00007ffb4a985000 	C:\Program Files\Java\jdk-11.0.12\bin\VCRUNTIME140.dll
0x00007ffb4b160000 - 0x00007ffb4b178000 	C:\Program Files\Java\jdk-11.0.12\bin\jli.dll
0x00007ffb7bc70000 - 0x00007ffb7bd1e000 	C:\Windows\System32\ADVAPI32.dll
0x00007ffb7b090000 - 0x00007ffb7b12e000 	C:\Windows\System32\msvcrt.dll
0x00007ffb7b960000 - 0x00007ffb7b9fc000 	C:\Windows\System32\sechost.dll
0x00007ffb7a3d0000 - 0x00007ffb7a4f6000 	C:\Windows\System32\RPCRT4.dll
0x00007ffb7bd20000 - 0x00007ffb7bebe000 	C:\Windows\System32\USER32.dll
0x00007ffb7a0f0000 - 0x00007ffb7a112000 	C:\Windows\System32\win32u.dll
0x00007ffb7c140000 - 0x00007ffb7c16c000 	C:\Windows\System32\GDI32.dll
0x00007ffb79890000 - 0x00007ffb799aa000 	C:\Windows\System32\gdi32full.dll
0x00007ffb79a40000 - 0x00007ffb79add000 	C:\Windows\System32\msvcp_win.dll
0x00007ffb5e1f0000 - 0x00007ffb5e48a000 	C:\Windows\WinSxS\amd64_microsoft.windows.common-controls_6595b64144ccf1df_6.0.19041.1110_none_60b5254171f9507e\COMCTL32.dll
0x00007ffb71ab0000 - 0x00007ffb71aba000 	C:\Windows\SYSTEM32\VERSION.dll
0x00007ffb7aca0000 - 0x00007ffb7acd0000 	C:\Windows\System32\IMM32.DLL
0x00007ffb48f40000 - 0x00007ffb48fdb000 	C:\Program Files\Java\jdk-11.0.12\bin\msvcp140.dll
0x00007ffb48440000 - 0x00007ffb48f3f000 	C:\Program Files\Java\jdk-11.0.12\bin\server\jvm.dll
0x00007ffb7a790000 - 0x00007ffb7a798000 	C:\Windows\System32\PSAPI.DLL
0x00007ffb55090000 - 0x00007ffb550b7000 	C:\Windows\SYSTEM32\WINMM.dll
0x00007ffb50f50000 - 0x00007ffb50f59000 	C:\Windows\SYSTEM32\WSOCK32.dll
0x00007ffb7b130000 - 0x00007ffb7b19b000 	C:\Windows\System32\WS2_32.dll
0x00007ffb780b0000 - 0x00007ffb780c2000 	C:\Windows\SYSTEM32\kernel.appcore.dll
0x00007ffb4aba0000 - 0x00007ffb4abb0000 	C:\Program Files\Java\jdk-11.0.12\bin\verify.dll
0x00007ffb64040000 - 0x00007ffb64224000 	C:\Windows\SYSTEM32\DBGHELP.DLL
0x00007ffb59180000 - 0x00007ffb591b4000 	C:\Windows\SYSTEM32\dbgcore.DLL
0x00007ffb799b0000 - 0x00007ffb79a32000 	C:\Windows\System32\bcryptPrimitives.dll
0x00007ffb48fe0000 - 0x00007ffb49008000 	C:\Program Files\Java\jdk-11.0.12\bin\java.dll
0x00007ffb483f0000 - 0x00007ffb483fa000 	C:\Program Files\Java\jdk-11.0.12\bin\jimage.dll
0x00007ffb751d0000 - 0x00007ffb751de000 	C:\Program Files\Java\jdk-11.0.12\bin\instrument.dll
0x00007ffb483d0000 - 0x00007ffb483e6000 	C:\Program Files\Java\jdk-11.0.12\bin\zip.dll
0x00007ffb7b1a0000 - 0x00007ffb7b8e5000 	C:\Windows\System32\SHELL32.dll
0x00007ffb77900000 - 0x00007ffb7809b000 	C:\Windows\SYSTEM32\windows.storage.dll
0x00007ffb7acd0000 - 0x00007ffb7b024000 	C:\Windows\System32\combase.dll
0x00007ffb79260000 - 0x00007ffb7928e000 	C:\Windows\SYSTEM32\Wldp.dll
0x00007ffb7a6e0000 - 0x00007ffb7a78d000 	C:\Windows\System32\SHCORE.dll
0x00007ffb7b030000 - 0x00007ffb7b085000 	C:\Windows\System32\shlwapi.dll
0x00007ffb797c0000 - 0x00007ffb797e5000 	C:\Windows\SYSTEM32\profapi.dll
0x00007ffb47730000 - 0x00007ffb47749000 	C:\Program Files\Java\jdk-11.0.12\bin\net.dll
0x00007ffb68230000 - 0x00007ffb6833a000 	C:\Windows\SYSTEM32\WINHTTP.dll
0x00007ffb78f60000 - 0x00007ffb78fca000 	C:\Windows\system32\mswsock.dll
0x00007ffb47710000 - 0x00007ffb47722000 	C:\Program Files\Java\jdk-11.0.12\bin\nio.dll
0x00007ffb791c0000 - 0x00007ffb791d8000 	C:\Windows\SYSTEM32\CRYPTSP.dll
0x00007ffb78870000 - 0x00007ffb788a4000 	C:\Windows\system32\rsaenh.dll
0x00007ffb7a190000 - 0x00007ffb7a1b7000 	C:\Windows\System32\bcrypt.dll
0x00007ffb79780000 - 0x00007ffb797ae000 	C:\Windows\SYSTEM32\USERENV.dll
0x00007ffb791b0000 - 0x00007ffb791bc000 	C:\Windows\SYSTEM32\CRYPTBASE.dll
0x00007ffb78c50000 - 0x00007ffb78c8b000 	C:\Windows\SYSTEM32\IPHLPAPI.DLL
0x00007ffb7b8f0000 - 0x00007ffb7b8f8000 	C:\Windows\System32\NSI.dll
0x00007ffb69ce0000 - 0x00007ffb69cf7000 	C:\Windows\SYSTEM32\dhcpcsvc6.DLL
0x00007ffb6ac90000 - 0x00007ffb6acad000 	C:\Windows\SYSTEM32\dhcpcsvc.DLL
0x00007ffb78c90000 - 0x00007ffb78d5a000 	C:\Windows\SYSTEM32\DNSAPI.dll
0x00007ffb3cb90000 - 0x00007ffb3cba7000 	C:\Windows\system32\napinsp.dll
0x00007ffb3cb70000 - 0x00007ffb3cb8b000 	C:\Windows\system32\pnrpnsp.dll
0x00007ffb52d90000 - 0x00007ffb52da5000 	C:\Windows\system32\wshbth.dll
0x00007ffb75070000 - 0x00007ffb7508d000 	C:\Windows\system32\NLAapi.dll
0x00007ffb3cb50000 - 0x00007ffb3cb62000 	C:\Windows\System32\winrnr.dll
0x00007ffb5b4d0000 - 0x00007ffb5b4da000 	C:\Windows\System32\rasadhlp.dll
0x00007ffb5b5e0000 - 0x00007ffb5b662000 	C:\Windows\System32\fwpuclnt.dll
0x00007ffb75330000 - 0x00007ffb75339000 	C:\Program Files\Java\jdk-11.0.12\bin\management.dll
0x00007ffb75040000 - 0x00007ffb7504b000 	C:\Program Files\Java\jdk-11.0.12\bin\management_ext.dll
0x00007ffb40c90000 - 0x00007ffb40c9d000 	C:\Program Files\Java\jdk-11.0.12\bin\sunmscapi.dll
0x00007ffb79be0000 - 0x00007ffb79d3e000 	C:\Windows\System32\CRYPT32.dll
0x00007ffb792d0000 - 0x00007ffb792f8000 	C:\Windows\SYSTEM32\ncrypt.dll
0x00007ffb79290000 - 0x00007ffb792cb000 	C:\Windows\SYSTEM32\NTASN1.dll
0x00007ffb41090000 - 0x00007ffb410b5000 	C:\Program Files\Java\jdk-11.0.12\bin\sunec.dll

dbghelp: loaded successfully - version: 4.0.5 - missing functions: none
symbol engine: initialized successfully - sym options: 0x614 - pdb path: .;C:\Program Files\Java\jdk-11.0.12\bin;C:\Windows\SYSTEM32;C:\Windows\WinSxS\amd64_microsoft.windows.common-controls_6595b64144ccf1df_6.0.19041.1110_none_60b5254171f9507e;C:\Program Files\Java\jdk-11.0.12\bin\server

VM Arguments:
jvm_args: -Daction.aware.typeAhead=false -Dallure.results.directory=C:\Users\User\senama-soft-autotests\build\allure-results -Dawt.toolkit=sun.awt.windows.WToolkit -Dcom.jetbrains.suppressWindowRaise=false -Dfile.separator=\ -Dide.native.launcher=true -Didea.active=true -Didea.cycle.buffer.size=1024 -Didea.dynamic.classpath=false -Didea.fatal.error.notification=disabled -Didea.jre.check=true -Didea.max.content.load.filesize=20000 -Didea.max.intellisense.filesize=2500 -Didea.no.launcher=false -Didea.paths.selector=IdeaIC2021.2 -Didea.platform.prefix=Idea -Didea.popup.weight=heavy -Didea.vendor.name=JetBrains -Didea.version=2021.2.2 -Didea.xdebug.key=-Xdebug -Dio.netty.allocator.cacheTrimIntervalMillis=600000 -Dio.netty.allocator.numDirectArenas=1 -Dio.netty.allocator.numHeapArenas=1 -Dio.netty.allocator.useCacheForAllThreads=false -Dio.netty.machineId=28:f0:76:ff:fe:16:65:0e -Dio.netty.processId=41538 -Dio.netty.serviceThreadPrefix=Netty  -Djava.awt.graphicsenv=sun.awt.Win32GraphicsEnvironment -Djava.awt.printerjob=sun.awt.windows.WPrinterJob -Djava.class.version=55.0 -Djava.home=C:\Program Files\Java\jdk-11.0.12 -Djava.library.path=C:\Program Files\Java\jdk-11.0.12\bin;C:\Windows\Sun\Java\bin;C:\Windows\system32;C:\Windows;C:\Program Files\Common Files\Oracle\Java\javapath;C:\Windows\system32;C:\Windows;C:\Windows\System32\Wbem;C:\Windows\System32\WindowsPowerShell\v1.0\;C:\Windows\System32\OpenSSH\;C:\Program Files\7-Zip;C:\Program Files\Git\cmd;C:\Users\User\apache-maven-3.8.6\bin;C:\Gradle\bin;C:\Users\User\AppData\Local\Microsoft\WindowsApps;;C:\Program Files\JetBrains\IntelliJ IDEA Community Edition 2021.2.2\bin;;. -Djava.rmi.server.disableHttp=true -Djava.rmi.server.hostname=127.0.0.1 -Djava.runtime.name=OpenJDK Runtime Environment -Djava.runtime.version=11.0.12+8-LTS-237 -Djava.specification.name=Java Platform API Specification -Djava.specification.vendor=Oracle Corporation -Djava.specification.version=11 -Djava.util.concurrent.ForkJoinPool.common.threadFactory=com.intellij.concurrency.IdeaForkJoinWorkerThreadFactory -Djava.vendor=Oracle Corporation -Djava.vendor.url=https://openjdk.java.net/ -Djava.vendor.url.bug=https://bugreport.java.com/bugreport/ -Djava.vendor.version=JBR-11.0.12.7-1504.28-jcef -Djava.version=11.0.12 -Djava.version.date=2021-07-20 -Djava.vm.compressedOopsMode=32-bit -Djava.vm.info=mixed mode -Djava.vm.name=Java HotSpot(TM) 64-Bit Server VM -Djava.vm.specification.name=Java Virtual Machine Specification -Djava.vm.specification.vendor=Oracle Corporation -Djava.vm.specification.version=11 -Djava.vm.vendor=Oracle Corporation -Djava.vm.version=11.0.12+8-LTS-237 -Djavax.swing.rebaseCssSizeMap=true -Djb.vmOptionsFile=C:\Users\User\AppData\Roaming\JetBrains\IdeaIC2021.2\idea64.exe.vmoptions -Djdk.attach.allowAttachSelf=true -Djdk.debug=release -Djdk.http.auth.tunneling.disabledSchemes= -Djdk.module.illegalAccess.silent=true -Djna.loaded=true -Djna.nosys=true -Djna.tmpdir=C:\Users\User\AppData\Local\JetBrains\IdeaIC2021.2/tmp -Djnidispatch.path=C:\Users\User\AppData\Local\JetBrains\IdeaIC2021.2\tmp\jna15963756339529529596.dll -Djunit.jupiter.extensions.autodetection.enabled=true -Dkotlin.daemon.jvm.options=--illegal-access=permit -Dkotlinx.coroutines.debug=off -Dlibrary.jansi.path=C:\Users\User\.gradle\native\jansi\1.18\windows64 -Dline.separator=
 -Dlog4j.defaultInitOverride=true -Dorg.gradle.internal.worker.tmpdir=C:\Users\User\senama-soft-autotests\build\tmp\test\work -Dorg.gradle.native=false -Dos.arch=amd64 -Dos.name=Windows 10 -Dos.version=10.0 -Dpath.separator=; -Dpty4j.preferred.native.folder=C:\Program Files\JetBrains\IntelliJ IDEA Community Edition 2021.2.2\lib\pty4j-native -Dpty4j.tmpdir=C:\Users\User\AppData\Local\JetBrains\IdeaIC2021.2/tmp -Dsplash=true -Dsun.arch.data.model=64 -Dsun.boot.library.path=C:\Program Files\Java\jdk-11.0.12\bin -Dsun.cpu.endian=little -Dsun.cpu.isalist=amd64 -Dsun.desktop=windows -Dsun.io.unicode.encoding=UnicodeLittle -Dsun.jnu.encoding=Cp1251 -Dsun.management.compiler=HotSpot 64-Bit Tiered Compilers -Dsun.os.patch.level -Dswing.bufferPerWindow=false -Duser.dir=C:\Users\User\senama-soft-autotests -Duser.home=C:\Users\User -Duser.name=User -Duser.script -Duser.timezone=GMT+03:00 -Dwinp.folder.preferred=C:\Users\User\AppData\Local\JetBrains\IdeaIC2021.2/tmp -javaagent:C:\Users\User\.gradle\caches\modules-2\files-2.1\org.aspectj\aspectjweaver\1.9.9.1\dcd2703279a94ad909fa3f3d08671cb0f2dabf7\aspectjweaver-1.9.9.1.jar --add-opens=java.base/java.util=ALL-UNNAMED --add-opens=java.base/java.lang=ALL-UNNAMED -Xmx512m -Dfile.encoding=Cp1251 -Djava.io.tmpdir=C:\Users\User\AppData\Local\Temp\ -Duser.country=RU -Duser.language=ru -Duser.variant -ea 
java_command: worker.org.gradle.process.internal.worker.GradleWorkerMain 'Gradle Test Executor 1'
java_class_path (initial): C:\\Users\\User\\.gradle\\caches\\7.1\\workerMain\\gradle-worker.jar;C:\\Users\\User\\senama-soft-autotests\\build\\classes\\java\\test;C:\\Users\\User\\senama-soft-autotests\\build\\resources\\test;C:\\Users\\User\\senama-soft-autotests\\build\\classes\\java\\main;C:\\Users\\User\\senama-soft-autotests\\build\\resources\\main;C:\\Users\\User\\.gradle\\caches\\modules-2\\files-2.1\\com.codeborne\\selenide\\6.16.0\\6f5f9bf423528995cb792929810f81deb3821556\\selenide-6.16.0.jar;C:\\Users\\User\\.gradle\\caches\\modules-2\\files-2.1\\com.github.javafaker\\javafaker\\1.0.2\\be0ff271b1208416822db4438864df47f90af92f\\javafaker-1.0.2.jar;C:\\Users\\User\\.gradle\\caches\\modules-2\\files-2.1\\org.junit.jupiter\\junit-jupiter-params\\5.9.3\\9e2a4bf6016a1975f408a73523392875cff7c26f\\junit-jupiter-params-5.9.3.jar;C:\\Users\\User\\.gradle\\caches\\modules-2\\files-2.1\\org.junit.jupiter\\junit-jupiter-engine\\5.9.3\\355322b03bf39306a183162cd06626c206f0286b\\junit-jupiter-engine-5.9.3.jar;C:\\Users\\User\\.gradle\\caches\\modules-2\\files-2.1\\io.qameta.allure\\allure-junit5\\2.24.0\\15315dae33abf784c4185719172d541dfde3ceb9\\allure-junit5-2.24.0.jar;C:\\Users\\User\\.gradle\\caches\\modules-2\\files-2.1\\io.qameta.allure\\allure-junit-platform\\2.24.0\\a9cbe33ec88c20b09d74e15e70e633d69c6d98ea\\allure-junit-platform-2.24.0.jar;C:\\Users\\User\\.gradle\\caches\\modules-2\\files-2.1\\org.junit.jupiter\\junit-jupiter-api\\5.9.3\\815818ad6ffcc8d320d8fbdf3d748c753cf83201\\junit-jupiter-api-5.9.3.jar;C:\\Users\\User\\.gradle\\caches\\modules-2\\files-2.1\\org.junit.platform\\junit-platform-launcher\\1.9.3\\485650bfe2a2f39b606a6ca013285afda2eaee79\\junit-platform-launcher-1.9.3.jar;C:\\Users\\User\\.gradle\\caches\\modules-2\\files-2.1\\org.junit.platform\\junit-platform-engine\\1.9.3\\8616734a190f8d307376aeb7353dba0a2c037a09\\junit-platform-engine-1.9.3.jar;C:\\Users\\User\\.gradle\\caches\\modules-2\\files-2.1\\org.junit.platform\\junit-platform-commons\\
Launcher Type: SUN_STANDARD

[Global flags]
     intx CICompilerCount                          = 3                                         {product} {ergonomic}
     uint ConcGCThreads                            = 1                                         {product} {ergonomic}
     uint G1ConcRefinementThreads                  = 4                                         {product} {ergonomic}
   size_t G1HeapRegionSize                         = 1048576                                   {product} {ergonomic}
    uintx GCDrainStackTargetSize                   = 64                                        {product} {ergonomic}
   size_t InitialHeapSize                          = 132120576                                 {product} {ergonomic}
   size_t MarkStackSize                            = 4194304                                   {product} {ergonomic}
   size_t MaxHeapSize                              = 536870912                                 {product} {command line}
   size_t MaxNewSize                               = 321912832                                 {product} {ergonomic}
   size_t MinHeapDeltaBytes                        = 1048576                                   {product} {ergonomic}
    uintx NonNMethodCodeHeapSize                   = 5830732                                {pd product} {ergonomic}
    uintx NonProfiledCodeHeapSize                  = 122913754                              {pd product} {ergonomic}
    uintx ProfiledCodeHeapSize                     = 122913754                              {pd product} {ergonomic}
    uintx ReservedCodeCacheSize                    = 251658240                              {pd product} {ergonomic}
     bool SegmentedCodeCache                       = true                                      {product} {ergonomic}
     bool UseCompressedClassPointers               = true                                 {lp64_product} {ergonomic}
     bool UseCompressedOops                        = true                                 {lp64_product} {ergonomic}
     bool UseG1GC                                  = true                                      {product} {ergonomic}
     bool UseLargePagesIndividualAllocation        = false                                  {pd product} {ergonomic}

Logging:
Log output configuration:
 #0: stdout all=warning uptime,level,tags
 #1: stderr all=off uptime,level,tags

Environment Variables:
JAVA_HOME=C:\Program Files\Java\jdk-11.0.12
PATH=C:\Program Files\Common Files\Oracle\Java\javapath;C:\Windows\system32;C:\Windows;C:\Windows\System32\Wbem;C:\Windows\System32\WindowsPowerShell\v1.0\;C:\Windows\System32\OpenSSH\;C:\Program Files\7-Zip;C:\Program Files\Git\cmd;C:\Users\User\apache-maven-3.8.6\bin;C:\Gradle\bin;C:\Users\User\AppData\Local\Microsoft\WindowsApps;;C:\Program Files\JetBrains\IntelliJ IDEA Community Edition 2021.2.2\bin;
USERNAME=User
OS=Windows_NT
PROCESSOR_IDENTIFIER=Intel64 Family 6 Model 142 Stepping 12, GenuineIntel



---------------  S Y S T E M  ---------------

OS: Windows 10 , 64 bit Build 19041 (10.0.19041.3393)

CPU:total 4 (initial active 4) (2 cores per cpu, 2 threads per core) family 6 model 142 stepping 12 microcode 0xd6, cmov, cx8, fxsr, mmx, sse, sse2, sse3, ssse3, sse4.1, sse4.2, popcnt, avx, avx2, aes, clmul, erms, 3dnowpref, lzcnt, ht, tsc, tscinvbit, bmi1, bmi2, adx, fma

Memory: 4k page, system-wide physical 7996M (186M free)
TotalPageFile size 7996M (AvailPageFile size 4M)
current process WorkingSet (physical memory assigned to process): 267M, peak: 279M
current process commit charge ("private bytes"): 299M, peak: 309M

vm_info: Java HotSpot(TM) 64-Bit Server VM (11.0.12+8-LTS-237) for windows-amd64 JRE (11.0.12+8-LTS-237), built on Jun  8 2021 11:25:59 by "mach5one" with MS VC++ 15.9 (VS2017)

END.
