#
# There is insufficient memory for the Java Runtime Environment to continue.
# Native memory allocation (malloc) failed to allocate 65552 bytes for Chunk::new
# Possible reasons:
#   The system is out of physical RAM or swap space
#   The process is running with CompressedOops enabled, and the Java Heap may be blocking the growth of the native heap
# Possible solutions:
#   Reduce memory load on the system
#   Increase physical memory or swap space
#   Check if swap backing store is full
#   Decrease Java heap size (-Xmx/-Xms)
#   Decrease number of Java threads
#   Decrease Java thread stack sizes (-Xss)
#   Set larger code cache with -XX:ReservedCodeCacheSize=
#   JVM is running with Unscaled Compressed Oops mode in which the Java heap is
#     placed in the first 4GB address space. The Java Heap base address is the
#     maximum limit for the native heap growth. Please use -XX:HeapBaseMinAddress
#     to set the Java Heap base and to place the Java Heap above 4GB virtual address.
# This output file may be truncated or incomplete.
#
#  Out of Memory Error (./open/src/hotspot/share/memory/arena.cpp:197), pid=6348, tid=10484
#
# JRE version: Java(TM) SE Runtime Environment 18.9 (11.0.12+8) (build 11.0.12+8-LTS-237)
# Java VM: Java HotSpot(TM) 64-Bit Server VM 18.9 (11.0.12+8-LTS-237, mixed mode, tiered, compressed oops, g1 gc, windows-amd64)
# No core dump will be written. Minidumps are not enabled by default on client versions of Windows
#

---------------  S U M M A R Y ------------

Command Line: -Daction.aware.typeAhead=false -Dallure.results.directory=C:\Users\User\senama-soft-autotests\build\allure-results -Dawt.toolkit=sun.awt.windows.WToolkit -Dcom.jetbrains.suppressWindowRaise=false -Dfile.separator=\ -Dide.native.launcher=true -Didea.active=true -Didea.cycle.buffer.size=1024 -Didea.dynamic.classpath=false -Didea.fatal.error.notification=disabled -Didea.jre.check=true -Didea.max.content.load.filesize=20000 -Didea.max.intellisense.filesize=2500 -Didea.no.launcher=false -Didea.paths.selector=IdeaIC2021.2 -Didea.platform.prefix=Idea -Didea.popup.weight=heavy -Didea.vendor.name=JetBrains -Didea.version=2021.2.2 -Didea.xdebug.key=-Xdebug -Dio.netty.allocator.cacheTrimIntervalMillis=600000 -Dio.netty.allocator.numDirectArenas=1 -Dio.netty.allocator.numHeapArenas=1 -Dio.netty.allocator.useCacheForAllThreads=false -Dio.netty.machineId=28:f0:76:ff:fe:16:65:0e -Dio.netty.processId=59565 -Dio.netty.serviceThreadPrefix=Netty  -Djava.awt.graphicsenv=sun.awt.Win32GraphicsEnvironment -Djava.awt.printerjob=sun.awt.windows.WPrinterJob -Djava.class.version=55.0 -Djava.home=C:\Program Files\Java\jdk-11.0.12 -Djava.library.path=C:\Program Files\Java\jdk-11.0.12\bin;C:\Windows\Sun\Java\bin;C:\Windows\system32;C:\Windows;C:\Program Files\Common Files\Oracle\Java\javapath;C:\Windows\system32;C:\Windows;C:\Windows\System32\Wbem;C:\Windows\System32\WindowsPowerShell\v1.0\;C:\Windows\System32\OpenSSH\;C:\Program Files\7-Zip;C:\Program Files\Git\cmd;C:\Users\User\apache-maven-3.8.6\bin;C:\Gradle\bin;C:\Users\User\AppData\Local\Microsoft\WindowsApps;;C:\Program Files\JetBrains\IntelliJ IDEA Community Edition 2021.2.2\bin;;. -Djava.rmi.server.disableHttp=true -Djava.rmi.server.hostname=127.0.0.1 -Djava.runtime.name=OpenJDK Runtime Environment -Djava.runtime.version=11.0.12+8-LTS-237 -Djava.specification.name=Java Platform API Specification -Djava.specification.vendor=Oracle Corporation -Djava.specification.version=11 -Djava.util.concurrent.ForkJoinPool.common.threadFactory=com.intellij.concurrency.IdeaForkJoinWorkerThreadFactory -Djava.vendor=Oracle Corporation -Djava.vendor.url=https://openjdk.java.net/ -Djava.vendor.url.bug=https://bugreport.java.com/bugreport/ -Djava.vendor.version=JBR-11.0.12.7-1504.28-jcef -Djava.version=11.0.12 -Djava.version.date=2021-07-20 -Djava.vm.compressedOopsMode=32-bit -Djava.vm.info=mixed mode -Djava.vm.name=Java HotSpot(TM) 64-Bit Server VM -Djava.vm.specification.name=Java Virtual Machine Specification -Djava.vm.specification.vendor=Oracle Corporation -Djava.vm.specification.version=11 -Djava.vm.vendor=Oracle Corporation -Djava.vm.version=11.0.12+8-LTS-237 -Djavax.swing.rebaseCssSizeMap=true -Djb.vmOptionsFile=C:\Users\User\AppData\Roaming\JetBrains\IdeaIC2021.2\idea64.exe.vmoptions -Djdk.attach.allowAttachSelf=true -Djdk.debug=release -Djdk.http.auth.tunneling.disabledSchemes= -Djdk.module.illegalAccess.silent=true -Djna.loaded=true -Djna.nosys=true -Djna.tmpdir=C:\Users\User\AppData\Local\JetBrains\IdeaIC2021.2/tmp -Djnidispatch.path=C:\Users\User\AppData\Local\JetBrains\IdeaIC2021.2\tmp\jna1439064091609737196.dll -Djunit.jupiter.extensions.autodetection.enabled=true -Dkotlin.daemon.jvm.options=--illegal-access=permit -Dkotlinx.coroutines.debug=off -Dlibrary.jansi.path=C:\Users\User\.gradle\native\jansi\1.18\windows64 -Dline.separator=
 -Dlog4j.defaultInitOverride=true -Dorg.gradle.internal.worker.tmpdir=C:\Users\User\senama-soft-autotests\build\tmp\test\work -Dorg.gradle.native=false -Dos.arch=amd64 -Dos.name=Windows 10 -Dos.version=10.0 -Dpath.separator=; -Dpty4j.preferred.native.folder=C:\Program Files\JetBrains\IntelliJ IDEA Community Edition 2021.2.2\lib\pty4j-native -Dpty4j.tmpdir=C:\Users\User\AppData\Local\JetBrains\IdeaIC2021.2/tmp -Dsplash=true -Dsun.arch.data.model=64 -Dsun.boot.library.path=C:\Program Files\Java\jdk-11.0.12\bin -Dsun.cpu.endian=little -Dsun.cpu.isalist=amd64 -Dsun.desktop=windows -Dsun.io.unicode.encoding=UnicodeLittle -Dsun.jnu.encoding=Cp1251 -Dsun.management.compiler=HotSpot 64-Bit Tiered Compilers -Dsun.os.patch.level -Dswing.bufferPerWindow=false -Duser.dir=C:\Users\User\senama-soft-autotests -Duser.home=C:\Users\User -Duser.name=User -Duser.script -Duser.timezone=GMT+03:00 -Dwinp.folder.preferred=C:\Users\User\AppData\Local\JetBrains\IdeaIC2021.2/tmp -javaagent:C:\Users\User\.gradle\caches\modules-2\files-2.1\org.aspectj\aspectjweaver\1.9.9.1\dcd2703279a94ad909fa3f3d08671cb0f2dabf7\aspectjweaver-1.9.9.1.jar --add-opens=java.base/java.util=ALL-UNNAMED --add-opens=java.base/java.lang=ALL-UNNAMED -Xmx512m -Dfile.encoding=Cp1251 -Djava.io.tmpdir=C:\Users\User\AppData\Local\Temp\ -Duser.country=RU -Duser.language=ru -Duser.variant -ea worker.org.gradle.process.internal.worker.GradleWorkerMain 'Gradle Test Executor 7'

Host: Intel(R) Core(TM) i3-10110U CPU @ 2.10GHz, 4 cores, 7G,  Windows 10 , 64 bit Build 19041 (10.0.19041.3393)
Time: Thu Sep 21 11:57:12 2023 Беларусь (зима) elapsed time: 10.159338 seconds (0d 0h 0m 10s)

---------------  T H R E A D  ---------------

Current thread (0x000001b2540e0800):  JavaThread "C2 CompilerThread0" daemon [_thread_in_native, id=10484, stack(0x0000001372400000,0x0000001372500000)]


Current CompileTask:
C2:  10159 3542       4       org.aspectj.weaver.ReferenceType::getDeclaredInterfaces (397 bytes)

Stack: [0x0000001372400000,0x0000001372500000]
Native frames: (J=compiled Java code, j=interpreted, Vv=VM code, C=native code)
V  [jvm.dll+0x617d9a]
V  [jvm.dll+0x74eeef]
V  [jvm.dll+0x750599]
V  [jvm.dll+0x750c23]
V  [jvm.dll+0x2438d8]
V  [jvm.dll+0xba6dc]
V  [jvm.dll+0xbac9c]
V  [jvm.dll+0x2b4b87]
V  [jvm.dll+0x52cc86]
V  [jvm.dll+0x20515d]
V  [jvm.dll+0x1ff15a]
V  [jvm.dll+0x1fc1ca]
V  [jvm.dll+0x17f18c]
V  [jvm.dll+0x20b87c]
V  [jvm.dll+0x20997b]
V  [jvm.dll+0x716359]
V  [jvm.dll+0x70f064]
V  [jvm.dll+0x616f66]
C  [ucrtbase.dll+0x21bb2]
C  [KERNEL32.DLL+0x17344]
C  [ntdll.dll+0x526b1]


---------------  P R O C E S S  ---------------

Threads class SMR info:
_java_thread_list=0x000001b25438c9d0, length=23, elements={
0x000001b238a7c800, 0x000001b25375f000, 0x000001b253768800, 0x000001b2540d9800,
0x000001b2540da800, 0x000001b2540df800, 0x000001b2540e0800, 0x000001b253777000,
0x000001b254114000, 0x000001b2536f6800, 0x000001b255086800, 0x000001b25526b800,
0x000001b25532f000, 0x000001b25781b800, 0x000001b257fab800, 0x000001b257894800,
0x000001b258067000, 0x000001b257144800, 0x000001b257f10800, 0x000001b2584d4800,
0x000001b2584d9800, 0x000001b2584d8000, 0x000001b2584d9000
}

Java Threads: ( => current thread )
  0x000001b238a7c800 JavaThread "main" [_thread_blocked, id=220, stack(0x0000001371800000,0x0000001371900000)]
  0x000001b25375f000 JavaThread "Reference Handler" daemon [_thread_blocked, id=5440, stack(0x0000001371f00000,0x0000001372000000)]
  0x000001b253768800 JavaThread "Finalizer" daemon [_thread_blocked, id=5308, stack(0x0000001372000000,0x0000001372100000)]
  0x000001b2540d9800 JavaThread "Signal Dispatcher" daemon [_thread_blocked, id=1412, stack(0x0000001372100000,0x0000001372200000)]
  0x000001b2540da800 JavaThread "Attach Listener" daemon [_thread_blocked, id=2020, stack(0x0000001372200000,0x0000001372300000)]
  0x000001b2540df800 JavaThread "Service Thread" daemon [_thread_blocked, id=10524, stack(0x0000001372300000,0x0000001372400000)]
=>0x000001b2540e0800 JavaThread "C2 CompilerThread0" daemon [_thread_in_native, id=10484, stack(0x0000001372400000,0x0000001372500000)]
  0x000001b253777000 JavaThread "C1 CompilerThread0" daemon [_thread_blocked, id=11140, stack(0x0000001372500000,0x0000001372600000)]
  0x000001b254114000 JavaThread "Sweeper thread" daemon [_thread_blocked, id=5884, stack(0x0000001372600000,0x0000001372700000)]
  0x000001b2536f6800 JavaThread "Common-Cleaner" daemon [_thread_blocked, id=4668, stack(0x0000001372700000,0x0000001372800000)]
  0x000001b255086800 JavaThread "Forwarding newSession on session null to remote" [_thread_in_Java, id=7856, stack(0x0000001372c00000,0x0000001372d00000)]
  0x000001b25526b800 JavaThread "/127.0.0.1:55284 to /127.0.0.1:55282 workers Thread 2" [_thread_blocked, id=2988, stack(0x0000001372d00000,0x0000001372e00000)]
  0x000001b25532f000 JavaThread "/127.0.0.1:55284 to /127.0.0.1:55282 workers Thread 3" [_thread_in_native, id=4464, stack(0x0000001372f00000,0x0000001373000000)]
  0x000001b25781b800 JavaThread "ForkJoinPool.commonPool-worker-3" daemon [_thread_blocked, id=5928, stack(0x0000001373000000,0x0000001373100000)]
  0x000001b257fab800 JavaThread "AsyncHttpClient-1-1" daemon [_thread_blocked, id=6452, stack(0x0000001373100000,0x0000001373200000)]
  0x000001b257894800 JavaThread "Exec Default Executor" daemon [_thread_in_native, id=2712, stack(0x0000001373200000,0x0000001373300000)]
  0x000001b258067000 JavaThread "Exec Stream Pumper" daemon [_thread_in_native, id=9576, stack(0x0000001373300000,0x0000001373400000)]
  0x000001b257144800 JavaThread "Exec Stream Pumper" daemon [_thread_in_native, id=10400, stack(0x0000001373400000,0x0000001373500000)]
  0x000001b257f10800 JavaThread "Driver Service Executor" daemon [_thread_blocked, id=10952, stack(0x0000001373500000,0x0000001373600000)]
  0x000001b2584d4800 JavaThread "Driver Service Executor" daemon [_thread_blocked, id=9648, stack(0x0000001373600000,0x0000001373700000)]
  0x000001b2584d9800 JavaThread "UrlChecker-2" daemon [_thread_blocked, id=1796, stack(0x0000001373700000,0x0000001373800000)]
  0x000001b2584d8000 JavaThread "Keep-Alive-Timer" daemon [_thread_blocked, id=10376, stack(0x0000001373800000,0x0000001373900000)]
  0x000001b2584d9000 JavaThread "AsyncHttpClient-1-2" daemon [_thread_in_native, id=11192, stack(0x0000001373900000,0x0000001373a00000)]

Other Threads:
  0x000001b25373b800 VMThread "VM Thread" [stack: 0x0000001371e00000,0x0000001371f00000] [id=1620]
  0x000001b254700000 WatcherThread [stack: 0x0000001372800000,0x0000001372900000] [id=3216]
  0x000001b238a97800 GCTaskThread "GC Thread#0" [stack: 0x0000001371900000,0x0000001371a00000] [id=320]
  0x000001b25497d800 GCTaskThread "GC Thread#1" [stack: 0x0000001372900000,0x0000001372a00000] [id=10860]
  0x000001b254445800 GCTaskThread "GC Thread#2" [stack: 0x0000001372a00000,0x0000001372b00000] [id=10248]
  0x000001b2554f9000 GCTaskThread "GC Thread#3" [stack: 0x0000001372e00000,0x0000001372f00000] [id=7172]
  0x000001b238aa7800 ConcurrentGCThread "G1 Main Marker" [stack: 0x0000001371a00000,0x0000001371b00000] [id=3248]
  0x000001b238aa9800 ConcurrentGCThread "G1 Conc#0" [stack: 0x0000001371b00000,0x0000001371c00000] [id=10632]
  0x000001b2535a0800 ConcurrentGCThread "G1 Refine#0" [stack: 0x0000001371c00000,0x0000001371d00000] [id=4428]
  0x000001b2535a1000 ConcurrentGCThread "G1 Young RemSet Sampling" [stack: 0x0000001371d00000,0x0000001371e00000] [id=2320]

Threads with active compile tasks:
C2 CompilerThread0  10193 3542       4       org.aspectj.weaver.ReferenceType::getDeclaredInterfaces (397 bytes)

VM state:not at safepoint (normal execution)

VM Mutex/Monitor currently owned by a thread: None

Heap address: 0x00000000e0000000, size: 512 MB, Compressed Oops mode: 32-bit
Narrow klass base: 0x0000000000000000, Narrow klass shift: 3
Compressed class space size: 1073741824 Address: 0x0000000100000000

Heap:
 garbage-first heap   total 129024K, used 80916K [0x00000000e0000000, 0x0000000100000000)
  region size 1024K, 27 young (27648K), 4 survivors (4096K)
 Metaspace       used 42342K, capacity 43586K, committed 43776K, reserved 1087488K
  class space    used 4852K, capacity 5355K, committed 5376K, reserved 1048576K
Heap Regions: E=young(eden), S=young(survivor), O=old, HS=humongous(starts), HC=humongous(continues), CS=collection set, F=free, A=archive, TAMS=top-at-mark-start (previous, next)
|   0|0x00000000e0000000, 0x00000000e0100000, 0x00000000e0100000|100%| O|  |TAMS 0x00000000e0100000, 0x00000000e0000000| Untracked 
|   1|0x00000000e0100000, 0x00000000e0200000, 0x00000000e0200000|100%| O|  |TAMS 0x00000000e0200000, 0x00000000e0100000| Untracked 
|   2|0x00000000e0200000, 0x00000000e0300000, 0x00000000e0300000|100%| O|  |TAMS 0x00000000e0300000, 0x00000000e0200000| Untracked 
|   3|0x00000000e0300000, 0x00000000e0400000, 0x00000000e0400000|100%| O|  |TAMS 0x00000000e0400000, 0x00000000e0300000| Untracked 
|   4|0x00000000e0400000, 0x00000000e0500000, 0x00000000e0500000|100%| O|  |TAMS 0x00000000e0500000, 0x00000000e0400000| Untracked 
|   5|0x00000000e0500000, 0x00000000e0600000, 0x00000000e0600000|100%| O|  |TAMS 0x00000000e0600000, 0x00000000e0500000| Untracked 
|   6|0x00000000e0600000, 0x00000000e0700000, 0x00000000e0700000|100%| O|  |TAMS 0x00000000e0700000, 0x00000000e0600000| Untracked 
|   7|0x00000000e0700000, 0x00000000e0800000, 0x00000000e0800000|100%| O|  |TAMS 0x00000000e0800000, 0x00000000e0700000| Untracked 
|   8|0x00000000e0800000, 0x00000000e0900000, 0x00000000e0900000|100%| O|  |TAMS 0x00000000e0900000, 0x00000000e0800000| Untracked 
|   9|0x00000000e0900000, 0x00000000e0a00000, 0x00000000e0a00000|100%| O|  |TAMS 0x00000000e0a00000, 0x00000000e0900000| Untracked 
|  10|0x00000000e0a00000, 0x00000000e0b00000, 0x00000000e0b00000|100%| O|  |TAMS 0x00000000e0b00000, 0x00000000e0a00000| Untracked 
|  11|0x00000000e0b00000, 0x00000000e0c00000, 0x00000000e0c00000|100%| O|  |TAMS 0x00000000e0c00000, 0x00000000e0b00000| Untracked 
|  12|0x00000000e0c00000, 0x00000000e0d00000, 0x00000000e0d00000|100%| O|  |TAMS 0x00000000e0d00000, 0x00000000e0c00000| Untracked 
|  13|0x00000000e0d00000, 0x00000000e0e00000, 0x00000000e0e00000|100%| O|  |TAMS 0x00000000e0e00000, 0x00000000e0d00000| Untracked 
|  14|0x00000000e0e00000, 0x00000000e0f00000, 0x00000000e0f00000|100%| O|  |TAMS 0x00000000e0f00000, 0x00000000e0e00000| Untracked 
|  15|0x00000000e0f00000, 0x00000000e1000000, 0x00000000e1000000|100%| O|  |TAMS 0x00000000e1000000, 0x00000000e0f00000| Untracked 
|  16|0x00000000e1000000, 0x00000000e1100000, 0x00000000e1100000|100%| O|  |TAMS 0x00000000e1100000, 0x00000000e1000000| Untracked 
|  17|0x00000000e1100000, 0x00000000e1200000, 0x00000000e1200000|100%| O|  |TAMS 0x00000000e1200000, 0x00000000e1100000| Untracked 
|  18|0x00000000e1200000, 0x00000000e1300000, 0x00000000e1300000|100%| O|  |TAMS 0x00000000e1300000, 0x00000000e1200000| Untracked 
|  19|0x00000000e1300000, 0x00000000e1400000, 0x00000000e1400000|100%| O|  |TAMS 0x00000000e1400000, 0x00000000e1300000| Untracked 
|  20|0x00000000e1400000, 0x00000000e1500000, 0x00000000e1500000|100%| O|  |TAMS 0x00000000e1500000, 0x00000000e1400000| Untracked 
|  21|0x00000000e1500000, 0x00000000e1600000, 0x00000000e1600000|100%| O|  |TAMS 0x00000000e1600000, 0x00000000e1500000| Untracked 
|  22|0x00000000e1600000, 0x00000000e1700000, 0x00000000e1700000|100%| O|  |TAMS 0x00000000e1700000, 0x00000000e1600000| Untracked 
|  23|0x00000000e1700000, 0x00000000e1800000, 0x00000000e1800000|100%| O|  |TAMS 0x00000000e1800000, 0x00000000e1700000| Untracked 
|  24|0x00000000e1800000, 0x00000000e1900000, 0x00000000e1900000|100%| O|  |TAMS 0x00000000e1900000, 0x00000000e1800000| Untracked 
|  25|0x00000000e1900000, 0x00000000e1a00000, 0x00000000e1a00000|100%| O|  |TAMS 0x00000000e1a00000, 0x00000000e1900000| Untracked 
|  26|0x00000000e1a00000, 0x00000000e1b00000, 0x00000000e1b00000|100%| O|  |TAMS 0x00000000e1b00000, 0x00000000e1a00000| Untracked 
|  27|0x00000000e1b00000, 0x00000000e1c00000, 0x00000000e1c00000|100%| O|  |TAMS 0x00000000e1c00000, 0x00000000e1b00000| Untracked 
|  28|0x00000000e1c00000, 0x00000000e1d00000, 0x00000000e1d00000|100%| O|  |TAMS 0x00000000e1d00000, 0x00000000e1c00000| Untracked 
|  29|0x00000000e1d00000, 0x00000000e1e00000, 0x00000000e1e00000|100%| O|  |TAMS 0x00000000e1e00000, 0x00000000e1d00000| Untracked 
|  30|0x00000000e1e00000, 0x00000000e1f00000, 0x00000000e1f00000|100%| O|  |TAMS 0x00000000e1f00000, 0x00000000e1e00000| Untracked 
|  31|0x00000000e1f00000, 0x00000000e2000000, 0x00000000e2000000|100%| O|  |TAMS 0x00000000e2000000, 0x00000000e1f00000| Untracked 
|  32|0x00000000e2000000, 0x00000000e2100000, 0x00000000e2100000|100%| O|  |TAMS 0x00000000e2100000, 0x00000000e2000000| Untracked 
|  33|0x00000000e2100000, 0x00000000e2200000, 0x00000000e2200000|100%| O|  |TAMS 0x00000000e2200000, 0x00000000e2100000| Untracked 
|  34|0x00000000e2200000, 0x00000000e2300000, 0x00000000e2300000|100%| O|  |TAMS 0x00000000e2300000, 0x00000000e2200000| Untracked 
|  35|0x00000000e2300000, 0x00000000e2400000, 0x00000000e2400000|100%| O|  |TAMS 0x00000000e2400000, 0x00000000e2300000| Untracked 
|  36|0x00000000e2400000, 0x00000000e2500000, 0x00000000e2500000|100%| O|  |TAMS 0x00000000e2500000, 0x00000000e2400000| Untracked 
|  37|0x00000000e2500000, 0x00000000e2600000, 0x00000000e2600000|100%| O|  |TAMS 0x00000000e2600000, 0x00000000e2500000| Untracked 
|  38|0x00000000e2600000, 0x00000000e2700000, 0x00000000e2700000|100%| O|  |TAMS 0x00000000e2700000, 0x00000000e2600000| Untracked 
|  39|0x00000000e2700000, 0x00000000e2800000, 0x00000000e2800000|100%| O|  |TAMS 0x00000000e2700000, 0x00000000e2700000| Untracked 
|  40|0x00000000e2800000, 0x00000000e2900000, 0x00000000e2900000|100%| O|  |TAMS 0x00000000e2800000, 0x00000000e2800000| Untracked 
|  41|0x00000000e2900000, 0x00000000e2a00000, 0x00000000e2a00000|100%| O|  |TAMS 0x00000000e2900000, 0x00000000e2900000| Untracked 
|  42|0x00000000e2a00000, 0x00000000e2b00000, 0x00000000e2b00000|100%| O|  |TAMS 0x00000000e2a00000, 0x00000000e2a00000| Untracked 
|  43|0x00000000e2b00000, 0x00000000e2c00000, 0x00000000e2c00000|100%| O|  |TAMS 0x00000000e2b00000, 0x00000000e2b00000| Untracked 
|  44|0x00000000e2c00000, 0x00000000e2d00000, 0x00000000e2d00000|100%| O|  |TAMS 0x00000000e2c00000, 0x00000000e2c00000| Untracked 
|  45|0x00000000e2d00000, 0x00000000e2e00000, 0x00000000e2e00000|100%| O|  |TAMS 0x00000000e2d00000, 0x00000000e2d00000| Untracked 
|  46|0x00000000e2e00000, 0x00000000e2f00000, 0x00000000e2f00000|100%| O|  |TAMS 0x00000000e2e00000, 0x00000000e2e00000| Untracked 
|  47|0x00000000e2f00000, 0x00000000e3000000, 0x00000000e3000000|100%| O|  |TAMS 0x00000000e2f00000, 0x00000000e2f00000| Untracked 
|  48|0x00000000e3000000, 0x00000000e306e800, 0x00000000e3100000| 43%| O|  |TAMS 0x00000000e3000000, 0x00000000e3000000| Untracked 
|  49|0x00000000e3100000, 0x00000000e3200000, 0x00000000e3200000|100%|HS|  |TAMS 0x00000000e3100000, 0x00000000e3100000| Complete 
|  50|0x00000000e3200000, 0x00000000e3300000, 0x00000000e3300000|100%|HC|  |TAMS 0x00000000e3200000, 0x00000000e3200000| Complete 
|  51|0x00000000e3300000, 0x00000000e3400000, 0x00000000e3400000|100%|HC|  |TAMS 0x00000000e3300000, 0x00000000e3300000| Complete 
|  52|0x00000000e3400000, 0x00000000e3500000, 0x00000000e3500000|100%|HC|  |TAMS 0x00000000e3400000, 0x00000000e3400000| Complete 
|  53|0x00000000e3500000, 0x00000000e3600000, 0x00000000e3600000|100%|HC|  |TAMS 0x00000000e3500000, 0x00000000e3500000| Complete 
|  54|0x00000000e3600000, 0x00000000e3600000, 0x00000000e3700000|  0%| F|  |TAMS 0x00000000e3600000, 0x00000000e3600000| Untracked 
|  55|0x00000000e3700000, 0x00000000e3700000, 0x00000000e3800000|  0%| F|  |TAMS 0x00000000e3700000, 0x00000000e3700000| Untracked 
|  56|0x00000000e3800000, 0x00000000e3800000, 0x00000000e3900000|  0%| F|  |TAMS 0x00000000e3800000, 0x00000000e3800000| Untracked 
|  57|0x00000000e3900000, 0x00000000e3900000, 0x00000000e3a00000|  0%| F|  |TAMS 0x00000000e3900000, 0x00000000e3900000| Untracked 
|  58|0x00000000e3a00000, 0x00000000e3a00000, 0x00000000e3b00000|  0%| F|  |TAMS 0x00000000e3a00000, 0x00000000e3a00000| Untracked 
|  59|0x00000000e3b00000, 0x00000000e3b00000, 0x00000000e3c00000|  0%| F|  |TAMS 0x00000000e3b00000, 0x00000000e3b00000| Untracked 
|  60|0x00000000e3c00000, 0x00000000e3c00000, 0x00000000e3d00000|  0%| F|  |TAMS 0x00000000e3c00000, 0x00000000e3c00000| Untracked 
|  61|0x00000000e3d00000, 0x00000000e3d00000, 0x00000000e3e00000|  0%| F|  |TAMS 0x00000000e3d00000, 0x00000000e3d00000| Untracked 
|  62|0x00000000e3e00000, 0x00000000e3e00000, 0x00000000e3f00000|  0%| F|  |TAMS 0x00000000e3e00000, 0x00000000e3e00000| Untracked 
|  63|0x00000000e3f00000, 0x00000000e3f00000, 0x00000000e4000000|  0%| F|  |TAMS 0x00000000e3f00000, 0x00000000e3f00000| Untracked 
|  64|0x00000000e4000000, 0x00000000e4000000, 0x00000000e4100000|  0%| F|  |TAMS 0x00000000e4000000, 0x00000000e4000000| Untracked 
|  65|0x00000000e4100000, 0x00000000e4100000, 0x00000000e4200000|  0%| F|  |TAMS 0x00000000e4100000, 0x00000000e4100000| Untracked 
|  66|0x00000000e4200000, 0x00000000e4200000, 0x00000000e4300000|  0%| F|  |TAMS 0x00000000e4200000, 0x00000000e4200000| Untracked 
|  67|0x00000000e4300000, 0x00000000e4300000, 0x00000000e4400000|  0%| F|  |TAMS 0x00000000e4300000, 0x00000000e4300000| Untracked 
|  68|0x00000000e4400000, 0x00000000e4400000, 0x00000000e4500000|  0%| F|  |TAMS 0x00000000e4400000, 0x00000000e4400000| Untracked 
|  69|0x00000000e4500000, 0x00000000e4500000, 0x00000000e4600000|  0%| F|  |TAMS 0x00000000e4500000, 0x00000000e4500000| Untracked 
|  70|0x00000000e4600000, 0x00000000e4600000, 0x00000000e4700000|  0%| F|  |TAMS 0x00000000e4600000, 0x00000000e4600000| Untracked 
|  71|0x00000000e4700000, 0x00000000e4700000, 0x00000000e4800000|  0%| F|  |TAMS 0x00000000e4700000, 0x00000000e4700000| Untracked 
|  72|0x00000000e4800000, 0x00000000e4896978, 0x00000000e4900000| 58%| S|CS|TAMS 0x00000000e4800000, 0x00000000e4800000| Complete 
|  73|0x00000000e4900000, 0x00000000e4a00000, 0x00000000e4a00000|100%| S|CS|TAMS 0x00000000e4900000, 0x00000000e4900000| Complete 
|  74|0x00000000e4a00000, 0x00000000e4b00000, 0x00000000e4b00000|100%| S|CS|TAMS 0x00000000e4a00000, 0x00000000e4a00000| Complete 
|  75|0x00000000e4b00000, 0x00000000e4b00000, 0x00000000e4c00000|  0%| F|  |TAMS 0x00000000e4b00000, 0x00000000e4b00000| Untracked 
|  76|0x00000000e4c00000, 0x00000000e4c00000, 0x00000000e4d00000|  0%| F|  |TAMS 0x00000000e4c00000, 0x00000000e4c00000| Untracked 
|  77|0x00000000e4d00000, 0x00000000e4d00000, 0x00000000e4e00000|  0%| F|  |TAMS 0x00000000e4d00000, 0x00000000e4d00000| Untracked 
|  78|0x00000000e4e00000, 0x00000000e4f00000, 0x00000000e4f00000|100%| S|CS|TAMS 0x00000000e4e00000, 0x00000000e4e00000| Complete 
|  79|0x00000000e4f00000, 0x00000000e4f00000, 0x00000000e5000000|  0%| F|  |TAMS 0x00000000e4f00000, 0x00000000e4f00000| Untracked 
|  80|0x00000000e5000000, 0x00000000e5000000, 0x00000000e5100000|  0%| F|  |TAMS 0x00000000e5000000, 0x00000000e5000000| Untracked 
|  81|0x00000000e5100000, 0x00000000e5100000, 0x00000000e5200000|  0%| F|  |TAMS 0x00000000e5100000, 0x00000000e5100000| Untracked 
|  82|0x00000000e5200000, 0x00000000e5200000, 0x00000000e5300000|  0%| F|  |TAMS 0x00000000e5200000, 0x00000000e5200000| Untracked 
|  83|0x00000000e5300000, 0x00000000e5300000, 0x00000000e5400000|  0%| F|  |TAMS 0x00000000e5300000, 0x00000000e5300000| Untracked 
|  84|0x00000000e5400000, 0x00000000e5400000, 0x00000000e5500000|  0%| F|  |TAMS 0x00000000e5400000, 0x00000000e5400000| Untracked 
|  85|0x00000000e5500000, 0x00000000e5500000, 0x00000000e5600000|  0%| F|  |TAMS 0x00000000e5500000, 0x00000000e5500000| Untracked 
|  86|0x00000000e5600000, 0x00000000e5600000, 0x00000000e5700000|  0%| F|  |TAMS 0x00000000e5600000, 0x00000000e5600000| Untracked 
|  87|0x00000000e5700000, 0x00000000e5700000, 0x00000000e5800000|  0%| F|  |TAMS 0x00000000e5700000, 0x00000000e5700000| Untracked 
|  88|0x00000000e5800000, 0x00000000e5800000, 0x00000000e5900000|  0%| F|  |TAMS 0x00000000e5800000, 0x00000000e5800000| Untracked 
|  89|0x00000000e5900000, 0x00000000e5900000, 0x00000000e5a00000|  0%| F|  |TAMS 0x00000000e5900000, 0x00000000e5900000| Untracked 
|  90|0x00000000e5a00000, 0x00000000e5a00000, 0x00000000e5b00000|  0%| F|  |TAMS 0x00000000e5a00000, 0x00000000e5a00000| Untracked 
|  91|0x00000000e5b00000, 0x00000000e5b00000, 0x00000000e5c00000|  0%| F|  |TAMS 0x00000000e5b00000, 0x00000000e5b00000| Untracked 
|  92|0x00000000e5c00000, 0x00000000e5c00000, 0x00000000e5d00000|  0%| F|  |TAMS 0x00000000e5c00000, 0x00000000e5c00000| Untracked 
|  93|0x00000000e5d00000, 0x00000000e5d00000, 0x00000000e5e00000|  0%| F|  |TAMS 0x00000000e5d00000, 0x00000000e5d00000| Untracked 
|  94|0x00000000e5e00000, 0x00000000e5e00000, 0x00000000e5f00000|  0%| F|  |TAMS 0x00000000e5e00000, 0x00000000e5e00000| Untracked 
|  95|0x00000000e5f00000, 0x00000000e5f00000, 0x00000000e6000000|  0%| F|  |TAMS 0x00000000e5f00000, 0x00000000e5f00000| Untracked 
|  96|0x00000000e6000000, 0x00000000e6000000, 0x00000000e6100000|  0%| F|  |TAMS 0x00000000e6000000, 0x00000000e6000000| Untracked 
|  97|0x00000000e6100000, 0x00000000e6100000, 0x00000000e6200000|  0%| F|  |TAMS 0x00000000e6100000, 0x00000000e6100000| Untracked 
|  98|0x00000000e6200000, 0x00000000e6200000, 0x00000000e6300000|  0%| F|  |TAMS 0x00000000e6200000, 0x00000000e6200000| Untracked 
|  99|0x00000000e6300000, 0x00000000e6300000, 0x00000000e6400000|  0%| F|  |TAMS 0x00000000e6300000, 0x00000000e6300000| Untracked 
| 100|0x00000000e6400000, 0x00000000e6400000, 0x00000000e6500000|  0%| F|  |TAMS 0x00000000e6400000, 0x00000000e6400000| Untracked 
| 101|0x00000000e6500000, 0x00000000e6500000, 0x00000000e6600000|  0%| F|  |TAMS 0x00000000e6500000, 0x00000000e6500000| Untracked 
| 102|0x00000000e6600000, 0x00000000e6680800, 0x00000000e6700000| 50%| E|  |TAMS 0x00000000e6600000, 0x00000000e6600000| Complete 
| 103|0x00000000e6700000, 0x00000000e6800000, 0x00000000e6800000|100%| E|CS|TAMS 0x00000000e6700000, 0x00000000e6700000| Complete 
| 104|0x00000000e6800000, 0x00000000e6900000, 0x00000000e6900000|100%| E|CS|TAMS 0x00000000e6800000, 0x00000000e6800000| Complete 
| 105|0x00000000e6900000, 0x00000000e6a00000, 0x00000000e6a00000|100%| E|CS|TAMS 0x00000000e6900000, 0x00000000e6900000| Complete 
| 106|0x00000000e6a00000, 0x00000000e6b00000, 0x00000000e6b00000|100%| E|CS|TAMS 0x00000000e6a00000, 0x00000000e6a00000| Complete 
| 107|0x00000000e6b00000, 0x00000000e6c00000, 0x00000000e6c00000|100%| E|CS|TAMS 0x00000000e6b00000, 0x00000000e6b00000| Complete 
| 108|0x00000000e6c00000, 0x00000000e6d00000, 0x00000000e6d00000|100%| E|CS|TAMS 0x00000000e6c00000, 0x00000000e6c00000| Complete 
| 109|0x00000000e6d00000, 0x00000000e6e00000, 0x00000000e6e00000|100%| E|CS|TAMS 0x00000000e6d00000, 0x00000000e6d00000| Complete 
| 110|0x00000000e6e00000, 0x00000000e6f00000, 0x00000000e6f00000|100%| E|CS|TAMS 0x00000000e6e00000, 0x00000000e6e00000| Complete 
| 111|0x00000000e6f00000, 0x00000000e7000000, 0x00000000e7000000|100%| E|CS|TAMS 0x00000000e6f00000, 0x00000000e6f00000| Complete 
| 112|0x00000000e7000000, 0x00000000e7100000, 0x00000000e7100000|100%| E|CS|TAMS 0x00000000e7000000, 0x00000000e7000000| Complete 
| 113|0x00000000e7100000, 0x00000000e7200000, 0x00000000e7200000|100%| E|CS|TAMS 0x00000000e7100000, 0x00000000e7100000| Complete 
| 114|0x00000000e7200000, 0x00000000e7300000, 0x00000000e7300000|100%| E|CS|TAMS 0x00000000e7200000, 0x00000000e7200000| Complete 
| 115|0x00000000e7300000, 0x00000000e7400000, 0x00000000e7400000|100%| E|CS|TAMS 0x00000000e7300000, 0x00000000e7300000| Complete 
| 116|0x00000000e7400000, 0x00000000e7500000, 0x00000000e7500000|100%| E|CS|TAMS 0x00000000e7400000, 0x00000000e7400000| Complete 
| 117|0x00000000e7500000, 0x00000000e7600000, 0x00000000e7600000|100%| E|CS|TAMS 0x00000000e7500000, 0x00000000e7500000| Complete 
| 118|0x00000000e7600000, 0x00000000e7700000, 0x00000000e7700000|100%| E|CS|TAMS 0x00000000e7600000, 0x00000000e7600000| Complete 
| 119|0x00000000e7700000, 0x00000000e7800000, 0x00000000e7800000|100%| E|CS|TAMS 0x00000000e7700000, 0x00000000e7700000| Complete 
| 120|0x00000000e7800000, 0x00000000e7900000, 0x00000000e7900000|100%| E|CS|TAMS 0x00000000e7800000, 0x00000000e7800000| Complete 
| 121|0x00000000e7900000, 0x00000000e7a00000, 0x00000000e7a00000|100%| E|CS|TAMS 0x00000000e7900000, 0x00000000e7900000| Complete 
| 122|0x00000000e7a00000, 0x00000000e7b00000, 0x00000000e7b00000|100%| E|CS|TAMS 0x00000000e7a00000, 0x00000000e7a00000| Complete 
| 123|0x00000000e7b00000, 0x00000000e7c00000, 0x00000000e7c00000|100%| E|CS|TAMS 0x00000000e7b00000, 0x00000000e7b00000| Complete 
| 124|0x00000000e7c00000, 0x00000000e7d00000, 0x00000000e7d00000|100%| E|CS|TAMS 0x00000000e7c00000, 0x00000000e7c00000| Complete 
| 125|0x00000000e7d00000, 0x00000000e7e00000, 0x00000000e7e00000|100%| E|CS|TAMS 0x00000000e7d00000, 0x00000000e7d00000| Complete 

Card table byte_map: [0x000001b24ff30000,0x000001b250030000] _byte_map_base: 0x000001b24f830000

Marking Bits (Prev, Next): (CMBitMap*) 0x000001b238aa4880, (CMBitMap*) 0x000001b238aa4848
 Prev Bits: [0x000001b250930000, 0x000001b251130000)
 Next Bits: [0x000001b250130000, 0x000001b250930000)

Polling page: 0x000001b238250000

Metaspace:

Usage:
  Non-class:     37.33 MB capacity,    36.61 MB ( 98%) used,   598.77 KB (  2%) free+waste,   139.06 KB ( <1%) overhead. 
      Class:      5.23 MB capacity,     4.74 MB ( 91%) used,   433.25 KB (  8%) free+waste,    67.56 KB (  1%) overhead. 
       Both:     42.56 MB capacity,    41.35 MB ( 97%) used,     1.01 MB (  2%) free+waste,   206.63 KB ( <1%) overhead. 

Virtual space:
  Non-class space:       38.00 MB reserved,      37.50 MB ( 99%) committed 
      Class space:        1.00 GB reserved,       5.25 MB ( <1%) committed 
             Both:        1.04 GB reserved,      42.75 MB (  4%) committed 

Chunk freelists:
   Non-Class:  5.13 KB
       Class:  2.63 KB
        Both:  7.75 KB

CodeHeap 'non-profiled nmethods': size=120064Kb used=1816Kb max_used=1816Kb free=118247Kb
 bounds [0x000001b2489f0000, 0x000001b248c60000, 0x000001b24ff30000]
CodeHeap 'profiled nmethods': size=120000Kb used=7662Kb max_used=7662Kb free=112337Kb
 bounds [0x000001b2414c0000, 0x000001b241c40000, 0x000001b2489f0000]
CodeHeap 'non-nmethods': size=5696Kb used=1204Kb max_used=1237Kb free=4491Kb
 bounds [0x000001b240f30000, 0x000001b2411a0000, 0x000001b2414c0000]
 total_blobs=4022 nmethods=3458 adapters=475
 compilation: enabled
              stopped_count=0, restarted_count=0
 full_count=0

Compilation events (10 events):
Event: 10.067 Thread 0x000001b253777000 3564       2       org.aspectj.weaver.bcel.BcelObjectType::getOuterClass (405 bytes)
Event: 10.070 Thread 0x000001b253777000 nmethod 3564 0x000001b241c37910 code [0x000001b241c37c80, 0x000001b241c388d8]
Event: 10.070 Thread 0x000001b253777000 3565       2       org.aspectj.weaver.AbstractReferenceTypeDelegate::getFormalTypeParametersFromOuterClass (271 bytes)
Event: 10.073 Thread 0x000001b253777000 nmethod 3565 0x000001b241c39390 code [0x000001b241c397e0, 0x000001b241c3a6a8]
Event: 10.081 Thread 0x000001b253777000 3568       2       java.lang.invoke.MemberName::equals (24 bytes)
Event: 10.081 Thread 0x000001b253777000 nmethod 3568 0x000001b241c3b010 code [0x000001b241c3b1c0, 0x000001b241c3b368]
Event: 10.083 Thread 0x000001b253777000 3569       1       io.netty.util.internal.shaded.org.jctools.queues.BaseMpscLinkedArrayQueueProducerFields::lvProducerIndex (5 bytes)
Event: 10.083 Thread 0x000001b253777000 nmethod 3569 0x000001b248bb5b90 code [0x000001b248bb5d20, 0x000001b248bb5dd8]
Event: 10.089 Thread 0x000001b253777000 3575       1       io.netty.channel.DefaultChannelPipeline::channel (5 bytes)
Event: 10.090 Thread 0x000001b253777000 nmethod 3575 0x000001b248bb5e90 code [0x000001b248bb6020, 0x000001b248bb60d8]

GC Heap History (10 events):
Event: 4.599 GC heap before
{Heap before GC invocations=10 (full 0):
 garbage-first heap   total 129024K, used 87039K [0x00000000e0000000, 0x0000000100000000)
  region size 1024K, 57 young (58368K), 6 survivors (6144K)
 Metaspace       used 34101K, capacity 35153K, committed 35456K, reserved 1081344K
  class space    used 3756K, capacity 4156K, committed 4224K, reserved 1048576K
}
Event: 4.609 GC heap after
{Heap after GC invocations=11 (full 0):
 garbage-first heap   total 129024K, used 40443K [0x00000000e0000000, 0x0000000100000000)
  region size 1024K, 6 young (6144K), 6 survivors (6144K)
 Metaspace       used 34101K, capacity 35153K, committed 35456K, reserved 1081344K
  class space    used 3756K, capacity 4156K, committed 4224K, reserved 1048576K
}
Event: 4.704 GC heap before
{Heap before GC invocations=11 (full 0):
 garbage-first heap   total 129024K, used 57851K [0x00000000e0000000, 0x0000000100000000)
  region size 1024K, 24 young (24576K), 6 survivors (6144K)
 Metaspace       used 34780K, capacity 35799K, committed 35840K, reserved 1081344K
  class space    used 3834K, capacity 4222K, committed 4224K, reserved 1048576K
}
Event: 4.711 GC heap after
{Heap after GC invocations=12 (full 0):
 garbage-first heap   total 129024K, used 41481K [0x00000000e0000000, 0x0000000100000000)
  region size 1024K, 2 young (2048K), 2 survivors (2048K)
 Metaspace       used 34780K, capacity 35799K, committed 35840K, reserved 1081344K
  class space    used 3834K, capacity 4222K, committed 4224K, reserved 1048576K
}
Event: 5.033 GC heap before
{Heap before GC invocations=13 (full 0):
 garbage-first heap   total 129024K, used 91657K [0x00000000e0000000, 0x0000000100000000)
  region size 1024K, 51 young (52224K), 2 survivors (2048K)
 Metaspace       used 36869K, capacity 37947K, committed 38144K, reserved 1083392K
  class space    used 4109K, capacity 4511K, committed 4608K, reserved 1048576K
}
Event: 5.041 GC heap after
{Heap after GC invocations=14 (full 0):
 garbage-first heap   total 129024K, used 45880K [0x00000000e0000000, 0x0000000100000000)
  region size 1024K, 6 young (6144K), 6 survivors (6144K)
 Metaspace       used 36869K, capacity 37947K, committed 38144K, reserved 1083392K
  class space    used 4109K, capacity 4511K, committed 4608K, reserved 1048576K
}
Event: 6.022 GC heap before
{Heap before GC invocations=15 (full 0):
 garbage-first heap   total 129024K, used 95032K [0x00000000e0000000, 0x0000000100000000)
  region size 1024K, 54 young (55296K), 6 survivors (6144K)
 Metaspace       used 39483K, capacity 40673K, committed 40832K, reserved 1085440K
  class space    used 4456K, capacity 4937K, committed 4992K, reserved 1048576K
}
Event: 6.032 GC heap after
{Heap after GC invocations=16 (full 0):
 garbage-first heap   total 129024K, used 49665K [0x00000000e0000000, 0x0000000100000000)
  region size 1024K, 4 young (4096K), 4 survivors (4096K)
 Metaspace       used 39483K, capacity 40673K, committed 40832K, reserved 1085440K
  class space    used 4456K, capacity 4937K, committed 4992K, reserved 1048576K
}
Event: 6.326 GC heap before
{Heap before GC invocations=16 (full 0):
 garbage-first heap   total 129024K, used 97793K [0x00000000e0000000, 0x0000000100000000)
  region size 1024K, 51 young (52224K), 4 survivors (4096K)
 Metaspace       used 41385K, capacity 42574K, committed 42880K, reserved 1087488K
  class space    used 4712K, capacity 5188K, committed 5248K, reserved 1048576K
}
Event: 6.333 GC heap after
{Heap after GC invocations=17 (full 0):
 garbage-first heap   total 129024K, used 53268K [0x00000000e0000000, 0x0000000100000000)
  region size 1024K, 4 young (4096K), 4 survivors (4096K)
 Metaspace       used 41385K, capacity 42574K, committed 42880K, reserved 1087488K
  class space    used 4712K, capacity 5188K, committed 5248K, reserved 1048576K
}

Deoptimization events (10 events):
Event: 6.284 Thread 0x000001b2584d9000 Uncommon trap: reason=unstable_if action=reinterpret pc=0x000001b248b27b74 method=java.lang.CharacterData.of(I)Ljava/lang/CharacterData; @ 15 c2
Event: 6.412 Thread 0x000001b2584d9000 Uncommon trap: reason=unstable_if action=reinterpret pc=0x000001b248a5b99c method=java.io.BufferedInputStream.read()I @ 23 c2
Event: 6.412 Thread 0x000001b2584d9000 Uncommon trap: reason=class_check action=maybe_recompile pc=0x000001b248a9a76c method=java.nio.DirectByteBuffer.<init>(Lsun/nio/ch/DirectBuffer;IIIII)V @ 12 c2
Event: 6.412 Thread 0x000001b2584d9000 Uncommon trap: reason=class_check action=maybe_recompile pc=0x000001b248a9a76c method=java.nio.DirectByteBuffer.<init>(Lsun/nio/ch/DirectBuffer;IIIII)V @ 12 c2
Event: 10.006 Thread 0x000001b2584d9000 Uncommon trap: reason=speculate_class_check action=maybe_recompile pc=0x000001b248bb3778 method=java.lang.ThreadLocal.setInitialValue()Ljava/lang/Object; @ 1 c2
Event: 10.009 Thread 0x000001b2584d9000 Uncommon trap: reason=null_check action=make_not_entrant pc=0x000001b248ba72f4 method=org.aspectj.weaver.bcel.BcelObjectType.getDeclaredInterfaces()[Lorg/aspectj/weaver/ResolvedType; @ 7 c2
Event: 10.013 Thread 0x000001b2584d9000 Uncommon trap: reason=speculate_class_check action=maybe_recompile pc=0x000001b248bb3778 method=java.lang.ThreadLocal.setInitialValue()Ljava/lang/Object; @ 1 c2
Event: 10.015 Thread 0x000001b2584d9000 Uncommon trap: reason=speculate_class_check action=maybe_recompile pc=0x000001b248bb3778 method=java.lang.ThreadLocal.setInitialValue()Ljava/lang/Object; @ 1 c2
Event: 10.017 Thread 0x000001b2584d9000 Uncommon trap: reason=speculate_class_check action=maybe_recompile pc=0x000001b248bb3778 method=java.lang.ThreadLocal.setInitialValue()Ljava/lang/Object; @ 1 c2
Event: 10.021 Thread 0x000001b2584d9000 Uncommon trap: reason=class_check action=maybe_recompile pc=0x000001b248a9a76c method=java.nio.DirectByteBuffer.<init>(Lsun/nio/ch/DirectBuffer;IIIII)V @ 12 c2

Classes redefined (0 events):
No events

Internal exceptions (10 events):
Event: 5.253 Thread 0x000001b257894800 Exception <a 'java/lang/NoSuchMethodError'{0x00000000e63d80e0}: java.lang.invoke.DirectMethodHandle$Holder.invokeStaticInit(Ljava/lang/Object;Ljava/lang/Object;JLjava/lang/Object;)Ljava/lang/Object;> (0x00000000e63d80e0) thrown at [./open/src/hotspot/shar
Event: 5.253 Thread 0x000001b257894800 Exception <a 'java/lang/NoSuchMethodError'{0x00000000e63ddb40}: java.lang.invoke.DirectMethodHandle$Holder.invokeStatic(Ljava/lang/Object;Ljava/lang/Object;J)Ljava/lang/Object;> (0x00000000e63ddb40) thrown at [./open/src/hotspot/share/interpreter/linkReso
Event: 5.254 Thread 0x000001b257894800 Exception <a 'java/lang/NoSuchMethodError'{0x00000000e63e3e10}: java.lang.invoke.Invokers$Holder.linkToTargetMethod(Ljava/lang/Object;JLjava/lang/Object;)Ljava/lang/Object;> (0x00000000e63e3e10) thrown at [./open/src/hotspot/share/interpreter/linkResolver
Event: 5.819 Thread 0x000001b2584d9800 Exception <a 'java/net/SocketTimeoutException'{0x00000000e6179530}: connect timed out> (0x00000000e6179530) thrown at [./open/src/hotspot/share/prims/jni.cpp, line 632]
Event: 5.901 Thread 0x000001b255086800 Exception <a 'java/lang/NoSuchMethodError'{0x00000000e5ea42c8}: java.lang.invoke.DirectMethodHandle$Holder.invokeVirtual(Ljava/lang/Object;Ljava/lang/Object;)D> (0x00000000e5ea42c8) thrown at [./open/src/hotspot/share/interpreter/linkResolver.cpp, line 77
Event: 5.902 Thread 0x000001b255086800 Exception <a 'java/lang/NoSuchMethodError'{0x00000000e5eaa878}: java.lang.invoke.DirectMethodHandle$Holder.invokeVirtual(Ljava/lang/Object;Ljava/lang/Object;)F> (0x00000000e5eaa878) thrown at [./open/src/hotspot/share/interpreter/linkResolver.cpp, line 77
Event: 5.902 Thread 0x000001b255086800 Exception <a 'java/lang/NoSuchMethodError'{0x00000000e5eb3508}: java.lang.invoke.DirectMethodHandle$Holder.invokeVirtual(Ljava/lang/Object;Ljava/lang/Object;)J> (0x00000000e5eb3508) thrown at [./open/src/hotspot/share/interpreter/linkResolver.cpp, line 77
Event: 5.946 Thread 0x000001b255086800 Exception <a 'java/lang/NoSuchMethodError'{0x00000000e5899468}: java.lang.invoke.DirectMethodHandle$Holder.invokeStatic(Ljava/lang/Object;Ljava/lang/Object;I)V> (0x00000000e5899468) thrown at [./open/src/hotspot/share/interpreter/linkResolver.cpp, line 77
Event: 6.049 Thread 0x000001b255086800 Exception <a 'java/lang/NoSuchMethodError'{0x00000000e7b93f68}: java.lang.invoke.DirectMethodHandle$Holder.invokeSpecialIFC(Ljava/lang/Object;Ljava/lang/Object;Ljava/lang/Object;)I> (0x00000000e7b93f68) thrown at [./open/src/hotspot/share/interpreter/link
Event: 10.009 Thread 0x000001b2584d9000 Implicit null exception at 0x000001b248ba4470 to 0x000001b248ba72e8

Events (10 events):
Event: 10.149 loading class com/google/common/base/CharMatcher$InRange
Event: 10.149 loading class com/google/common/base/CharMatcher$InRange done
Event: 10.151 loading class com/google/common/base/CharMatcher$And
Event: 10.151 loading class com/google/common/base/CharMatcher$And done
Event: 10.152 loading class com/google/common/base/CharMatcher$Negated
Event: 10.152 loading class com/google/common/base/CharMatcher$Negated done
Event: 10.153 loading class com/google/common/base/CharMatcher$Any
Event: 10.153 loading class com/google/common/base/CharMatcher$Any done
Event: 10.155 loading class com/google/common/base/CharMatcher$None
Event: 10.155 loading class com/google/common/base/CharMatcher$None done


Dynamic libraries:
0x00007ff78def0000 - 0x00007ff78deff000 	C:\Program Files\Java\jdk-11.0.12\bin\java.exe
0x00007ffd6b7d0000 - 0x00007ffd6b9c8000 	C:\Windows\SYSTEM32\ntdll.dll
0x00007ffd6a880000 - 0x00007ffd6a93d000 	C:\Windows\System32\KERNEL32.DLL
0x00007ffd69320000 - 0x00007ffd69616000 	C:\Windows\System32\KERNELBASE.dll
0x00007ffd68f40000 - 0x00007ffd69040000 	C:\Windows\System32\ucrtbase.dll
0x00007ffd3c260000 - 0x00007ffd3c275000 	C:\Program Files\Java\jdk-11.0.12\bin\VCRUNTIME140.dll
0x00007ffd3c280000 - 0x00007ffd3c298000 	C:\Program Files\Java\jdk-11.0.12\bin\jli.dll
0x00007ffd6b4f0000 - 0x00007ffd6b59e000 	C:\Windows\System32\ADVAPI32.dll
0x00007ffd6aab0000 - 0x00007ffd6ab4e000 	C:\Windows\System32\msvcrt.dll
0x00007ffd6a940000 - 0x00007ffd6a9dc000 	C:\Windows\System32\sechost.dll
0x00007ffd69dd0000 - 0x00007ffd69ef6000 	C:\Windows\System32\RPCRT4.dll
0x00007ffd69f20000 - 0x00007ffd6a0be000 	C:\Windows\System32\USER32.dll
0x00007ffd69620000 - 0x00007ffd69642000 	C:\Windows\System32\win32u.dll
0x00007ffd6ab50000 - 0x00007ffd6ab7c000 	C:\Windows\System32\GDI32.dll
0x00007ffd69040000 - 0x00007ffd6915a000 	C:\Windows\System32\gdi32full.dll
0x00007ffd69210000 - 0x00007ffd692ad000 	C:\Windows\System32\msvcp_win.dll
0x00007ffd4d8c0000 - 0x00007ffd4db5a000 	C:\Windows\WinSxS\amd64_microsoft.windows.common-controls_6595b64144ccf1df_6.0.19041.1110_none_60b5254171f9507e\COMCTL32.dll
0x00007ffd608e0000 - 0x00007ffd608ea000 	C:\Windows\SYSTEM32\VERSION.dll
0x00007ffd6b6d0000 - 0x00007ffd6b700000 	C:\Windows\System32\IMM32.DLL
0x00007ffd3c1c0000 - 0x00007ffd3c25b000 	C:\Program Files\Java\jdk-11.0.12\bin\msvcp140.dll
0x00007ffd3b5b0000 - 0x00007ffd3c0af000 	C:\Program Files\Java\jdk-11.0.12\bin\server\jvm.dll
0x00007ffd69f00000 - 0x00007ffd69f08000 	C:\Windows\System32\PSAPI.DLL
0x00007ffd43e70000 - 0x00007ffd43e97000 	C:\Windows\SYSTEM32\WINMM.dll
0x00007ffd40d10000 - 0x00007ffd40d19000 	C:\Windows\SYSTEM32\WSOCK32.dll
0x00007ffd6a9e0000 - 0x00007ffd6aa4b000 	C:\Windows\System32\WS2_32.dll
0x00007ffd676d0000 - 0x00007ffd676e2000 	C:\Windows\SYSTEM32\kernel.appcore.dll
0x00007ffd3f2b0000 - 0x00007ffd3f2c0000 	C:\Program Files\Java\jdk-11.0.12\bin\verify.dll
0x00007ffd54310000 - 0x00007ffd544f4000 	C:\Windows\SYSTEM32\DBGHELP.DLL
0x00007ffd48740000 - 0x00007ffd48774000 	C:\Windows\SYSTEM32\dbgcore.DLL
0x00007ffd68eb0000 - 0x00007ffd68f32000 	C:\Windows\System32\bcryptPrimitives.dll
0x00007ffd3b320000 - 0x00007ffd3b348000 	C:\Program Files\Java\jdk-11.0.12\bin\java.dll
0x00007ffd3b310000 - 0x00007ffd3b31a000 	C:\Program Files\Java\jdk-11.0.12\bin\jimage.dll
0x00007ffd64610000 - 0x00007ffd6461e000 	C:\Program Files\Java\jdk-11.0.12\bin\instrument.dll
0x00007ffd3b2f0000 - 0x00007ffd3b306000 	C:\Program Files\Java\jdk-11.0.12\bin\zip.dll
0x00007ffd6ada0000 - 0x00007ffd6b4e5000 	C:\Windows\System32\SHELL32.dll
0x00007ffd66f20000 - 0x00007ffd676bb000 	C:\Windows\SYSTEM32\windows.storage.dll
0x00007ffd69830000 - 0x00007ffd69b84000 	C:\Windows\System32\combase.dll
0x00007ffd68880000 - 0x00007ffd688ae000 	C:\Windows\SYSTEM32\Wldp.dll
0x00007ffd69c40000 - 0x00007ffd69ced000 	C:\Windows\System32\SHCORE.dll
0x00007ffd6b670000 - 0x00007ffd6b6c5000 	C:\Windows\System32\shlwapi.dll
0x00007ffd68de0000 - 0x00007ffd68e05000 	C:\Windows\SYSTEM32\profapi.dll
0x00007ffd3a500000 - 0x00007ffd3a519000 	C:\Program Files\Java\jdk-11.0.12\bin\net.dll
0x00007ffd58e60000 - 0x00007ffd58f6a000 	C:\Windows\SYSTEM32\WINHTTP.dll
0x00007ffd68580000 - 0x00007ffd685ea000 	C:\Windows\system32\mswsock.dll
0x00007ffd3a2f0000 - 0x00007ffd3a302000 	C:\Program Files\Java\jdk-11.0.12\bin\nio.dll
0x00007ffd687e0000 - 0x00007ffd687f8000 	C:\Windows\SYSTEM32\CRYPTSP.dll
0x00007ffd67e90000 - 0x00007ffd67ec4000 	C:\Windows\system32\rsaenh.dll
0x00007ffd69800000 - 0x00007ffd69827000 	C:\Windows\System32\bcrypt.dll
0x00007ffd68da0000 - 0x00007ffd68dce000 	C:\Windows\SYSTEM32\USERENV.dll
0x00007ffd687d0000 - 0x00007ffd687dc000 	C:\Windows\SYSTEM32\CRYPTBASE.dll
0x00007ffd68270000 - 0x00007ffd682ab000 	C:\Windows\SYSTEM32\IPHLPAPI.DLL
0x00007ffd69f10000 - 0x00007ffd69f18000 	C:\Windows\System32\NSI.dll
0x00007ffd59bb0000 - 0x00007ffd59bc7000 	C:\Windows\SYSTEM32\dhcpcsvc6.DLL
0x00007ffd5a390000 - 0x00007ffd5a3ad000 	C:\Windows\SYSTEM32\dhcpcsvc.DLL
0x00007ffd682b0000 - 0x00007ffd6837a000 	C:\Windows\SYSTEM32\DNSAPI.dll
0x00007ffceaf40000 - 0x00007ffceaf57000 	C:\Windows\system32\napinsp.dll
0x00007ffceaf20000 - 0x00007ffceaf3b000 	C:\Windows\system32\pnrpnsp.dll
0x00007ffd37fa0000 - 0x00007ffd37fb5000 	C:\Windows\system32\wshbth.dll
0x00007ffd644d0000 - 0x00007ffd644ed000 	C:\Windows\system32\NLAapi.dll
0x00007ffceaf00000 - 0x00007ffceaf12000 	C:\Windows\System32\winrnr.dll
0x00007ffd4aac0000 - 0x00007ffd4aaca000 	C:\Windows\System32\rasadhlp.dll
0x00007ffd4b830000 - 0x00007ffd4b8b2000 	C:\Windows\System32\fwpuclnt.dll
0x00007ffd2c5a0000 - 0x00007ffd2c5a9000 	C:\Program Files\Java\jdk-11.0.12\bin\management.dll
0x00007ffd2c590000 - 0x00007ffd2c59b000 	C:\Program Files\Java\jdk-11.0.12\bin\management_ext.dll
0x00007ffd333d0000 - 0x00007ffd333dd000 	C:\Program Files\Java\jdk-11.0.12\bin\sunmscapi.dll
0x00007ffd69650000 - 0x00007ffd697ae000 	C:\Windows\System32\CRYPT32.dll
0x00007ffd688f0000 - 0x00007ffd68918000 	C:\Windows\SYSTEM32\ncrypt.dll
0x00007ffd688b0000 - 0x00007ffd688eb000 	C:\Windows\SYSTEM32\NTASN1.dll
0x00007ffd333e0000 - 0x00007ffd33405000 	C:\Program Files\Java\jdk-11.0.12\bin\sunec.dll

dbghelp: loaded successfully - version: 4.0.5 - missing functions: none
symbol engine: initialized successfully - sym options: 0x614 - pdb path: .;C:\Program Files\Java\jdk-11.0.12\bin;C:\Windows\SYSTEM32;C:\Windows\WinSxS\amd64_microsoft.windows.common-controls_6595b64144ccf1df_6.0.19041.1110_none_60b5254171f9507e;C:\Program Files\Java\jdk-11.0.12\bin\server

VM Arguments:
jvm_args: -Daction.aware.typeAhead=false -Dallure.results.directory=C:\Users\User\senama-soft-autotests\build\allure-results -Dawt.toolkit=sun.awt.windows.WToolkit -Dcom.jetbrains.suppressWindowRaise=false -Dfile.separator=\ -Dide.native.launcher=true -Didea.active=true -Didea.cycle.buffer.size=1024 -Didea.dynamic.classpath=false -Didea.fatal.error.notification=disabled -Didea.jre.check=true -Didea.max.content.load.filesize=20000 -Didea.max.intellisense.filesize=2500 -Didea.no.launcher=false -Didea.paths.selector=IdeaIC2021.2 -Didea.platform.prefix=Idea -Didea.popup.weight=heavy -Didea.vendor.name=JetBrains -Didea.version=2021.2.2 -Didea.xdebug.key=-Xdebug -Dio.netty.allocator.cacheTrimIntervalMillis=600000 -Dio.netty.allocator.numDirectArenas=1 -Dio.netty.allocator.numHeapArenas=1 -Dio.netty.allocator.useCacheForAllThreads=false -Dio.netty.machineId=28:f0:76:ff:fe:16:65:0e -Dio.netty.processId=59565 -Dio.netty.serviceThreadPrefix=Netty  -Djava.awt.graphicsenv=sun.awt.Win32GraphicsEnvironment -Djava.awt.printerjob=sun.awt.windows.WPrinterJob -Djava.class.version=55.0 -Djava.home=C:\Program Files\Java\jdk-11.0.12 -Djava.library.path=C:\Program Files\Java\jdk-11.0.12\bin;C:\Windows\Sun\Java\bin;C:\Windows\system32;C:\Windows;C:\Program Files\Common Files\Oracle\Java\javapath;C:\Windows\system32;C:\Windows;C:\Windows\System32\Wbem;C:\Windows\System32\WindowsPowerShell\v1.0\;C:\Windows\System32\OpenSSH\;C:\Program Files\7-Zip;C:\Program Files\Git\cmd;C:\Users\User\apache-maven-3.8.6\bin;C:\Gradle\bin;C:\Users\User\AppData\Local\Microsoft\WindowsApps;;C:\Program Files\JetBrains\IntelliJ IDEA Community Edition 2021.2.2\bin;;. -Djava.rmi.server.disableHttp=true -Djava.rmi.server.hostname=127.0.0.1 -Djava.runtime.name=OpenJDK Runtime Environment -Djava.runtime.version=11.0.12+8-LTS-237 -Djava.specification.name=Java Platform API Specification -Djava.specification.vendor=Oracle Corporation -Djava.specification.version=11 -Djava.util.concurrent.ForkJoinPool.common.threadFactory=com.intellij.concurrency.IdeaForkJoinWorkerThreadFactory -Djava.vendor=Oracle Corporation -Djava.vendor.url=https://openjdk.java.net/ -Djava.vendor.url.bug=https://bugreport.java.com/bugreport/ -Djava.vendor.version=JBR-11.0.12.7-1504.28-jcef -Djava.version=11.0.12 -Djava.version.date=2021-07-20 -Djava.vm.compressedOopsMode=32-bit -Djava.vm.info=mixed mode -Djava.vm.name=Java HotSpot(TM) 64-Bit Server VM -Djava.vm.specification.name=Java Virtual Machine Specification -Djava.vm.specification.vendor=Oracle Corporation -Djava.vm.specification.version=11 -Djava.vm.vendor=Oracle Corporation -Djava.vm.version=11.0.12+8-LTS-237 -Djavax.swing.rebaseCssSizeMap=true -Djb.vmOptionsFile=C:\Users\User\AppData\Roaming\JetBrains\IdeaIC2021.2\idea64.exe.vmoptions -Djdk.attach.allowAttachSelf=true -Djdk.debug=release -Djdk.http.auth.tunneling.disabledSchemes= -Djdk.module.illegalAccess.silent=true -Djna.loaded=true -Djna.nosys=true -Djna.tmpdir=C:\Users\User\AppData\Local\JetBrains\IdeaIC2021.2/tmp -Djnidispatch.path=C:\Users\User\AppData\Local\JetBrains\IdeaIC2021.2\tmp\jna1439064091609737196.dll -Djunit.jupiter.extensions.autodetection.enabled=true -Dkotlin.daemon.jvm.options=--illegal-access=permit -Dkotlinx.coroutines.debug=off -Dlibrary.jansi.path=C:\Users\User\.gradle\native\jansi\1.18\windows64 -Dline.separator=
 -Dlog4j.defaultInitOverride=true -Dorg.gradle.internal.worker.tmpdir=C:\Users\User\senama-soft-autotests\build\tmp\test\work -Dorg.gradle.native=false -Dos.arch=amd64 -Dos.name=Windows 10 -Dos.version=10.0 -Dpath.separator=; -Dpty4j.preferred.native.folder=C:\Program Files\JetBrains\IntelliJ IDEA Community Edition 2021.2.2\lib\pty4j-native -Dpty4j.tmpdir=C:\Users\User\AppData\Local\JetBrains\IdeaIC2021.2/tmp -Dsplash=true -Dsun.arch.data.model=64 -Dsun.boot.library.path=C:\Program Files\Java\jdk-11.0.12\bin -Dsun.cpu.endian=little -Dsun.cpu.isalist=amd64 -Dsun.desktop=windows -Dsun.io.unicode.encoding=UnicodeLittle -Dsun.jnu.encoding=Cp1251 -Dsun.management.compiler=HotSpot 64-Bit Tiered Compilers -Dsun.os.patch.level -Dswing.bufferPerWindow=false -Duser.dir=C:\Users\User\senama-soft-autotests -Duser.home=C:\Users\User -Duser.name=User -Duser.script -Duser.timezone=GMT+03:00 -Dwinp.folder.preferred=C:\Users\User\AppData\Local\JetBrains\IdeaIC2021.2/tmp -javaagent:C:\Users\User\.gradle\caches\modules-2\files-2.1\org.aspectj\aspectjweaver\1.9.9.1\dcd2703279a94ad909fa3f3d08671cb0f2dabf7\aspectjweaver-1.9.9.1.jar --add-opens=java.base/java.util=ALL-UNNAMED --add-opens=java.base/java.lang=ALL-UNNAMED -Xmx512m -Dfile.encoding=Cp1251 -Djava.io.tmpdir=C:\Users\User\AppData\Local\Temp\ -Duser.country=RU -Duser.language=ru -Duser.variant -ea 
java_command: worker.org.gradle.process.internal.worker.GradleWorkerMain 'Gradle Test Executor 7'
java_class_path (initial): C:\\Users\\User\\.gradle\\caches\\7.1\\workerMain\\gradle-worker.jar;C:\\Users\\User\\senama-soft-autotests\\build\\classes\\java\\test;C:\\Users\\User\\senama-soft-autotests\\build\\resources\\test;C:\\Users\\User\\senama-soft-autotests\\build\\classes\\java\\main;C:\\Users\\User\\senama-soft-autotests\\build\\resources\\main;C:\\Users\\User\\.gradle\\caches\\modules-2\\files-2.1\\com.codeborne\\selenide\\6.16.0\\6f5f9bf423528995cb792929810f81deb3821556\\selenide-6.16.0.jar;C:\\Users\\User\\.gradle\\caches\\modules-2\\files-2.1\\com.github.javafaker\\javafaker\\1.0.2\\be0ff271b1208416822db4438864df47f90af92f\\javafaker-1.0.2.jar;C:\\Users\\User\\.gradle\\caches\\modules-2\\files-2.1\\org.junit.jupiter\\junit-jupiter-params\\5.9.3\\9e2a4bf6016a1975f408a73523392875cff7c26f\\junit-jupiter-params-5.9.3.jar;C:\\Users\\User\\.gradle\\caches\\modules-2\\files-2.1\\org.junit.jupiter\\junit-jupiter-engine\\5.9.3\\355322b03bf39306a183162cd06626c206f0286b\\junit-jupiter-engine-5.9.3.jar;C:\\Users\\User\\.gradle\\caches\\modules-2\\files-2.1\\io.qameta.allure\\allure-junit5\\2.24.0\\15315dae33abf784c4185719172d541dfde3ceb9\\allure-junit5-2.24.0.jar;C:\\Users\\User\\.gradle\\caches\\modules-2\\files-2.1\\io.qameta.allure\\allure-junit-platform\\2.24.0\\a9cbe33ec88c20b09d74e15e70e633d69c6d98ea\\allure-junit-platform-2.24.0.jar;C:\\Users\\User\\.gradle\\caches\\modules-2\\files-2.1\\org.junit.jupiter\\junit-jupiter-api\\5.9.3\\815818ad6ffcc8d320d8fbdf3d748c753cf83201\\junit-jupiter-api-5.9.3.jar;C:\\Users\\User\\.gradle\\caches\\modules-2\\files-2.1\\org.junit.platform\\junit-platform-launcher\\1.9.3\\485650bfe2a2f39b606a6ca013285afda2eaee79\\junit-platform-launcher-1.9.3.jar;C:\\Users\\User\\.gradle\\caches\\modules-2\\files-2.1\\org.junit.platform\\junit-platform-engine\\1.9.3\\8616734a190f8d307376aeb7353dba0a2c037a09\\junit-platform-engine-1.9.3.jar;C:\\Users\\User\\.gradle\\caches\\modules-2\\files-2.1\\org.junit.platform\\junit-platform-commons\\
Launcher Type: SUN_STANDARD

[Global flags]
     intx CICompilerCount                          = 3                                         {product} {ergonomic}
     uint ConcGCThreads                            = 1                                         {product} {ergonomic}
     uint G1ConcRefinementThreads                  = 4                                         {product} {ergonomic}
   size_t G1HeapRegionSize                         = 1048576                                   {product} {ergonomic}
    uintx GCDrainStackTargetSize                   = 64                                        {product} {ergonomic}
   size_t InitialHeapSize                          = 132120576                                 {product} {ergonomic}
   size_t MarkStackSize                            = 4194304                                   {product} {ergonomic}
   size_t MaxHeapSize                              = 536870912                                 {product} {command line}
   size_t MaxNewSize                               = 321912832                                 {product} {ergonomic}
   size_t MinHeapDeltaBytes                        = 1048576                                   {product} {ergonomic}
    uintx NonNMethodCodeHeapSize                   = 5830732                                {pd product} {ergonomic}
    uintx NonProfiledCodeHeapSize                  = 122913754                              {pd product} {ergonomic}
    uintx ProfiledCodeHeapSize                     = 122913754                              {pd product} {ergonomic}
    uintx ReservedCodeCacheSize                    = 251658240                              {pd product} {ergonomic}
     bool SegmentedCodeCache                       = true                                      {product} {ergonomic}
     bool UseCompressedClassPointers               = true                                 {lp64_product} {ergonomic}
     bool UseCompressedOops                        = true                                 {lp64_product} {ergonomic}
     bool UseG1GC                                  = true                                      {product} {ergonomic}
     bool UseLargePagesIndividualAllocation        = false                                  {pd product} {ergonomic}

Logging:
Log output configuration:
 #0: stdout all=warning uptime,level,tags
 #1: stderr all=off uptime,level,tags

Environment Variables:
JAVA_HOME=C:\Program Files\Java\jdk-11.0.12
PATH=C:\Program Files\Common Files\Oracle\Java\javapath;C:\Windows\system32;C:\Windows;C:\Windows\System32\Wbem;C:\Windows\System32\WindowsPowerShell\v1.0\;C:\Windows\System32\OpenSSH\;C:\Program Files\7-Zip;C:\Program Files\Git\cmd;C:\Users\User\apache-maven-3.8.6\bin;C:\Gradle\bin;C:\Users\User\AppData\Local\Microsoft\WindowsApps;;C:\Program Files\JetBrains\IntelliJ IDEA Community Edition 2021.2.2\bin;
USERNAME=User
OS=Windows_NT
PROCESSOR_IDENTIFIER=Intel64 Family 6 Model 142 Stepping 12, GenuineIntel



---------------  S Y S T E M  ---------------

OS: Windows 10 , 64 bit Build 19041 (10.0.19041.3393)

CPU:total 4 (initial active 4) (2 cores per cpu, 2 threads per core) family 6 model 142 stepping 12 microcode 0xd6, cmov, cx8, fxsr, mmx, sse, sse2, sse3, ssse3, sse4.1, sse4.2, popcnt, avx, avx2, aes, clmul, erms, 3dnowpref, lzcnt, ht, tsc, tscinvbit, bmi1, bmi2, adx, fma

Memory: 4k page, system-wide physical 7996M (271M free)
TotalPageFile size 7996M (AvailPageFile size 4M)
current process WorkingSet (physical memory assigned to process): 247M, peak: 251M
current process commit charge ("private bytes"): 280M, peak: 286M

vm_info: Java HotSpot(TM) 64-Bit Server VM (11.0.12+8-LTS-237) for windows-amd64 JRE (11.0.12+8-LTS-237), built on Jun  8 2021 11:25:59 by "mach5one" with MS VC++ 15.9 (VS2017)

END.
