#
# There is insufficient memory for the Java Runtime Environment to continue.
# Native memory allocation (malloc) failed to allocate 32744 bytes for ChunkPool::allocate
# Possible reasons:
#   The system is out of physical RAM or swap space
#   The process is running with CompressedOops enabled, and the Java Heap may be blocking the growth of the native heap
# Possible solutions:
#   Reduce memory load on the system
#   Increase physical memory or swap space
#   Check if swap backing store is full
#   Decrease Java heap size (-Xmx/-Xms)
#   Decrease number of Java threads
#   Decrease Java thread stack sizes (-Xss)
#   Set larger code cache with -XX:ReservedCodeCacheSize=
#   JVM is running with Unscaled Compressed Oops mode in which the Java heap is
#     placed in the first 4GB address space. The Java Heap base address is the
#     maximum limit for the native heap growth. Please use -XX:HeapBaseMinAddress
#     to set the Java Heap base and to place the Java Heap above 4GB virtual address.
# This output file may be truncated or incomplete.
#
#  Out of Memory Error (./open/src/hotspot/share/memory/arena.cpp:81), pid=3116, tid=12752
#
# JRE version: Java(TM) SE Runtime Environment 18.9 (11.0.12+8) (build 11.0.12+8-LTS-237)
# Java VM: Java HotSpot(TM) 64-Bit Server VM 18.9 (11.0.12+8-LTS-237, mixed mode, tiered, compressed oops, g1 gc, windows-amd64)
# No core dump will be written. Minidumps are not enabled by default on client versions of Windows
#

---------------  S U M M A R Y ------------

Command Line: -Daction.aware.typeAhead=false -Dallure.results.directory=C:\Users\User\senama-soft-autotests\build\allure-results -Dawt.toolkit=sun.awt.windows.WToolkit -Dcom.jetbrains.suppressWindowRaise=false -Dfile.separator=\ -Dide.native.launcher=true -Didea.active=true -Didea.cycle.buffer.size=1024 -Didea.dynamic.classpath=false -Didea.fatal.error.notification=disabled -Didea.jre.check=true -Didea.max.content.load.filesize=20000 -Didea.max.intellisense.filesize=2500 -Didea.no.launcher=false -Didea.paths.selector=IdeaIC2021.2 -Didea.platform.prefix=Idea -Didea.popup.weight=heavy -Didea.vendor.name=JetBrains -Didea.version=2021.2.2 -Didea.xdebug.key=-Xdebug -Dio.netty.allocator.cacheTrimIntervalMillis=600000 -Dio.netty.allocator.numDirectArenas=1 -Dio.netty.allocator.numHeapArenas=1 -Dio.netty.allocator.useCacheForAllThreads=false -Dio.netty.machineId=28:f0:76:ff:fe:16:65:0e -Dio.netty.processId=59792 -Dio.netty.serviceThreadPrefix=Netty  -Djava.awt.graphicsenv=sun.awt.Win32GraphicsEnvironment -Djava.awt.printerjob=sun.awt.windows.WPrinterJob -Djava.class.version=55.0 -Djava.home=C:\Program Files\Java\jdk-11.0.12 -Djava.library.path=C:\Program Files\Java\jdk-11.0.12\bin;C:\Windows\Sun\Java\bin;C:\Windows\system32;C:\Windows;C:\Program Files\Common Files\Oracle\Java\javapath;C:\Windows\system32;C:\Windows;C:\Windows\System32\Wbem;C:\Windows\System32\WindowsPowerShell\v1.0\;C:\Windows\System32\OpenSSH\;C:\Program Files\7-Zip;C:\Program Files\Git\cmd;C:\Users\User\apache-maven-3.8.6\bin;C:\Gradle\bin;C:\Users\User\AppData\Local\Microsoft\WindowsApps;;C:\Program Files\JetBrains\IntelliJ IDEA Community Edition 2021.2.2\bin;;. -Djava.rmi.server.disableHttp=true -Djava.rmi.server.hostname=127.0.0.1 -Djava.runtime.name=OpenJDK Runtime Environment -Djava.runtime.version=11.0.12+8-LTS-237 -Djava.specification.name=Java Platform API Specification -Djava.specification.vendor=Oracle Corporation -Djava.specification.version=11 -Djava.util.concurrent.ForkJoinPool.common.threadFactory=com.intellij.concurrency.IdeaForkJoinWorkerThreadFactory -Djava.vendor=Oracle Corporation -Djava.vendor.url=https://openjdk.java.net/ -Djava.vendor.url.bug=https://bugreport.java.com/bugreport/ -Djava.vendor.version=JBR-11.0.12.7-1504.28-jcef -Djava.version=11.0.12 -Djava.version.date=2021-07-20 -Djava.vm.compressedOopsMode=32-bit -Djava.vm.info=mixed mode -Djava.vm.name=Java HotSpot(TM) 64-Bit Server VM -Djava.vm.specification.name=Java Virtual Machine Specification -Djava.vm.specification.vendor=Oracle Corporation -Djava.vm.specification.version=11 -Djava.vm.vendor=Oracle Corporation -Djava.vm.version=11.0.12+8-LTS-237 -Djavax.swing.rebaseCssSizeMap=true -Djb.vmOptionsFile=C:\Users\User\AppData\Roaming\JetBrains\IdeaIC2021.2\idea64.exe.vmoptions -Djdk.attach.allowAttachSelf=true -Djdk.debug=release -Djdk.http.auth.tunneling.disabledSchemes= -Djdk.module.illegalAccess.silent=true -Djna.loaded=true -Djna.nosys=true -Djna.tmpdir=C:\Users\User\AppData\Local\JetBrains\IdeaIC2021.2/tmp -Djnidispatch.path=C:\Users\User\AppData\Local\JetBrains\IdeaIC2021.2\tmp\jna10449566770979197524.dll -Djunit.jupiter.extensions.autodetection.enabled=true -Dkotlin.daemon.jvm.options=--illegal-access=permit -Dkotlinx.coroutines.debug=off -Dlibrary.jansi.path=C:\Users\User\.gradle\native\jansi\1.18\windows64 -Dline.separator=
 -Dlog4j.defaultInitOverride=true -Dorg.gradle.internal.worker.tmpdir=C:\Users\User\senama-soft-autotests\build\tmp\test\work -Dorg.gradle.native=false -Dos.arch=amd64 -Dos.name=Windows 10 -Dos.version=10.0 -Dpath.separator=; -Dpty4j.preferred.native.folder=C:\Program Files\JetBrains\IntelliJ IDEA Community Edition 2021.2.2\lib\pty4j-native -Dpty4j.tmpdir=C:\Users\User\AppData\Local\JetBrains\IdeaIC2021.2/tmp -Dsplash=true -Dsun.arch.data.model=64 -Dsun.boot.library.path=C:\Program Files\Java\jdk-11.0.12\bin -Dsun.cpu.endian=little -Dsun.cpu.isalist=amd64 -Dsun.desktop=windows -Dsun.io.unicode.encoding=UnicodeLittle -Dsun.jnu.encoding=Cp1251 -Dsun.management.compiler=HotSpot 64-Bit Tiered Compilers -Dsun.os.patch.level -Dswing.bufferPerWindow=false -Duser.dir=C:\Users\User\senama-soft-autotests -Duser.home=C:\Users\User -Duser.name=User -Duser.script -Duser.timezone=GMT+03:00 -Dwinp.folder.preferred=C:\Users\User\AppData\Local\JetBrains\IdeaIC2021.2/tmp -javaagent:C:\Users\User\.gradle\caches\modules-2\files-2.1\org.aspectj\aspectjweaver\1.9.9.1\dcd2703279a94ad909fa3f3d08671cb0f2dabf7\aspectjweaver-1.9.9.1.jar --add-opens=java.base/java.util=ALL-UNNAMED --add-opens=java.base/java.lang=ALL-UNNAMED -Xmx512m -Dfile.encoding=Cp1251 -Djava.io.tmpdir=C:\Users\User\AppData\Local\Temp\ -Duser.country=RU -Duser.language=ru -Duser.variant -ea worker.org.gradle.process.internal.worker.GradleWorkerMain 'Gradle Test Executor 4'

Host: Intel(R) Core(TM) i3-10110U CPU @ 2.10GHz, 4 cores, 7G,  Windows 10 , 64 bit Build 19041 (10.0.19041.3393)
Time: Wed Sep 20 22:35:12 2023 Беларусь (зима) elapsed time: 21.902855 seconds (0d 0h 0m 21s)

---------------  T H R E A D  ---------------

Current thread (0x000002bbf233e800):  JavaThread "Test worker" [_thread_in_vm, id=12752, stack(0x000000f2d5e00000,0x000000f2d5f00000)]

Stack: [0x000000f2d5e00000,0x000000f2d5f00000]
Native frames: (J=compiled Java code, j=interpreted, Vv=VM code, C=native code)
V  [jvm.dll+0x617d9a]
V  [jvm.dll+0x74eeef]
V  [jvm.dll+0x750599]
V  [jvm.dll+0x750c23]
V  [jvm.dll+0x2438d8]
V  [jvm.dll+0xba93b]
V  [jvm.dll+0xbac9c]
V  [jvm.dll+0x2499e1]
V  [jvm.dll+0x24a158]
V  [jvm.dll+0x1b9499]
V  [jvm.dll+0x1b893e]
V  [jvm.dll+0x4f3162]
V  [jvm.dll+0x6ebd19]
V  [jvm.dll+0x733913]
V  [jvm.dll+0x731ea2]
C  0x000002bbe554c0dc

Java frames: (J=compiled Java code, j=interpreted, Vv=VM code)
J 2464  jdk.internal.misc.Unsafe.defineAnonymousClass0(Ljava/lang/Class;[B[Ljava/lang/Object;)Ljava/lang/Class; java.base@11.0.12 (0 bytes) @ 0x000002bbe554c03c [0x000002bbe554bfc0+0x000000000000007c]
J 2463 c1 jdk.internal.misc.Unsafe.defineAnonymousClass(Ljava/lang/Class;[B[Ljava/lang/Object;)Ljava/lang/Class; java.base@11.0.12 (46 bytes) @ 0x000002bbde4a44ac [0x000002bbde4a43e0+0x00000000000000cc]
J 3494 c1 java.lang.invoke.InnerClassLambdaMetafactory.spinInnerClass()Ljava/lang/Class; java.base@11.0.12 (521 bytes) @ 0x000002bbde68ab2c [0x000002bbde689e60+0x0000000000000ccc]
J 3493 c1 java.lang.invoke.InnerClassLambdaMetafactory.buildCallSite()Ljava/lang/invoke/CallSite; java.base@11.0.12 (168 bytes) @ 0x000002bbde68f5e4 [0x000002bbde68f580+0x0000000000000064]
J 2640 c1 java.lang.invoke.LambdaForm$DMH.invokeStatic(Ljava/lang/Object;Ljava/lang/Object;Ljava/lang/Object;Ljava/lang/Object;Ljava/lang/Object;Ljava/lang/Object;Ljava/lang/Object;)Ljava/lang/Object; java.base@11.0.12 (30 bytes) @ 0x000002bbde4e8164 [0x000002bbde4e8060+0x0000000000000104]
J 2632 c1 java.lang.invoke.BootstrapMethodInvoker.invoke(Ljava/lang/Class;Ljava/lang/invoke/MethodHandle;Ljava/lang/String;Ljava/lang/Object;Ljava/lang/Object;Ljava/lang/Class;)Ljava/lang/Object; java.base@11.0.12 (688 bytes) @ 0x000002bbde4e1e64 [0x000002bbde4e0b40+0x0000000000001324]
J 2631 c1 java.lang.invoke.CallSite.makeSite(Ljava/lang/invoke/MethodHandle;Ljava/lang/String;Ljava/lang/invoke/MethodType;Ljava/lang/Object;Ljava/lang/Class;)Ljava/lang/invoke/CallSite; java.base@11.0.12 (91 bytes) @ 0x000002bbde4df70c [0x000002bbde4df6a0+0x000000000000006c]
J 2796 c1 java.lang.invoke.MethodHandleNatives.linkCallSiteImpl(Ljava/lang/Class;Ljava/lang/invoke/MethodHandle;Ljava/lang/String;Ljava/lang/invoke/MethodType;Ljava/lang/Object;[Ljava/lang/Object;)Ljava/lang/invoke/MemberName; java.base@11.0.12 (44 bytes) @ 0x000002bbde52a054 [0x000002bbde52a000+0x0000000000000054]
J 2509 c1 java.lang.invoke.MethodHandleNatives.linkCallSite(Ljava/lang/Object;ILjava/lang/Object;Ljava/lang/Object;Ljava/lang/Object;Ljava/lang/Object;[Ljava/lang/Object;)Ljava/lang/invoke/MemberName; java.base@11.0.12 (66 bytes) @ 0x000002bbde4b7104 [0x000002bbde4b6d00+0x0000000000000404]
v  ~StubRoutines::call_stub
j  io.qameta.allure.listener.LifecycleNotifier.beforeContainerWrite(Lio/qameta/allure/model/TestResultContainer;)V+5
j  io.qameta.allure.AllureLifecycle.writeTestContainer(Ljava/lang/String;)V+41
j  io.qameta.allure.junitplatform.AllureJunitPlatform.stopTestContainer(Lorg/junit/platform/launcher/TestIdentifier;)V+176
j  io.qameta.allure.junitplatform.AllureJunitPlatform.executionFinished(Lorg/junit/platform/launcher/TestIdentifier;Lorg/junit/platform/engine/TestExecutionResult;)V+79
j  org.junit.platform.launcher.core.CompositeTestExecutionListener.lambda$executionFinished$10(Lorg/junit/platform/launcher/TestIdentifier;Lorg/junit/platform/engine/TestExecutionResult;Lorg/junit/platform/launcher/TestExecutionListener;)V+3
j  org.junit.platform.launcher.core.CompositeTestExecutionListener$$Lambda$783.accept(Ljava/lang/Object;)V+12
j  org.junit.platform.launcher.core.CompositeTestExecutionListener.lambda$notifyEach$19(Ljava/util/function/Consumer;Ljava/util/function/Supplier;Lorg/junit/platform/launcher/TestExecutionListener;)V+2
j  org.junit.platform.launcher.core.CompositeTestExecutionListener$$Lambda$259.accept(Ljava/lang/Object;)V+12
j  java.util.ArrayList.forEach(Ljava/util/function/Consumer;)V+46 java.base@11.0.12
j  org.junit.platform.launcher.core.CompositeTestExecutionListener.notifyEach(Ljava/util/List;Ljava/util/function/Consumer;Ljava/util/function/Supplier;)V+8
j  org.junit.platform.launcher.core.CompositeTestExecutionListener.executionFinished(Lorg/junit/platform/launcher/TestIdentifier;Lorg/junit/platform/engine/TestExecutionResult;)V+39
j  org.junit.platform.launcher.core.ExecutionListenerAdapter.executionFinished(Lorg/junit/platform/engine/TestDescriptor;Lorg/junit/platform/engine/TestExecutionResult;)V+10
j  org.junit.platform.launcher.core.CompositeEngineExecutionListener.lambda$executionFinished$6(Lorg/junit/platform/engine/TestDescriptor;Lorg/junit/platform/engine/TestExecutionResult;Lorg/junit/platform/engine/EngineExecutionListener;)V+3
j  org.junit.platform.launcher.core.CompositeEngineExecutionListener$$Lambda$779.accept(Ljava/lang/Object;)V+12
j  org.junit.platform.launcher.core.CompositeEngineExecutionListener.lambda$notifyEach$11(Ljava/util/function/Consumer;Ljava/util/function/Supplier;Lorg/junit/platform/engine/EngineExecutionListener;)V+2
j  org.junit.platform.launcher.core.CompositeEngineExecutionListener$$Lambda$289.accept(Ljava/lang/Object;)V+12
j  java.util.ArrayList.forEach(Ljava/util/function/Consumer;)V+46 java.base@11.0.12
j  org.junit.platform.launcher.core.CompositeEngineExecutionListener.notifyEach(Ljava/util/List;Ljava/util/function/Consumer;Ljava/util/function/Supplier;)V+8
j  org.junit.platform.launcher.core.CompositeEngineExecutionListener.executionFinished(Lorg/junit/platform/engine/TestDescriptor;Lorg/junit/platform/engine/TestExecutionResult;)V+18
j  org.junit.platform.launcher.core.DelegatingEngineExecutionListener.executionFinished(Lorg/junit/platform/engine/TestDescriptor;Lorg/junit/platform/engine/TestExecutionResult;)V+6
j  org.junit.platform.launcher.core.OutcomeDelayingEngineExecutionListener.executionFinished(Lorg/junit/platform/engine/TestDescriptor;Lorg/junit/platform/engine/TestExecutionResult;)V+26
j  org.junit.platform.engine.support.hierarchical.NodeTestTask.reportCompletion()V+184
j  org.junit.platform.engine.support.hierarchical.NodeTestTask.execute()V+70
j  org.junit.platform.engine.support.hierarchical.SameThreadHierarchicalTestExecutorService$$Lambda$303.accept(Ljava/lang/Object;)V+4
j  java.util.ArrayList.forEach(Ljava/util/function/Consumer;)V+46 java.base@11.0.12
j  org.junit.platform.engine.support.hierarchical.SameThreadHierarchicalTestExecutorService.invokeAll(Ljava/util/List;)V+6
j  org.junit.platform.engine.support.hierarchical.NodeTestTask.lambda$executeRecursively$6()V+116
j  org.junit.platform.engine.support.hierarchical.NodeTestTask$$Lambda$299.execute()V+4
j  org.junit.platform.engine.support.hierarchical.ThrowableCollector.execute(Lorg/junit/platform/engine/support/hierarchical/ThrowableCollector$Executable;)V+1
j  org.junit.platform.engine.support.hierarchical.NodeTestTask.lambda$executeRecursively$8(Lorg/junit/platform/engine/support/hierarchical/EngineExecutionContext;)V+15
j  org.junit.platform.engine.support.hierarchical.NodeTestTask$$Lambda$298.invoke(Lorg/junit/platform/engine/support/hierarchical/EngineExecutionContext;)V+5
j  org.junit.platform.engine.support.hierarchical.Node.around(Lorg/junit/platform/engine/support/hierarchical/EngineExecutionContext;Lorg/junit/platform/engine/support/hierarchical/Node$Invocation;)V+2
j  org.junit.platform.engine.support.hierarchical.NodeTestTask.lambda$executeRecursively$9()V+14
j  org.junit.platform.engine.support.hierarchical.NodeTestTask$$Lambda$297.execute()V+4
j  org.junit.platform.engine.support.hierarchical.ThrowableCollector.execute(Lorg/junit/platform/engine/support/hierarchical/ThrowableCollector$Executable;)V+1
j  org.junit.platform.engine.support.hierarchical.NodeTestTask.executeRecursively()V+31
j  org.junit.platform.engine.support.hierarchical.NodeTestTask.execute()V+55
j  org.junit.platform.engine.support.hierarchical.SameThreadHierarchicalTestExecutorService$$Lambda$303.accept(Ljava/lang/Object;)V+4
j  java.util.ArrayList.forEach(Ljava/util/function/Consumer;)V+46 java.base@11.0.12
j  org.junit.platform.engine.support.hierarchical.SameThreadHierarchicalTestExecutorService.invokeAll(Ljava/util/List;)V+6
j  org.junit.platform.engine.support.hierarchical.NodeTestTask.lambda$executeRecursively$6()V+116
j  org.junit.platform.engine.support.hierarchical.NodeTestTask$$Lambda$299.execute()V+4
j  org.junit.platform.engine.support.hierarchical.ThrowableCollector.execute(Lorg/junit/platform/engine/support/hierarchical/ThrowableCollector$Executable;)V+1
j  org.junit.platform.engine.support.hierarchical.NodeTestTask.lambda$executeRecursively$8(Lorg/junit/platform/engine/support/hierarchical/EngineExecutionContext;)V+15
j  org.junit.platform.engine.support.hierarchical.NodeTestTask$$Lambda$298.invoke(Lorg/junit/platform/engine/support/hierarchical/EngineExecutionContext;)V+5
j  org.junit.platform.engine.support.hierarchical.Node.around(Lorg/junit/platform/engine/support/hierarchical/EngineExecutionContext;Lorg/junit/platform/engine/support/hierarchical/Node$Invocation;)V+2
j  org.junit.platform.engine.support.hierarchical.NodeTestTask.lambda$executeRecursively$9()V+14
j  org.junit.platform.engine.support.hierarchical.NodeTestTask$$Lambda$297.execute()V+4
j  org.junit.platform.engine.support.hierarchical.ThrowableCollector.execute(Lorg/junit/platform/engine/support/hierarchical/ThrowableCollector$Executable;)V+1
j  org.junit.platform.engine.support.hierarchical.NodeTestTask.executeRecursively()V+31
j  org.junit.platform.engine.support.hierarchical.NodeTestTask.execute()V+55
j  org.junit.platform.engine.support.hierarchical.SameThreadHierarchicalTestExecutorService.submit(Lorg/junit/platform/engine/support/hierarchical/HierarchicalTestExecutorService$TestTask;)Ljava/util/concurrent/Future;+1
j  org.junit.platform.engine.support.hierarchical.HierarchicalTestExecutor.execute()Ljava/util/concurrent/Future;+74
j  org.junit.platform.engine.support.hierarchical.HierarchicalTestEngine.execute(Lorg/junit/platform/engine/ExecutionRequest;)V+31
j  org.junit.platform.launcher.core.EngineExecutionOrchestrator.execute(Lorg/junit/platform/engine/TestDescriptor;Lorg/junit/platform/engine/EngineExecutionListener;Lorg/junit/platform/engine/ConfigurationParameters;Lorg/junit/platform/engine/TestEngine;)V+24
j  org.junit.platform.launcher.core.EngineExecutionOrchestrator.execute(Lorg/junit/platform/launcher/core/LauncherDiscoveryResult;Lorg/junit/platform/engine/EngineExecutionListener;)V+100
j  org.junit.platform.launcher.core.EngineExecutionOrchestrator.execute(Lorg/junit/platform/launcher/core/InternalTestPlan;Lorg/junit/platform/engine/EngineExecutionListener;Lorg/junit/platform/launcher/TestExecutionListener;)V+63
j  org.junit.platform.launcher.core.EngineExecutionOrchestrator.lambda$execute$0(Lorg/junit/platform/launcher/core/InternalTestPlan;Lorg/junit/platform/launcher/TestExecutionListener;)V+6
j  org.junit.platform.launcher.core.EngineExecutionOrchestrator$$Lambda$250.accept(Ljava/lang/Object;)V+12
j  org.junit.platform.launcher.core.EngineExecutionOrchestrator.withInterceptedStreams(Lorg/junit/platform/engine/ConfigurationParameters;Lorg/junit/platform/launcher/core/ListenerRegistry;Ljava/util/function/Consumer;)V+51
j  org.junit.platform.launcher.core.EngineExecutionOrchestrator.execute(Lorg/junit/platform/launcher/core/InternalTestPlan;[Lorg/junit/platform/launcher/TestExecutionListener;)V+23
j  org.junit.platform.launcher.core.DefaultLauncher.execute(Lorg/junit/platform/launcher/core/InternalTestPlan;[Lorg/junit/platform/launcher/TestExecutionListener;)V+6
j  org.junit.platform.launcher.core.DefaultLauncher.execute(Lorg/junit/platform/launcher/LauncherDiscoveryRequest;[Lorg/junit/platform/launcher/TestExecutionListener;)V+34
j  org.junit.platform.launcher.core.DefaultLauncherSession$DelegatingLauncher.execute(Lorg/junit/platform/launcher/LauncherDiscoveryRequest;[Lorg/junit/platform/launcher/TestExecutionListener;)V+6
j  org.junit.platform.launcher.core.SessionPerRequestLauncher.execute(Lorg/junit/platform/launcher/LauncherDiscoveryRequest;[Lorg/junit/platform/launcher/TestExecutionListener;)V+13
j  org.gradle.api.internal.tasks.testing.junitplatform.JUnitPlatformTestClassProcessor$CollectAllTestClassesExecutor.processAllTestClasses()V+58
j  org.gradle.api.internal.tasks.testing.junitplatform.JUnitPlatformTestClassProcessor$CollectAllTestClassesExecutor.access$000(Lorg/gradle/api/internal/tasks/testing/junitplatform/JUnitPlatformTestClassProcessor$CollectAllTestClassesExecutor;)V+1
j  org.gradle.api.internal.tasks.testing.junitplatform.JUnitPlatformTestClassProcessor.stop()V+4
j  org.gradle.api.internal.tasks.testing.SuiteTestClassProcessor.stop()V+4
v  ~StubRoutines::call_stub
j  jdk.internal.reflect.NativeMethodAccessorImpl.invoke0(Ljava/lang/reflect/Method;Ljava/lang/Object;[Ljava/lang/Object;)Ljava/lang/Object;+0 java.base@11.0.12
j  jdk.internal.reflect.NativeMethodAccessorImpl.invoke(Ljava/lang/Object;[Ljava/lang/Object;)Ljava/lang/Object;+100 java.base@11.0.12
j  jdk.internal.reflect.DelegatingMethodAccessorImpl.invoke(Ljava/lang/Object;[Ljava/lang/Object;)Ljava/lang/Object;+6 java.base@11.0.12
j  java.lang.reflect.Method.invoke(Ljava/lang/Object;[Ljava/lang/Object;)Ljava/lang/Object;+59 java.base@11.0.12
j  org.gradle.internal.dispatch.ReflectionDispatch.dispatch(Lorg/gradle/internal/dispatch/MethodInvocation;)V+19
j  org.gradle.internal.dispatch.ReflectionDispatch.dispatch(Ljava/lang/Object;)V+5
j  org.gradle.internal.dispatch.ContextClassLoaderDispatch.dispatch(Ljava/lang/Object;)V+22
j  org.gradle.internal.dispatch.ProxyDispatchAdapter$DispatchingInvocationHandler.invoke(Ljava/lang/Object;Ljava/lang/reflect/Method;[Ljava/lang/Object;)Ljava/lang/Object;+177
j  com.sun.proxy.$Proxy2.stop()V+9
j  org.gradle.api.internal.tasks.testing.worker.TestWorker.stop()V+12
v  ~StubRoutines::call_stub
j  jdk.internal.reflect.NativeMethodAccessorImpl.invoke0(Ljava/lang/reflect/Method;Ljava/lang/Object;[Ljava/lang/Object;)Ljava/lang/Object;+0 java.base@11.0.12
j  jdk.internal.reflect.NativeMethodAccessorImpl.invoke(Ljava/lang/Object;[Ljava/lang/Object;)Ljava/lang/Object;+100 java.base@11.0.12
j  jdk.internal.reflect.DelegatingMethodAccessorImpl.invoke(Ljava/lang/Object;[Ljava/lang/Object;)Ljava/lang/Object;+6 java.base@11.0.12
j  java.lang.reflect.Method.invoke(Ljava/lang/Object;[Ljava/lang/Object;)Ljava/lang/Object;+59 java.base@11.0.12
j  org.gradle.internal.dispatch.ReflectionDispatch.dispatch(Lorg/gradle/internal/dispatch/MethodInvocation;)V+19
j  org.gradle.internal.dispatch.ReflectionDispatch.dispatch(Ljava/lang/Object;)V+5
j  org.gradle.internal.remote.internal.hub.MessageHubBackedObjectConnection$DispatchWrapper.dispatch(Lorg/gradle/internal/dispatch/MethodInvocation;)V+5
j  org.gradle.internal.remote.internal.hub.MessageHubBackedObjectConnection$DispatchWrapper.dispatch(Ljava/lang/Object;)V+5
j  org.gradle.internal.remote.internal.hub.MessageHub$Handler.run()V+174
j  org.gradle.internal.concurrent.ExecutorPolicy$CatchAndRecordFailures.onExecute(Ljava/lang/Runnable;)V+1
j  org.gradle.internal.concurrent.ManagedExecutorImpl$1.run()V+25
j  java.util.concurrent.ThreadPoolExecutor.runWorker(Ljava/util/concurrent/ThreadPoolExecutor$Worker;)V+92 java.base@11.0.12
j  java.util.concurrent.ThreadPoolExecutor$Worker.run()V+5 java.base@11.0.12
j  org.gradle.internal.concurrent.ThreadFactoryImpl$ManagedThreadRunnable.run()V+7
j  java.lang.Thread.run()V+11 java.base@11.0.12
v  ~StubRoutines::call_stub

---------------  P R O C E S S  ---------------

Threads class SMR info:
_java_thread_list=0x000002bbf6189f50, length=19, elements={
0x000002bbd54b1800, 0x000002bbf0144800, 0x000002bbf014e000, 0x000002bbf0160800,
0x000002bbf0161000, 0x000002bbf0162800, 0x000002bbf0168000, 0x000002bbf0177000,
0x000002bbf019a800, 0x000002bbf0caf000, 0x000002bbf233e800, 0x000002bbf233d000,
0x000002bbf1d19800, 0x000002bbf3567000, 0x000002bbf660f800, 0x000002bbf3be7000,
0x000002bbf60fa800, 0x000002bbf5221000, 0x000002bbf5221800
}

Java Threads: ( => current thread )
  0x000002bbd54b1800 JavaThread "main" [_thread_blocked, id=9696, stack(0x000000f2d4900000,0x000000f2d4a00000)]
  0x000002bbf0144800 JavaThread "Reference Handler" daemon [_thread_blocked, id=8796, stack(0x000000f2d5000000,0x000000f2d5100000)]
  0x000002bbf014e000 JavaThread "Finalizer" daemon [_thread_blocked, id=5032, stack(0x000000f2d5100000,0x000000f2d5200000)]
  0x000002bbf0160800 JavaThread "Signal Dispatcher" daemon [_thread_blocked, id=11540, stack(0x000000f2d5200000,0x000000f2d5300000)]
  0x000002bbf0161000 JavaThread "Attach Listener" daemon [_thread_blocked, id=4088, stack(0x000000f2d5300000,0x000000f2d5400000)]
  0x000002bbf0162800 JavaThread "Service Thread" daemon [_thread_blocked, id=12616, stack(0x000000f2d5400000,0x000000f2d5500000)]
  0x000002bbf0168000 JavaThread "C2 CompilerThread0" daemon [_thread_in_native, id=2424, stack(0x000000f2d5500000,0x000000f2d5600000)]
  0x000002bbf0177000 JavaThread "C1 CompilerThread0" daemon [_thread_blocked, id=9156, stack(0x000000f2d5600000,0x000000f2d5700000)]
  0x000002bbf019a800 JavaThread "Sweeper thread" daemon [_thread_blocked, id=9400, stack(0x000000f2d5700000,0x000000f2d5800000)]
  0x000002bbf0caf000 JavaThread "Common-Cleaner" daemon [_thread_blocked, id=616, stack(0x000000f2d5800000,0x000000f2d5900000)]
=>0x000002bbf233e800 JavaThread "Test worker" [_thread_in_vm, id=12752, stack(0x000000f2d5e00000,0x000000f2d5f00000)]
  0x000002bbf233d000 JavaThread "/127.0.0.1:63603 to /127.0.0.1:63601 workers Thread 2" [_thread_blocked, id=3132, stack(0x000000f2d5f00000,0x000000f2d6000000)]
  0x000002bbf1d19800 JavaThread "/127.0.0.1:63603 to /127.0.0.1:63601 workers Thread 3" [_thread_in_native, id=7676, stack(0x000000f2d6000000,0x000000f2d6100000)]
  0x000002bbf3567000 JavaThread "ForkJoinPool.commonPool-worker-3" daemon [_thread_blocked, id=8568, stack(0x000000f2d6200000,0x000000f2d6300000)]
  0x000002bbf660f800 JavaThread "AsyncHttpClient-1-1" daemon [_thread_blocked, id=8204, stack(0x000000f2d6300000,0x000000f2d6400000)]
  0x000002bbf3be7000 JavaThread "Driver Service Executor" daemon [_thread_blocked, id=12096, stack(0x000000f2d6700000,0x000000f2d6800000)]
  0x000002bbf60fa800 JavaThread "Driver Service Executor" daemon [_thread_blocked, id=4660, stack(0x000000f2d6800000,0x000000f2d6900000)]
  0x000002bbf5221000 JavaThread "UrlChecker-2" daemon [_thread_blocked, id=3524, stack(0x000000f2d6900000,0x000000f2d6a00000)]
  0x000002bbf5221800 JavaThread "AsyncHttpClient-1-2" daemon [_thread_in_native, id=13204, stack(0x000000f2d6b00000,0x000000f2d6c00000)]

Other Threads:
  0x000002bbf0120800 VMThread "VM Thread" [stack: 0x000000f2d4f00000,0x000000f2d5000000] [id=6784] _threads_hazard_ptr=0x000002bbf6189f50
  0x000002bbf1153000 WatcherThread [stack: 0x000000f2d5a00000,0x000000f2d5b00000] [id=10176]
  0x000002bbd54c9800 GCTaskThread "GC Thread#0" [stack: 0x000000f2d4a00000,0x000000f2d4b00000] [id=6932]
  0x000002bbf1395800 GCTaskThread "GC Thread#1" [stack: 0x000000f2d5b00000,0x000000f2d5c00000] [id=9928]
  0x000002bbf1584800 GCTaskThread "GC Thread#2" [stack: 0x000000f2d5c00000,0x000000f2d5d00000] [id=3808]
  0x000002bbf1d54000 GCTaskThread "GC Thread#3" [stack: 0x000000f2d6100000,0x000000f2d6200000] [id=11036]
  0x000002bbd54da800 ConcurrentGCThread "G1 Main Marker" [stack: 0x000000f2d4b00000,0x000000f2d4c00000] [id=12228]
  0x000002bbd54dc000 ConcurrentGCThread "G1 Conc#0" [stack: 0x000000f2d4c00000,0x000000f2d4d00000] [id=11404]
  0x000002bbd5566000 ConcurrentGCThread "G1 Refine#0" [stack: 0x000000f2d4d00000,0x000000f2d4e00000] [id=10728]
  0x000002bbd5567800 ConcurrentGCThread "G1 Young RemSet Sampling" [stack: 0x000000f2d4e00000,0x000000f2d4f00000] [id=12336]

Threads with active compile tasks:
C2 CompilerThread0  21917 3663       4       java.lang.AbstractStringBuilder::appendChars (133 bytes)

VM state:not at safepoint (normal execution)

VM Mutex/Monitor currently owned by a thread: None

Heap address: 0x00000000e0000000, size: 512 MB, Compressed Oops mode: 32-bit
Narrow klass base: 0x0000000000000000, Narrow klass shift: 3
Compressed class space size: 1073741824 Address: 0x0000000100000000

Heap:
 garbage-first heap   total 129024K, used 66230K [0x00000000e0000000, 0x0000000100000000)
  region size 1024K, 10 young (10240K), 4 survivors (4096K)
 Metaspace       used 42966K, capacity 44241K, committed 44416K, reserved 1087488K
  class space    used 4928K, capacity 5447K, committed 5504K, reserved 1048576K
Heap Regions: E=young(eden), S=young(survivor), O=old, HS=humongous(starts), HC=humongous(continues), CS=collection set, F=free, A=archive, TAMS=top-at-mark-start (previous, next)
|   0|0x00000000e0000000, 0x00000000e0100000, 0x00000000e0100000|100%| O|  |TAMS 0x00000000e0100000, 0x00000000e0000000| Untracked 
|   1|0x00000000e0100000, 0x00000000e0200000, 0x00000000e0200000|100%| O|  |TAMS 0x00000000e0200000, 0x00000000e0100000| Untracked 
|   2|0x00000000e0200000, 0x00000000e0300000, 0x00000000e0300000|100%| O|  |TAMS 0x00000000e0300000, 0x00000000e0200000| Untracked 
|   3|0x00000000e0300000, 0x00000000e0400000, 0x00000000e0400000|100%| O|  |TAMS 0x00000000e0400000, 0x00000000e0300000| Untracked 
|   4|0x00000000e0400000, 0x00000000e0500000, 0x00000000e0500000|100%| O|  |TAMS 0x00000000e0500000, 0x00000000e0400000| Untracked 
|   5|0x00000000e0500000, 0x00000000e0600000, 0x00000000e0600000|100%| O|  |TAMS 0x00000000e0600000, 0x00000000e0500000| Untracked 
|   6|0x00000000e0600000, 0x00000000e0700000, 0x00000000e0700000|100%| O|  |TAMS 0x00000000e0700000, 0x00000000e0600000| Untracked 
|   7|0x00000000e0700000, 0x00000000e0800000, 0x00000000e0800000|100%| O|  |TAMS 0x00000000e0800000, 0x00000000e0700000| Untracked 
|   8|0x00000000e0800000, 0x00000000e0900000, 0x00000000e0900000|100%| O|  |TAMS 0x00000000e0900000, 0x00000000e0800000| Untracked 
|   9|0x00000000e0900000, 0x00000000e0a00000, 0x00000000e0a00000|100%| O|  |TAMS 0x00000000e0a00000, 0x00000000e0900000| Untracked 
|  10|0x00000000e0a00000, 0x00000000e0b00000, 0x00000000e0b00000|100%| O|  |TAMS 0x00000000e0b00000, 0x00000000e0a00000| Untracked 
|  11|0x00000000e0b00000, 0x00000000e0c00000, 0x00000000e0c00000|100%| O|  |TAMS 0x00000000e0c00000, 0x00000000e0b00000| Untracked 
|  12|0x00000000e0c00000, 0x00000000e0d00000, 0x00000000e0d00000|100%| O|  |TAMS 0x00000000e0d00000, 0x00000000e0c00000| Untracked 
|  13|0x00000000e0d00000, 0x00000000e0e00000, 0x00000000e0e00000|100%| O|  |TAMS 0x00000000e0e00000, 0x00000000e0d00000| Untracked 
|  14|0x00000000e0e00000, 0x00000000e0f00000, 0x00000000e0f00000|100%| O|  |TAMS 0x00000000e0f00000, 0x00000000e0e00000| Untracked 
|  15|0x00000000e0f00000, 0x00000000e1000000, 0x00000000e1000000|100%| O|  |TAMS 0x00000000e1000000, 0x00000000e0f00000| Untracked 
|  16|0x00000000e1000000, 0x00000000e1100000, 0x00000000e1100000|100%| O|  |TAMS 0x00000000e1100000, 0x00000000e1000000| Untracked 
|  17|0x00000000e1100000, 0x00000000e1200000, 0x00000000e1200000|100%| O|  |TAMS 0x00000000e1200000, 0x00000000e1100000| Untracked 
|  18|0x00000000e1200000, 0x00000000e1300000, 0x00000000e1300000|100%| O|  |TAMS 0x00000000e1300000, 0x00000000e1200000| Untracked 
|  19|0x00000000e1300000, 0x00000000e1400000, 0x00000000e1400000|100%| O|  |TAMS 0x00000000e1400000, 0x00000000e1300000| Untracked 
|  20|0x00000000e1400000, 0x00000000e1500000, 0x00000000e1500000|100%| O|  |TAMS 0x00000000e1500000, 0x00000000e1400000| Untracked 
|  21|0x00000000e1500000, 0x00000000e1600000, 0x00000000e1600000|100%| O|  |TAMS 0x00000000e1600000, 0x00000000e1500000| Untracked 
|  22|0x00000000e1600000, 0x00000000e1700000, 0x00000000e1700000|100%| O|  |TAMS 0x00000000e1700000, 0x00000000e1600000| Untracked 
|  23|0x00000000e1700000, 0x00000000e1800000, 0x00000000e1800000|100%| O|  |TAMS 0x00000000e1800000, 0x00000000e1700000| Untracked 
|  24|0x00000000e1800000, 0x00000000e1900000, 0x00000000e1900000|100%| O|  |TAMS 0x00000000e1900000, 0x00000000e1800000| Untracked 
|  25|0x00000000e1900000, 0x00000000e1a00000, 0x00000000e1a00000|100%| O|  |TAMS 0x00000000e1a00000, 0x00000000e1900000| Untracked 
|  26|0x00000000e1a00000, 0x00000000e1b00000, 0x00000000e1b00000|100%| O|  |TAMS 0x00000000e1b00000, 0x00000000e1a00000| Untracked 
|  27|0x00000000e1b00000, 0x00000000e1c00000, 0x00000000e1c00000|100%| O|  |TAMS 0x00000000e1c00000, 0x00000000e1b00000| Untracked 
|  28|0x00000000e1c00000, 0x00000000e1d00000, 0x00000000e1d00000|100%| O|  |TAMS 0x00000000e1d00000, 0x00000000e1c00000| Untracked 
|  29|0x00000000e1d00000, 0x00000000e1e00000, 0x00000000e1e00000|100%| O|  |TAMS 0x00000000e1e00000, 0x00000000e1d00000| Untracked 
|  30|0x00000000e1e00000, 0x00000000e1f00000, 0x00000000e1f00000|100%| O|  |TAMS 0x00000000e1f00000, 0x00000000e1e00000| Untracked 
|  31|0x00000000e1f00000, 0x00000000e2000000, 0x00000000e2000000|100%| O|  |TAMS 0x00000000e2000000, 0x00000000e1f00000| Untracked 
|  32|0x00000000e2000000, 0x00000000e2100000, 0x00000000e2100000|100%| O|  |TAMS 0x00000000e2100000, 0x00000000e2000000| Untracked 
|  33|0x00000000e2100000, 0x00000000e2200000, 0x00000000e2200000|100%| O|  |TAMS 0x00000000e2200000, 0x00000000e2100000| Untracked 
|  34|0x00000000e2200000, 0x00000000e2300000, 0x00000000e2300000|100%| O|  |TAMS 0x00000000e2300000, 0x00000000e2200000| Untracked 
|  35|0x00000000e2300000, 0x00000000e2400000, 0x00000000e2400000|100%| O|  |TAMS 0x00000000e2400000, 0x00000000e2300000| Untracked 
|  36|0x00000000e2400000, 0x00000000e2500000, 0x00000000e2500000|100%| O|  |TAMS 0x00000000e2500000, 0x00000000e2400000| Untracked 
|  37|0x00000000e2500000, 0x00000000e2600000, 0x00000000e2600000|100%| O|  |TAMS 0x00000000e2600000, 0x00000000e2500000| Untracked 
|  38|0x00000000e2600000, 0x00000000e2700000, 0x00000000e2700000|100%| O|  |TAMS 0x00000000e2700000, 0x00000000e2600000| Untracked 
|  39|0x00000000e2700000, 0x00000000e2800000, 0x00000000e2800000|100%| O|  |TAMS 0x00000000e277a200, 0x00000000e2700000| Untracked 
|  40|0x00000000e2800000, 0x00000000e2900000, 0x00000000e2900000|100%| O|  |TAMS 0x00000000e2800000, 0x00000000e2800000| Untracked 
|  41|0x00000000e2900000, 0x00000000e2a00000, 0x00000000e2a00000|100%| O|  |TAMS 0x00000000e2900000, 0x00000000e2900000| Untracked 
|  42|0x00000000e2a00000, 0x00000000e2b00000, 0x00000000e2b00000|100%| O|  |TAMS 0x00000000e2a00000, 0x00000000e2a00000| Untracked 
|  43|0x00000000e2b00000, 0x00000000e2c00000, 0x00000000e2c00000|100%| O|  |TAMS 0x00000000e2b00000, 0x00000000e2b00000| Untracked 
|  44|0x00000000e2c00000, 0x00000000e2d00000, 0x00000000e2d00000|100%| O|  |TAMS 0x00000000e2c00000, 0x00000000e2c00000| Untracked 
|  45|0x00000000e2d00000, 0x00000000e2e00000, 0x00000000e2e00000|100%| O|  |TAMS 0x00000000e2d00000, 0x00000000e2d00000| Untracked 
|  46|0x00000000e2e00000, 0x00000000e2f00000, 0x00000000e2f00000|100%| O|  |TAMS 0x00000000e2e00000, 0x00000000e2e00000| Untracked 
|  47|0x00000000e2f00000, 0x00000000e3000000, 0x00000000e3000000|100%| O|  |TAMS 0x00000000e2f00000, 0x00000000e2f00000| Untracked 
|  48|0x00000000e3000000, 0x00000000e3100000, 0x00000000e3100000|100%|HS|  |TAMS 0x00000000e3000000, 0x00000000e3000000| Complete 
|  49|0x00000000e3100000, 0x00000000e3200000, 0x00000000e3200000|100%|HC|  |TAMS 0x00000000e3100000, 0x00000000e3100000| Complete 
|  50|0x00000000e3200000, 0x00000000e3300000, 0x00000000e3300000|100%|HC|  |TAMS 0x00000000e3200000, 0x00000000e3200000| Complete 
|  51|0x00000000e3300000, 0x00000000e3400000, 0x00000000e3400000|100%|HC|  |TAMS 0x00000000e3300000, 0x00000000e3300000| Complete 
|  52|0x00000000e3400000, 0x00000000e3500000, 0x00000000e3500000|100%|HC|  |TAMS 0x00000000e3400000, 0x00000000e3400000| Complete 
|  53|0x00000000e3500000, 0x00000000e3600000, 0x00000000e3600000|100%| O|  |TAMS 0x00000000e3500000, 0x00000000e3500000| Untracked 
|  54|0x00000000e3600000, 0x00000000e3700000, 0x00000000e3700000|100%| O|  |TAMS 0x00000000e3600000, 0x00000000e3600000| Untracked 
|  55|0x00000000e3700000, 0x00000000e37f8c00, 0x00000000e3800000| 97%| O|  |TAMS 0x00000000e3700000, 0x00000000e3700000| Untracked 
|  56|0x00000000e3800000, 0x00000000e3800000, 0x00000000e3900000|  0%| F|  |TAMS 0x00000000e3800000, 0x00000000e3800000| Untracked 
|  57|0x00000000e3900000, 0x00000000e3900000, 0x00000000e3a00000|  0%| F|  |TAMS 0x00000000e3900000, 0x00000000e3900000| Untracked 
|  58|0x00000000e3a00000, 0x00000000e3a00000, 0x00000000e3b00000|  0%| F|  |TAMS 0x00000000e3a00000, 0x00000000e3a00000| Untracked 
|  59|0x00000000e3b00000, 0x00000000e3b00000, 0x00000000e3c00000|  0%| F|  |TAMS 0x00000000e3b00000, 0x00000000e3b00000| Untracked 
|  60|0x00000000e3c00000, 0x00000000e3c00000, 0x00000000e3d00000|  0%| F|  |TAMS 0x00000000e3c00000, 0x00000000e3c00000| Untracked 
|  61|0x00000000e3d00000, 0x00000000e3d00000, 0x00000000e3e00000|  0%| F|  |TAMS 0x00000000e3d00000, 0x00000000e3d00000| Untracked 
|  62|0x00000000e3e00000, 0x00000000e3e00000, 0x00000000e3f00000|  0%| F|  |TAMS 0x00000000e3e00000, 0x00000000e3e00000| Untracked 
|  63|0x00000000e3f00000, 0x00000000e3f00000, 0x00000000e4000000|  0%| F|  |TAMS 0x00000000e3f00000, 0x00000000e3f00000| Untracked 
|  64|0x00000000e4000000, 0x00000000e4000000, 0x00000000e4100000|  0%| F|  |TAMS 0x00000000e4000000, 0x00000000e4000000| Untracked 
|  65|0x00000000e4100000, 0x00000000e4100000, 0x00000000e4200000|  0%| F|  |TAMS 0x00000000e4100000, 0x00000000e4100000| Untracked 
|  66|0x00000000e4200000, 0x00000000e4200000, 0x00000000e4300000|  0%| F|  |TAMS 0x00000000e4200000, 0x00000000e4200000| Untracked 
|  67|0x00000000e4300000, 0x00000000e4300000, 0x00000000e4400000|  0%| F|  |TAMS 0x00000000e4300000, 0x00000000e4300000| Untracked 
|  68|0x00000000e4400000, 0x00000000e4400000, 0x00000000e4500000|  0%| F|  |TAMS 0x00000000e4400000, 0x00000000e4400000| Untracked 
|  69|0x00000000e4500000, 0x00000000e4500000, 0x00000000e4600000|  0%| F|  |TAMS 0x00000000e4500000, 0x00000000e4500000| Untracked 
|  70|0x00000000e4600000, 0x00000000e4600000, 0x00000000e4700000|  0%| F|  |TAMS 0x00000000e4600000, 0x00000000e4600000| Untracked 
|  71|0x00000000e4700000, 0x00000000e4700000, 0x00000000e4800000|  0%| F|  |TAMS 0x00000000e4700000, 0x00000000e4700000| Untracked 
|  72|0x00000000e4800000, 0x00000000e4800000, 0x00000000e4900000|  0%| F|  |TAMS 0x00000000e4800000, 0x00000000e4800000| Untracked 
|  73|0x00000000e4900000, 0x00000000e4900000, 0x00000000e4a00000|  0%| F|  |TAMS 0x00000000e4900000, 0x00000000e4900000| Untracked 
|  74|0x00000000e4a00000, 0x00000000e4a00000, 0x00000000e4b00000|  0%| F|  |TAMS 0x00000000e4a00000, 0x00000000e4a00000| Untracked 
|  75|0x00000000e4b00000, 0x00000000e4bb4e80, 0x00000000e4c00000| 70%| S|CS|TAMS 0x00000000e4b00000, 0x00000000e4b00000| Complete 
|  76|0x00000000e4c00000, 0x00000000e4c00000, 0x00000000e4d00000|  0%| F|  |TAMS 0x00000000e4c00000, 0x00000000e4c00000| Untracked 
|  77|0x00000000e4d00000, 0x00000000e4d00000, 0x00000000e4e00000|  0%| F|  |TAMS 0x00000000e4d00000, 0x00000000e4d00000| Untracked 
|  78|0x00000000e4e00000, 0x00000000e4e00000, 0x00000000e4f00000|  0%| F|  |TAMS 0x00000000e4e00000, 0x00000000e4e00000| Untracked 
|  79|0x00000000e4f00000, 0x00000000e4f00000, 0x00000000e5000000|  0%| F|  |TAMS 0x00000000e4f00000, 0x00000000e4f00000| Untracked 
|  80|0x00000000e5000000, 0x00000000e5100000, 0x00000000e5100000|100%| S|CS|TAMS 0x00000000e5000000, 0x00000000e5000000| Complete 
|  81|0x00000000e5100000, 0x00000000e5200000, 0x00000000e5200000|100%| S|CS|TAMS 0x00000000e5100000, 0x00000000e5100000| Complete 
|  82|0x00000000e5200000, 0x00000000e5300000, 0x00000000e5300000|100%| S|CS|TAMS 0x00000000e5200000, 0x00000000e5200000| Complete 
|  83|0x00000000e5300000, 0x00000000e5300000, 0x00000000e5400000|  0%| F|  |TAMS 0x00000000e5300000, 0x00000000e5300000| Untracked 
|  84|0x00000000e5400000, 0x00000000e5400000, 0x00000000e5500000|  0%| F|  |TAMS 0x00000000e5400000, 0x00000000e5400000| Untracked 
|  85|0x00000000e5500000, 0x00000000e5500000, 0x00000000e5600000|  0%| F|  |TAMS 0x00000000e5500000, 0x00000000e5500000| Untracked 
|  86|0x00000000e5600000, 0x00000000e5600000, 0x00000000e5700000|  0%| F|  |TAMS 0x00000000e5600000, 0x00000000e5600000| Untracked 
|  87|0x00000000e5700000, 0x00000000e5700000, 0x00000000e5800000|  0%| F|  |TAMS 0x00000000e5700000, 0x00000000e5700000| Untracked 
|  88|0x00000000e5800000, 0x00000000e5800000, 0x00000000e5900000|  0%| F|  |TAMS 0x00000000e5800000, 0x00000000e5800000| Untracked 
|  89|0x00000000e5900000, 0x00000000e5900000, 0x00000000e5a00000|  0%| F|  |TAMS 0x00000000e5900000, 0x00000000e5900000| Untracked 
|  90|0x00000000e5a00000, 0x00000000e5a00000, 0x00000000e5b00000|  0%| F|  |TAMS 0x00000000e5a00000, 0x00000000e5a00000| Untracked 
|  91|0x00000000e5b00000, 0x00000000e5b00000, 0x00000000e5c00000|  0%| F|  |TAMS 0x00000000e5b00000, 0x00000000e5b00000| Untracked 
|  92|0x00000000e5c00000, 0x00000000e5c00000, 0x00000000e5d00000|  0%| F|  |TAMS 0x00000000e5c00000, 0x00000000e5c00000| Untracked 
|  93|0x00000000e5d00000, 0x00000000e5d00000, 0x00000000e5e00000|  0%| F|  |TAMS 0x00000000e5d00000, 0x00000000e5d00000| Untracked 
|  94|0x00000000e5e00000, 0x00000000e5e00000, 0x00000000e5f00000|  0%| F|  |TAMS 0x00000000e5e00000, 0x00000000e5e00000| Untracked 
|  95|0x00000000e5f00000, 0x00000000e5f00000, 0x00000000e6000000|  0%| F|  |TAMS 0x00000000e5f00000, 0x00000000e5f00000| Untracked 
|  96|0x00000000e6000000, 0x00000000e6000000, 0x00000000e6100000|  0%| F|  |TAMS 0x00000000e6000000, 0x00000000e6000000| Untracked 
|  97|0x00000000e6100000, 0x00000000e6100000, 0x00000000e6200000|  0%| F|  |TAMS 0x00000000e6100000, 0x00000000e6100000| Untracked 
|  98|0x00000000e6200000, 0x00000000e6200000, 0x00000000e6300000|  0%| F|  |TAMS 0x00000000e6200000, 0x00000000e6200000| Untracked 
|  99|0x00000000e6300000, 0x00000000e6300000, 0x00000000e6400000|  0%| F|  |TAMS 0x00000000e6300000, 0x00000000e6300000| Untracked 
| 100|0x00000000e6400000, 0x00000000e6400000, 0x00000000e6500000|  0%| F|  |TAMS 0x00000000e6400000, 0x00000000e6400000| Untracked 
| 101|0x00000000e6500000, 0x00000000e6500000, 0x00000000e6600000|  0%| F|  |TAMS 0x00000000e6500000, 0x00000000e6500000| Untracked 
| 102|0x00000000e6600000, 0x00000000e6600000, 0x00000000e6700000|  0%| F|  |TAMS 0x00000000e6600000, 0x00000000e6600000| Untracked 
| 103|0x00000000e6700000, 0x00000000e6700000, 0x00000000e6800000|  0%| F|  |TAMS 0x00000000e6700000, 0x00000000e6700000| Untracked 
| 104|0x00000000e6800000, 0x00000000e6800000, 0x00000000e6900000|  0%| F|  |TAMS 0x00000000e6800000, 0x00000000e6800000| Untracked 
| 105|0x00000000e6900000, 0x00000000e6900000, 0x00000000e6a00000|  0%| F|  |TAMS 0x00000000e6900000, 0x00000000e6900000| Untracked 
| 106|0x00000000e6a00000, 0x00000000e6a00000, 0x00000000e6b00000|  0%| F|  |TAMS 0x00000000e6a00000, 0x00000000e6a00000| Untracked 
| 107|0x00000000e6b00000, 0x00000000e6b00000, 0x00000000e6c00000|  0%| F|  |TAMS 0x00000000e6b00000, 0x00000000e6b00000| Untracked 
| 108|0x00000000e6c00000, 0x00000000e6c00000, 0x00000000e6d00000|  0%| F|  |TAMS 0x00000000e6c00000, 0x00000000e6c00000| Untracked 
| 109|0x00000000e6d00000, 0x00000000e6d00000, 0x00000000e6e00000|  0%| F|  |TAMS 0x00000000e6d00000, 0x00000000e6d00000| Untracked 
| 110|0x00000000e6e00000, 0x00000000e6e00000, 0x00000000e6f00000|  0%| F|  |TAMS 0x00000000e6e00000, 0x00000000e6e00000| Untracked 
| 111|0x00000000e6f00000, 0x00000000e6f00000, 0x00000000e7000000|  0%| F|  |TAMS 0x00000000e6f00000, 0x00000000e6f00000| Untracked 
| 112|0x00000000e7000000, 0x00000000e7000000, 0x00000000e7100000|  0%| F|  |TAMS 0x00000000e7000000, 0x00000000e7000000| Untracked 
| 113|0x00000000e7100000, 0x00000000e7100000, 0x00000000e7200000|  0%| F|  |TAMS 0x00000000e7100000, 0x00000000e7100000| Untracked 
| 114|0x00000000e7200000, 0x00000000e7200000, 0x00000000e7300000|  0%| F|  |TAMS 0x00000000e7200000, 0x00000000e7200000| Untracked 
| 115|0x00000000e7300000, 0x00000000e7300000, 0x00000000e7400000|  0%| F|  |TAMS 0x00000000e7300000, 0x00000000e7300000| Untracked 
| 116|0x00000000e7400000, 0x00000000e7400000, 0x00000000e7500000|  0%| F|  |TAMS 0x00000000e7400000, 0x00000000e7400000| Untracked 
| 117|0x00000000e7500000, 0x00000000e7500000, 0x00000000e7600000|  0%| F|  |TAMS 0x00000000e7500000, 0x00000000e7500000| Untracked 
| 118|0x00000000e7600000, 0x00000000e7600000, 0x00000000e7700000|  0%| F|  |TAMS 0x00000000e7600000, 0x00000000e7600000| Untracked 
| 119|0x00000000e7700000, 0x00000000e7700000, 0x00000000e7800000|  0%| F|  |TAMS 0x00000000e7700000, 0x00000000e7700000| Untracked 
| 120|0x00000000e7800000, 0x00000000e7881258, 0x00000000e7900000| 50%| E|  |TAMS 0x00000000e7800000, 0x00000000e7800000| Complete 
| 121|0x00000000e7900000, 0x00000000e7a00000, 0x00000000e7a00000|100%| E|CS|TAMS 0x00000000e7900000, 0x00000000e7900000| Complete 
| 122|0x00000000e7a00000, 0x00000000e7b00000, 0x00000000e7b00000|100%| E|CS|TAMS 0x00000000e7a00000, 0x00000000e7a00000| Complete 
| 123|0x00000000e7b00000, 0x00000000e7c00000, 0x00000000e7c00000|100%| E|CS|TAMS 0x00000000e7b00000, 0x00000000e7b00000| Complete 
| 124|0x00000000e7c00000, 0x00000000e7d00000, 0x00000000e7d00000|100%| E|CS|TAMS 0x00000000e7c00000, 0x00000000e7c00000| Complete 
| 125|0x00000000e7d00000, 0x00000000e7e00000, 0x00000000e7e00000|100%| E|CS|TAMS 0x00000000e7d00000, 0x00000000e7d00000| Complete 

Card table byte_map: [0x000002bbec960000,0x000002bbeca60000] _byte_map_base: 0x000002bbec260000

Marking Bits (Prev, Next): (CMBitMap*) 0x000002bbd54d7ea0, (CMBitMap*) 0x000002bbd54d7e68
 Prev Bits: [0x000002bbed360000, 0x000002bbedb60000)
 Next Bits: [0x000002bbecb60000, 0x000002bbed360000)

Polling page: 0x000002bbd3490000

Metaspace:

Usage:
  Non-class:     37.88 MB capacity,    37.15 MB ( 98%) used,   608.59 KB (  2%) free+waste,   146.69 KB ( <1%) overhead. 
      Class:      5.32 MB capacity,     4.81 MB ( 90%) used,   447.41 KB (  8%) free+waste,    71.38 KB (  1%) overhead. 
       Both:     43.20 MB capacity,    41.96 MB ( 97%) used,     1.03 MB (  2%) free+waste,   218.06 KB ( <1%) overhead. 

Virtual space:
  Non-class space:       38.00 MB reserved,      38.00 MB (100%) committed 
      Class space:        1.00 GB reserved,       5.38 MB ( <1%) committed 
             Both:        1.04 GB reserved,      43.38 MB (  4%) committed 

Chunk freelists:
   Non-Class:  0 bytes
       Class:  0 bytes
        Both:  0 bytes

CodeHeap 'non-profiled nmethods': size=120064Kb used=2503Kb max_used=2503Kb free=117560Kb
 bounds [0x000002bbe5420000, 0x000002bbe56a0000, 0x000002bbec960000]
CodeHeap 'profiled nmethods': size=120000Kb used=8156Kb max_used=8156Kb free=111843Kb
 bounds [0x000002bbddef0000, 0x000002bbde6f0000, 0x000002bbe5420000]
CodeHeap 'non-nmethods': size=5696Kb used=1206Kb max_used=1295Kb free=4489Kb
 bounds [0x000002bbdd960000, 0x000002bbddbd0000, 0x000002bbddef0000]
 total_blobs=4255 nmethods=3688 adapters=477
 compilation: enabled
              stopped_count=0, restarted_count=0
 full_count=0

Compilation events (10 events):
Event: 21.899 Thread 0x000002bbf0177000 3767       2       java.lang.invoke.MethodHandle::bindArgumentL (10 bytes)
Event: 21.899 Thread 0x000002bbf0177000 nmethod 3767 0x000002bbde6e5d10 code [0x000002bbde6e5ee0, 0x000002bbde6e6148]
Event: 21.899 Thread 0x000002bbf0177000 3768       2       java.lang.invoke.DelegatingMethodHandle::rebind (8 bytes)
Event: 21.899 Thread 0x000002bbf0177000 nmethod 3768 0x000002bbde6e6310 code [0x000002bbde6e64c0, 0x000002bbde6e65f8]
Event: 21.899 Thread 0x000002bbf0177000 3769       2       java.lang.invoke.BoundMethodHandle::bindSingle (7 bytes)
Event: 21.900 Thread 0x000002bbf0177000 nmethod 3769 0x000002bbde6e6690 code [0x000002bbde6e6840, 0x000002bbde6e6a08]
Event: 21.900 Thread 0x000002bbf0177000 3770       2       java.lang.invoke.SimpleMethodHandle::speciesData (4 bytes)
Event: 21.900 Thread 0x000002bbf0177000 nmethod 3770 0x000002bbde6e6b10 code [0x000002bbde6e6ca0, 0x000002bbde6e6d98]
Event: 21.900 Thread 0x000002bbf0177000 3771       2       java.lang.invoke.SimpleMethodHandle::copyWithExtendL (7 bytes)
Event: 21.900 Thread 0x000002bbf0177000 nmethod 3771 0x000002bbde6e6e10 code [0x000002bbde6e6fc0, 0x000002bbde6e71a8]

GC Heap History (10 events):
Event: 4.234 GC heap before
{Heap before GC invocations=11 (full 0):
 garbage-first heap   total 129024K, used 53711K [0x00000000e0000000, 0x0000000100000000)
  region size 1024K, 19 young (19456K), 5 survivors (5120K)
 Metaspace       used 34680K, capacity 35722K, committed 35840K, reserved 1081344K
  class space    used 3832K, capacity 4260K, committed 4352K, reserved 1048576K
}
Event: 4.241 GC heap after
{Heap after GC invocations=12 (full 0):
 garbage-first heap   total 129024K, used 41920K [0x00000000e0000000, 0x0000000100000000)
  region size 1024K, 2 young (2048K), 2 survivors (2048K)
 Metaspace       used 34680K, capacity 35722K, committed 35840K, reserved 1081344K
  class space    used 3832K, capacity 4260K, committed 4352K, reserved 1048576K
}
Event: 4.568 GC heap before
{Heap before GC invocations=13 (full 0):
 garbage-first heap   total 129024K, used 85952K [0x00000000e0000000, 0x0000000100000000)
  region size 1024K, 45 young (46080K), 2 survivors (2048K)
 Metaspace       used 36620K, capacity 37681K, committed 37888K, reserved 1083392K
  class space    used 4085K, capacity 4486K, committed 4608K, reserved 1048576K
}
Event: 4.574 GC heap after
{Heap after GC invocations=14 (full 0):
 garbage-first heap   total 129024K, used 44890K [0x00000000e0000000, 0x0000000100000000)
  region size 1024K, 5 young (5120K), 5 survivors (5120K)
 Metaspace       used 36620K, capacity 37681K, committed 37888K, reserved 1083392K
  class space    used 4085K, capacity 4486K, committed 4608K, reserved 1048576K
}
Event: 5.578 GC heap before
{Heap before GC invocations=15 (full 0):
 garbage-first heap   total 129024K, used 88922K [0x00000000e0000000, 0x0000000100000000)
  region size 1024K, 48 young (49152K), 5 survivors (5120K)
 Metaspace       used 38853K, capacity 39986K, committed 40192K, reserved 1085440K
  class space    used 4363K, capacity 4790K, committed 4864K, reserved 1048576K
}
Event: 5.586 GC heap after
{Heap after GC invocations=16 (full 0):
 garbage-first heap   total 129024K, used 48529K [0x00000000e0000000, 0x0000000100000000)
  region size 1024K, 4 young (4096K), 4 survivors (4096K)
 Metaspace       used 38853K, capacity 39986K, committed 40192K, reserved 1085440K
  class space    used 4363K, capacity 4790K, committed 4864K, reserved 1048576K
}
Event: 5.925 GC heap before
{Heap before GC invocations=16 (full 0):
 garbage-first heap   total 129024K, used 93585K [0x00000000e0000000, 0x0000000100000000)
  region size 1024K, 48 young (49152K), 4 survivors (4096K)
 Metaspace       used 40783K, capacity 41989K, committed 42240K, reserved 1087488K
  class space    used 4623K, capacity 5099K, committed 5120K, reserved 1048576K
}
Event: 5.931 GC heap after
{Heap after GC invocations=17 (full 0):
 garbage-first heap   total 129024K, used 52572K [0x00000000e0000000, 0x0000000100000000)
  region size 1024K, 4 young (4096K), 4 survivors (4096K)
 Metaspace       used 40783K, capacity 41989K, committed 42240K, reserved 1087488K
  class space    used 4623K, capacity 5099K, committed 5120K, reserved 1048576K
}
Event: 21.820 GC heap before
{Heap before GC invocations=17 (full 0):
 garbage-first heap   total 129024K, used 101724K [0x00000000e0000000, 0x0000000100000000)
  region size 1024K, 47 young (48128K), 4 survivors (4096K)
 Metaspace       used 42637K, capacity 43916K, committed 44160K, reserved 1087488K
  class space    used 4893K, capacity 5401K, committed 5504K, reserved 1048576K
}
Event: 21.827 GC heap after
{Heap after GC invocations=18 (full 0):
 garbage-first heap   total 129024K, used 61110K [0x00000000e0000000, 0x0000000100000000)
  region size 1024K, 4 young (4096K), 4 survivors (4096K)
 Metaspace       used 42637K, capacity 43916K, committed 44160K, reserved 1087488K
  class space    used 4893K, capacity 5401K, committed 5504K, reserved 1048576K
}

Deoptimization events (10 events):
Event: 6.007 Thread 0x000002bbf5221800 Uncommon trap: reason=unstable_if action=reinterpret pc=0x000002bbe55b7f74 method=java.lang.CharacterData.of(I)Ljava/lang/CharacterData; @ 15 c2
Event: 6.137 Thread 0x000002bbf5221800 Uncommon trap: reason=class_check action=maybe_recompile pc=0x000002bbe54d276c method=java.nio.DirectByteBuffer.<init>(Lsun/nio/ch/DirectBuffer;IIIII)V @ 12 c2
Event: 6.137 Thread 0x000002bbf5221800 Uncommon trap: reason=class_check action=maybe_recompile pc=0x000002bbe54d276c method=java.nio.DirectByteBuffer.<init>(Lsun/nio/ch/DirectBuffer;IIIII)V @ 12 c2
Event: 21.651 Thread 0x000002bbf522c000 Uncommon trap: reason=unstable_if action=reinterpret pc=0x000002bbe55ca20c method=java.io.BufferedInputStream.read1([BII)I @ 60 c2
Event: 21.658 Thread 0x000002bbf5221800 Uncommon trap: reason=class_check action=maybe_recompile pc=0x000002bbe54d276c method=java.nio.DirectByteBuffer.<init>(Lsun/nio/ch/DirectBuffer;IIIII)V @ 12 c2
Event: 21.658 Thread 0x000002bbf5221800 Uncommon trap: reason=unstable_if action=reinterpret pc=0x000002bbe543e800 method=java.lang.StringCoding.hasNegatives([BII)Z @ 12 c2
Event: 21.661 Thread 0x000002bbf54fb000 Uncommon trap: reason=unstable_if action=reinterpret pc=0x000002bbe54e51e4 method=java.lang.Integer.stringSize(I)I @ 3 c2
Event: 21.661 Thread 0x000002bbf54fb000 Uncommon trap: reason=unstable_if action=reinterpret pc=0x000002bbe54e2d18 method=java.lang.Integer.getChars(II[B)I @ 4 c2
Event: 21.661 Thread 0x000002bbf54fb000 Uncommon trap: reason=unstable_if action=reinterpret pc=0x000002bbe54ca540 method=java.lang.Integer.stringSize(I)I @ 3 c2
Event: 21.869 Thread 0x000002bbf233e800 Uncommon trap: reason=unstable_if action=reinterpret pc=0x000002bbe5511d70 method=java.util.concurrent.ConcurrentHashMap.get(Ljava/lang/Object;)Ljava/lang/Object; @ 76 c2

Classes redefined (0 events):
No events

Internal exceptions (10 events):
Event: 21.709 Thread 0x000002bbf233e800 Exception <a 'java/lang/IncompatibleClassChangeError'{0x00000000e5d96c88}: Found class java.lang.Object, but interface was expected> (0x00000000e5d96c88) thrown at [./open/src/hotspot/share/interpreter/linkResolver.cpp, line 838]
Event: 21.709 Thread 0x000002bbf233e800 Exception <a 'java/lang/IncompatibleClassChangeError'{0x00000000e5d99eb8}: Found class java.lang.Object, but interface was expected> (0x00000000e5d99eb8) thrown at [./open/src/hotspot/share/interpreter/linkResolver.cpp, line 838]
Event: 21.709 Thread 0x000002bbf233e800 Exception <a 'java/lang/IncompatibleClassChangeError'{0x00000000e5d9d0c0}: Found class java.lang.Object, but interface was expected> (0x00000000e5d9d0c0) thrown at [./open/src/hotspot/share/interpreter/linkResolver.cpp, line 838]
Event: 21.710 Thread 0x000002bbf233e800 Exception <a 'java/lang/IncompatibleClassChangeError'{0x00000000e5da02e8}: Found class java.lang.Object, but interface was expected> (0x00000000e5da02e8) thrown at [./open/src/hotspot/share/interpreter/linkResolver.cpp, line 838]
Event: 21.710 Thread 0x000002bbf233e800 Exception <a 'sun/nio/fs/WindowsException'{0x00000000e5da32e0}> (0x00000000e5da32e0) thrown at [./open/src/hotspot/share/prims/jni.cpp, line 611]
Event: 21.898 Thread 0x000002bbf233e800 Exception <a 'java/lang/IncompatibleClassChangeError'{0x00000000e7851610}: Found class java.lang.Object, but interface was expected> (0x00000000e7851610) thrown at [./open/src/hotspot/share/interpreter/linkResolver.cpp, line 838]
Event: 21.900 Thread 0x000002bbf233e800 Exception <a 'java/lang/IncompatibleClassChangeError'{0x00000000e7869cf0}: Found class java.lang.Object, but interface was expected> (0x00000000e7869cf0) thrown at [./open/src/hotspot/share/interpreter/linkResolver.cpp, line 838]
Event: 21.900 Thread 0x000002bbf233e800 Exception <a 'java/lang/IncompatibleClassChangeError'{0x00000000e786cfc0}: Found class java.lang.Object, but interface was expected> (0x00000000e786cfc0) thrown at [./open/src/hotspot/share/interpreter/linkResolver.cpp, line 838]
Event: 21.900 Thread 0x000002bbf233e800 Exception <a 'java/lang/IncompatibleClassChangeError'{0x00000000e78702d0}: Found class java.lang.Object, but interface was expected> (0x00000000e78702d0) thrown at [./open/src/hotspot/share/interpreter/linkResolver.cpp, line 838]
Event: 21.900 Thread 0x000002bbf233e800 Exception <a 'java/lang/IncompatibleClassChangeError'{0x00000000e7873610}: Found class java.lang.Object, but interface was expected> (0x00000000e7873610) thrown at [./open/src/hotspot/share/interpreter/linkResolver.cpp, line 838]

Events (10 events):
Event: 21.900 loading class io/qameta/allure/model/TestResultContainer
Event: 21.900 loading class io/qameta/allure/model/TestResultContainer done
Event: 21.900 loading class io/qameta/allure/model/TestResultContainer
Event: 21.900 loading class io/qameta/allure/model/TestResultContainer done
Event: 21.900 loading class io/qameta/allure/model/TestResultContainer
Event: 21.900 loading class io/qameta/allure/model/TestResultContainer done
Event: 21.900 loading class io/qameta/allure/model/TestResultContainer
Event: 21.900 loading class io/qameta/allure/model/TestResultContainer done
Event: 21.900 loading class io/qameta/allure/model/TestResultContainer
Event: 21.900 loading class io/qameta/allure/model/TestResultContainer done


Dynamic libraries:
0x00007ff635330000 - 0x00007ff63533f000 	C:\Program Files\Java\jdk-11.0.12\bin\java.exe
0x00007ff8e0670000 - 0x00007ff8e0868000 	C:\Windows\SYSTEM32\ntdll.dll
0x00007ff8df340000 - 0x00007ff8df3fd000 	C:\Windows\System32\KERNEL32.DLL
0x00007ff8de010000 - 0x00007ff8de306000 	C:\Windows\System32\KERNELBASE.dll
0x00007ff8de3f0000 - 0x00007ff8de4f0000 	C:\Windows\System32\ucrtbase.dll
0x00007ff8ad970000 - 0x00007ff8ad985000 	C:\Program Files\Java\jdk-11.0.12\bin\VCRUNTIME140.dll
0x00007ff8ad990000 - 0x00007ff8ad9a8000 	C:\Program Files\Java\jdk-11.0.12\bin\jli.dll
0x00007ff8df490000 - 0x00007ff8df53e000 	C:\Windows\System32\ADVAPI32.dll
0x00007ff8df5d0000 - 0x00007ff8df66e000 	C:\Windows\System32\msvcrt.dll
0x00007ff8e0150000 - 0x00007ff8e01ec000 	C:\Windows\System32\sechost.dll
0x00007ff8de700000 - 0x00007ff8de826000 	C:\Windows\System32\RPCRT4.dll
0x00007ff8e01f0000 - 0x00007ff8e038e000 	C:\Windows\System32\USER32.dll
0x00007ff8c1a40000 - 0x00007ff8c1cda000 	C:\Windows\WinSxS\amd64_microsoft.windows.common-controls_6595b64144ccf1df_6.0.19041.1110_none_60b5254171f9507e\COMCTL32.dll
0x00007ff8de3c0000 - 0x00007ff8de3e2000 	C:\Windows\System32\win32u.dll
0x00007ff8df740000 - 0x00007ff8df76c000 	C:\Windows\System32\GDI32.dll
0x00007ff8de520000 - 0x00007ff8de63a000 	C:\Windows\System32\gdi32full.dll
0x00007ff8ddd50000 - 0x00007ff8ddded000 	C:\Windows\System32\msvcp_win.dll
0x00007ff8cef30000 - 0x00007ff8cef3a000 	C:\Windows\SYSTEM32\VERSION.dll
0x00007ff8de6d0000 - 0x00007ff8de700000 	C:\Windows\System32\IMM32.DLL
0x00007ff8ac190000 - 0x00007ff8ac22b000 	C:\Program Files\Java\jdk-11.0.12\bin\msvcp140.dll
0x00007ff8ab690000 - 0x00007ff8ac18f000 	C:\Program Files\Java\jdk-11.0.12\bin\server\jvm.dll
0x00007ff8e03f0000 - 0x00007ff8e03f8000 	C:\Windows\System32\PSAPI.DLL
0x00007ff8b0e40000 - 0x00007ff8b0e67000 	C:\Windows\SYSTEM32\WINMM.dll
0x00007ff8b7f60000 - 0x00007ff8b7f69000 	C:\Windows\SYSTEM32\WSOCK32.dll
0x00007ff8dffb0000 - 0x00007ff8e001b000 	C:\Windows\System32\WS2_32.dll
0x00007ff8dc570000 - 0x00007ff8dc582000 	C:\Windows\SYSTEM32\kernel.appcore.dll
0x00007ff8ab460000 - 0x00007ff8ab470000 	C:\Program Files\Java\jdk-11.0.12\bin\verify.dll
0x00007ff8cab40000 - 0x00007ff8cad24000 	C:\Windows\SYSTEM32\DBGHELP.DLL
0x00007ff8bde40000 - 0x00007ff8bde74000 	C:\Windows\SYSTEM32\dbgcore.DLL
0x00007ff8de640000 - 0x00007ff8de6c2000 	C:\Windows\System32\bcryptPrimitives.dll
0x00007ff8ab430000 - 0x00007ff8ab458000 	C:\Program Files\Java\jdk-11.0.12\bin\java.dll
0x00007ff8ab420000 - 0x00007ff8ab42a000 	C:\Program Files\Java\jdk-11.0.12\bin\jimage.dll
0x00007ff8dafb0000 - 0x00007ff8dafbe000 	C:\Program Files\Java\jdk-11.0.12\bin\instrument.dll
0x00007ff8ab320000 - 0x00007ff8ab336000 	C:\Program Files\Java\jdk-11.0.12\bin\zip.dll
0x00007ff8debf0000 - 0x00007ff8df335000 	C:\Windows\System32\SHELL32.dll
0x00007ff8dbd90000 - 0x00007ff8dc52b000 	C:\Windows\SYSTEM32\windows.storage.dll
0x00007ff8de890000 - 0x00007ff8debe4000 	C:\Windows\System32\combase.dll
0x00007ff8dd720000 - 0x00007ff8dd74e000 	C:\Windows\SYSTEM32\Wldp.dll
0x00007ff8df770000 - 0x00007ff8df81d000 	C:\Windows\System32\SHCORE.dll
0x00007ff8df9e0000 - 0x00007ff8dfa35000 	C:\Windows\System32\shlwapi.dll
0x00007ff8ddc80000 - 0x00007ff8ddca5000 	C:\Windows\SYSTEM32\profapi.dll
0x00007ff8ab4b0000 - 0x00007ff8ab4c9000 	C:\Program Files\Java\jdk-11.0.12\bin\net.dll
0x00007ff8ce050000 - 0x00007ff8ce15a000 	C:\Windows\SYSTEM32\WINHTTP.dll
0x00007ff8dd420000 - 0x00007ff8dd48a000 	C:\Windows\system32\mswsock.dll
0x00007ff8a9f60000 - 0x00007ff8a9f72000 	C:\Program Files\Java\jdk-11.0.12\bin\nio.dll
0x00007ff8dd620000 - 0x00007ff8dd638000 	C:\Windows\SYSTEM32\CRYPTSP.dll
0x00007ff8dcd30000 - 0x00007ff8dcd64000 	C:\Windows\system32\rsaenh.dll
0x00007ff8de4f0000 - 0x00007ff8de517000 	C:\Windows\System32\bcrypt.dll
0x00007ff8ddc40000 - 0x00007ff8ddc6e000 	C:\Windows\SYSTEM32\USERENV.dll
0x00007ff8dd610000 - 0x00007ff8dd61c000 	C:\Windows\SYSTEM32\CRYPTBASE.dll
0x00007ff8dd110000 - 0x00007ff8dd14b000 	C:\Windows\SYSTEM32\IPHLPAPI.DLL
0x00007ff8df820000 - 0x00007ff8df828000 	C:\Windows\System32\NSI.dll
0x00007ff8ce760000 - 0x00007ff8ce777000 	C:\Windows\SYSTEM32\dhcpcsvc6.DLL
0x00007ff8d3680000 - 0x00007ff8d369d000 	C:\Windows\SYSTEM32\dhcpcsvc.DLL
0x00007ff8dd150000 - 0x00007ff8dd21a000 	C:\Windows\SYSTEM32\DNSAPI.dll
0x00007ff85f520000 - 0x00007ff85f537000 	C:\Windows\system32\napinsp.dll
0x00007ff85f500000 - 0x00007ff85f51b000 	C:\Windows\system32\pnrpnsp.dll
0x00007ff8d8d10000 - 0x00007ff8d8d25000 	C:\Windows\system32\wshbth.dll
0x00007ff8d9220000 - 0x00007ff8d923d000 	C:\Windows\system32\NLAapi.dll
0x00007ff85f4e0000 - 0x00007ff85f4f2000 	C:\Windows\System32\winrnr.dll
0x00007ff8d6c30000 - 0x00007ff8d6c3a000 	C:\Windows\System32\rasadhlp.dll
0x00007ff8bbee0000 - 0x00007ff8bbf62000 	C:\Windows\System32\fwpuclnt.dll
0x00007ff8c58d0000 - 0x00007ff8c58d9000 	C:\Program Files\Java\jdk-11.0.12\bin\management.dll
0x00007ff8c58c0000 - 0x00007ff8c58cb000 	C:\Program Files\Java\jdk-11.0.12\bin\management_ext.dll
0x00007ff8b5c20000 - 0x00007ff8b5c2d000 	C:\Program Files\Java\jdk-11.0.12\bin\sunmscapi.dll
0x00007ff8dddf0000 - 0x00007ff8ddf4e000 	C:\Windows\System32\CRYPT32.dll
0x00007ff8dd790000 - 0x00007ff8dd7b8000 	C:\Windows\SYSTEM32\ncrypt.dll
0x00007ff8dd750000 - 0x00007ff8dd78b000 	C:\Windows\SYSTEM32\NTASN1.dll
0x00007ff89fbf0000 - 0x00007ff89fc15000 	C:\Program Files\Java\jdk-11.0.12\bin\sunec.dll

dbghelp: loaded successfully - version: 4.0.5 - missing functions: none
symbol engine: initialized successfully - sym options: 0x614 - pdb path: .;C:\Program Files\Java\jdk-11.0.12\bin;C:\Windows\SYSTEM32;C:\Windows\WinSxS\amd64_microsoft.windows.common-controls_6595b64144ccf1df_6.0.19041.1110_none_60b5254171f9507e;C:\Program Files\Java\jdk-11.0.12\bin\server

VM Arguments:
jvm_args: -Daction.aware.typeAhead=false -Dallure.results.directory=C:\Users\User\senama-soft-autotests\build\allure-results -Dawt.toolkit=sun.awt.windows.WToolkit -Dcom.jetbrains.suppressWindowRaise=false -Dfile.separator=\ -Dide.native.launcher=true -Didea.active=true -Didea.cycle.buffer.size=1024 -Didea.dynamic.classpath=false -Didea.fatal.error.notification=disabled -Didea.jre.check=true -Didea.max.content.load.filesize=20000 -Didea.max.intellisense.filesize=2500 -Didea.no.launcher=false -Didea.paths.selector=IdeaIC2021.2 -Didea.platform.prefix=Idea -Didea.popup.weight=heavy -Didea.vendor.name=JetBrains -Didea.version=2021.2.2 -Didea.xdebug.key=-Xdebug -Dio.netty.allocator.cacheTrimIntervalMillis=600000 -Dio.netty.allocator.numDirectArenas=1 -Dio.netty.allocator.numHeapArenas=1 -Dio.netty.allocator.useCacheForAllThreads=false -Dio.netty.machineId=28:f0:76:ff:fe:16:65:0e -Dio.netty.processId=59792 -Dio.netty.serviceThreadPrefix=Netty  -Djava.awt.graphicsenv=sun.awt.Win32GraphicsEnvironment -Djava.awt.printerjob=sun.awt.windows.WPrinterJob -Djava.class.version=55.0 -Djava.home=C:\Program Files\Java\jdk-11.0.12 -Djava.library.path=C:\Program Files\Java\jdk-11.0.12\bin;C:\Windows\Sun\Java\bin;C:\Windows\system32;C:\Windows;C:\Program Files\Common Files\Oracle\Java\javapath;C:\Windows\system32;C:\Windows;C:\Windows\System32\Wbem;C:\Windows\System32\WindowsPowerShell\v1.0\;C:\Windows\System32\OpenSSH\;C:\Program Files\7-Zip;C:\Program Files\Git\cmd;C:\Users\User\apache-maven-3.8.6\bin;C:\Gradle\bin;C:\Users\User\AppData\Local\Microsoft\WindowsApps;;C:\Program Files\JetBrains\IntelliJ IDEA Community Edition 2021.2.2\bin;;. -Djava.rmi.server.disableHttp=true -Djava.rmi.server.hostname=127.0.0.1 -Djava.runtime.name=OpenJDK Runtime Environment -Djava.runtime.version=11.0.12+8-LTS-237 -Djava.specification.name=Java Platform API Specification -Djava.specification.vendor=Oracle Corporation -Djava.specification.version=11 -Djava.util.concurrent.ForkJoinPool.common.threadFactory=com.intellij.concurrency.IdeaForkJoinWorkerThreadFactory -Djava.vendor=Oracle Corporation -Djava.vendor.url=https://openjdk.java.net/ -Djava.vendor.url.bug=https://bugreport.java.com/bugreport/ -Djava.vendor.version=JBR-11.0.12.7-1504.28-jcef -Djava.version=11.0.12 -Djava.version.date=2021-07-20 -Djava.vm.compressedOopsMode=32-bit -Djava.vm.info=mixed mode -Djava.vm.name=Java HotSpot(TM) 64-Bit Server VM -Djava.vm.specification.name=Java Virtual Machine Specification -Djava.vm.specification.vendor=Oracle Corporation -Djava.vm.specification.version=11 -Djava.vm.vendor=Oracle Corporation -Djava.vm.version=11.0.12+8-LTS-237 -Djavax.swing.rebaseCssSizeMap=true -Djb.vmOptionsFile=C:\Users\User\AppData\Roaming\JetBrains\IdeaIC2021.2\idea64.exe.vmoptions -Djdk.attach.allowAttachSelf=true -Djdk.debug=release -Djdk.http.auth.tunneling.disabledSchemes= -Djdk.module.illegalAccess.silent=true -Djna.loaded=true -Djna.nosys=true -Djna.tmpdir=C:\Users\User\AppData\Local\JetBrains\IdeaIC2021.2/tmp -Djnidispatch.path=C:\Users\User\AppData\Local\JetBrains\IdeaIC2021.2\tmp\jna10449566770979197524.dll -Djunit.jupiter.extensions.autodetection.enabled=true -Dkotlin.daemon.jvm.options=--illegal-access=permit -Dkotlinx.coroutines.debug=off -Dlibrary.jansi.path=C:\Users\User\.gradle\native\jansi\1.18\windows64 -Dline.separator=
 -Dlog4j.defaultInitOverride=true -Dorg.gradle.internal.worker.tmpdir=C:\Users\User\senama-soft-autotests\build\tmp\test\work -Dorg.gradle.native=false -Dos.arch=amd64 -Dos.name=Windows 10 -Dos.version=10.0 -Dpath.separator=; -Dpty4j.preferred.native.folder=C:\Program Files\JetBrains\IntelliJ IDEA Community Edition 2021.2.2\lib\pty4j-native -Dpty4j.tmpdir=C:\Users\User\AppData\Local\JetBrains\IdeaIC2021.2/tmp -Dsplash=true -Dsun.arch.data.model=64 -Dsun.boot.library.path=C:\Program Files\Java\jdk-11.0.12\bin -Dsun.cpu.endian=little -Dsun.cpu.isalist=amd64 -Dsun.desktop=windows -Dsun.io.unicode.encoding=UnicodeLittle -Dsun.jnu.encoding=Cp1251 -Dsun.management.compiler=HotSpot 64-Bit Tiered Compilers -Dsun.os.patch.level -Dswing.bufferPerWindow=false -Duser.dir=C:\Users\User\senama-soft-autotests -Duser.home=C:\Users\User -Duser.name=User -Duser.script -Duser.timezone=GMT+03:00 -Dwinp.folder.preferred=C:\Users\User\AppData\Local\JetBrains\IdeaIC2021.2/tmp -javaagent:C:\Users\User\.gradle\caches\modules-2\files-2.1\org.aspectj\aspectjweaver\1.9.9.1\dcd2703279a94ad909fa3f3d08671cb0f2dabf7\aspectjweaver-1.9.9.1.jar --add-opens=java.base/java.util=ALL-UNNAMED --add-opens=java.base/java.lang=ALL-UNNAMED -Xmx512m -Dfile.encoding=Cp1251 -Djava.io.tmpdir=C:\Users\User\AppData\Local\Temp\ -Duser.country=RU -Duser.language=ru -Duser.variant -ea 
java_command: worker.org.gradle.process.internal.worker.GradleWorkerMain 'Gradle Test Executor 4'
java_class_path (initial): C:\\Users\\User\\.gradle\\caches\\7.1\\workerMain\\gradle-worker.jar;C:\\Users\\User\\senama-soft-autotests\\build\\classes\\java\\test;C:\\Users\\User\\senama-soft-autotests\\build\\resources\\test;C:\\Users\\User\\senama-soft-autotests\\build\\classes\\java\\main;C:\\Users\\User\\senama-soft-autotests\\build\\resources\\main;C:\\Users\\User\\.gradle\\caches\\modules-2\\files-2.1\\com.codeborne\\selenide\\6.16.0\\6f5f9bf423528995cb792929810f81deb3821556\\selenide-6.16.0.jar;C:\\Users\\User\\.gradle\\caches\\modules-2\\files-2.1\\com.github.javafaker\\javafaker\\1.0.2\\be0ff271b1208416822db4438864df47f90af92f\\javafaker-1.0.2.jar;C:\\Users\\User\\.gradle\\caches\\modules-2\\files-2.1\\org.junit.jupiter\\junit-jupiter-params\\5.9.3\\9e2a4bf6016a1975f408a73523392875cff7c26f\\junit-jupiter-params-5.9.3.jar;C:\\Users\\User\\.gradle\\caches\\modules-2\\files-2.1\\org.junit.jupiter\\junit-jupiter-engine\\5.9.3\\355322b03bf39306a183162cd06626c206f0286b\\junit-jupiter-engine-5.9.3.jar;C:\\Users\\User\\.gradle\\caches\\modules-2\\files-2.1\\io.qameta.allure\\allure-junit5\\2.24.0\\15315dae33abf784c4185719172d541dfde3ceb9\\allure-junit5-2.24.0.jar;C:\\Users\\User\\.gradle\\caches\\modules-2\\files-2.1\\io.qameta.allure\\allure-junit-platform\\2.24.0\\a9cbe33ec88c20b09d74e15e70e633d69c6d98ea\\allure-junit-platform-2.24.0.jar;C:\\Users\\User\\.gradle\\caches\\modules-2\\files-2.1\\org.junit.jupiter\\junit-jupiter-api\\5.9.3\\815818ad6ffcc8d320d8fbdf3d748c753cf83201\\junit-jupiter-api-5.9.3.jar;C:\\Users\\User\\.gradle\\caches\\modules-2\\files-2.1\\org.junit.platform\\junit-platform-launcher\\1.9.3\\485650bfe2a2f39b606a6ca013285afda2eaee79\\junit-platform-launcher-1.9.3.jar;C:\\Users\\User\\.gradle\\caches\\modules-2\\files-2.1\\org.junit.platform\\junit-platform-engine\\1.9.3\\8616734a190f8d307376aeb7353dba0a2c037a09\\junit-platform-engine-1.9.3.jar;C:\\Users\\User\\.gradle\\caches\\modules-2\\files-2.1\\org.junit.platform\\junit-platform-commons\\
Launcher Type: SUN_STANDARD

[Global flags]
     intx CICompilerCount                          = 3                                         {product} {ergonomic}
     uint ConcGCThreads                            = 1                                         {product} {ergonomic}
     uint G1ConcRefinementThreads                  = 4                                         {product} {ergonomic}
   size_t G1HeapRegionSize                         = 1048576                                   {product} {ergonomic}
    uintx GCDrainStackTargetSize                   = 64                                        {product} {ergonomic}
   size_t InitialHeapSize                          = 132120576                                 {product} {ergonomic}
   size_t MarkStackSize                            = 4194304                                   {product} {ergonomic}
   size_t MaxHeapSize                              = 536870912                                 {product} {command line}
   size_t MaxNewSize                               = 321912832                                 {product} {ergonomic}
   size_t MinHeapDeltaBytes                        = 1048576                                   {product} {ergonomic}
    uintx NonNMethodCodeHeapSize                   = 5830732                                {pd product} {ergonomic}
    uintx NonProfiledCodeHeapSize                  = 122913754                              {pd product} {ergonomic}
    uintx ProfiledCodeHeapSize                     = 122913754                              {pd product} {ergonomic}
    uintx ReservedCodeCacheSize                    = 251658240                              {pd product} {ergonomic}
     bool SegmentedCodeCache                       = true                                      {product} {ergonomic}
     bool UseCompressedClassPointers               = true                                 {lp64_product} {ergonomic}
     bool UseCompressedOops                        = true                                 {lp64_product} {ergonomic}
     bool UseG1GC                                  = true                                      {product} {ergonomic}
     bool UseLargePagesIndividualAllocation        = false                                  {pd product} {ergonomic}

Logging:
Log output configuration:
 #0: stdout all=warning uptime,level,tags
 #1: stderr all=off uptime,level,tags

Environment Variables:
JAVA_HOME=C:\Program Files\Java\jdk-11.0.12
PATH=C:\Program Files\Common Files\Oracle\Java\javapath;C:\Windows\system32;C:\Windows;C:\Windows\System32\Wbem;C:\Windows\System32\WindowsPowerShell\v1.0\;C:\Windows\System32\OpenSSH\;C:\Program Files\7-Zip;C:\Program Files\Git\cmd;C:\Users\User\apache-maven-3.8.6\bin;C:\Gradle\bin;C:\Users\User\AppData\Local\Microsoft\WindowsApps;;C:\Program Files\JetBrains\IntelliJ IDEA Community Edition 2021.2.2\bin;
USERNAME=User
OS=Windows_NT
PROCESSOR_IDENTIFIER=Intel64 Family 6 Model 142 Stepping 12, GenuineIntel



---------------  S Y S T E M  ---------------

OS: Windows 10 , 64 bit Build 19041 (10.0.19041.3393)

CPU:total 4 (initial active 4) (2 cores per cpu, 2 threads per core) family 6 model 142 stepping 12 microcode 0xd6, cmov, cx8, fxsr, mmx, sse, sse2, sse3, ssse3, sse4.1, sse4.2, popcnt, avx, avx2, aes, clmul, erms, 3dnowpref, lzcnt, ht, tsc, tscinvbit, bmi1, bmi2, adx, fma

Memory: 4k page, system-wide physical 7996M (295M free)
TotalPageFile size 7996M (AvailPageFile size 17M)
current process WorkingSet (physical memory assigned to process): 239M, peak: 269M
current process commit charge ("private bytes"): 279M, peak: 318M

vm_info: Java HotSpot(TM) 64-Bit Server VM (11.0.12+8-LTS-237) for windows-amd64 JRE (11.0.12+8-LTS-237), built on Jun  8 2021 11:25:59 by "mach5one" with MS VC++ 15.9 (VS2017)

END.
