#
# There is insufficient memory for the Java Runtime Environment to continue.
# Native memory allocation (malloc) failed to allocate 332176 bytes for Chunk::new
# Possible reasons:
#   The system is out of physical RAM or swap space
#   The process is running with CompressedOops enabled, and the Java Heap may be blocking the growth of the native heap
# Possible solutions:
#   Reduce memory load on the system
#   Increase physical memory or swap space
#   Check if swap backing store is full
#   Decrease Java heap size (-Xmx/-Xms)
#   Decrease number of Java threads
#   Decrease Java thread stack sizes (-Xss)
#   Set larger code cache with -XX:ReservedCodeCacheSize=
#   JVM is running with Unscaled Compressed Oops mode in which the Java heap is
#     placed in the first 4GB address space. The Java Heap base address is the
#     maximum limit for the native heap growth. Please use -XX:HeapBaseMinAddress
#     to set the Java Heap base and to place the Java Heap above 4GB virtual address.
# This output file may be truncated or incomplete.
#
#  Out of Memory Error (./open/src/hotspot/share/memory/arena.cpp:197), pid=6524, tid=10076
#
# JRE version: Java(TM) SE Runtime Environment 18.9 (11.0.12+8) (build 11.0.12+8-LTS-237)
# Java VM: Java HotSpot(TM) 64-Bit Server VM 18.9 (11.0.12+8-LTS-237, mixed mode, tiered, compressed oops, g1 gc, windows-amd64)
# No core dump will be written. Minidumps are not enabled by default on client versions of Windows
#

---------------  S U M M A R Y ------------

Command Line: --add-opens=java.base/java.util=ALL-UNNAMED --add-opens=java.base/java.lang=ALL-UNNAMED --add-opens=java.base/java.lang.invoke=ALL-UNNAMED --add-opens=java.base/java.util=ALL-UNNAMED --add-opens=java.prefs/java.util.prefs=ALL-UNNAMED --add-opens=java.prefs/java.util.prefs=ALL-UNNAMED --add-opens=java.base/java.nio.charset=ALL-UNNAMED --add-opens=java.base/java.net=ALL-UNNAMED --add-opens=java.base/java.util.concurrent.atomic=ALL-UNNAMED -XX:MaxMetaspaceSize=256m -XX:+HeapDumpOnOutOfMemoryError -Xms256m -Xmx512m -Dfile.encoding=windows-1251 -Duser.country=RU -Duser.language=ru -Duser.variant org.gradle.launcher.daemon.bootstrap.GradleDaemon 7.1

Host: Intel(R) Core(TM) i3-10110U CPU @ 2.10GHz, 4 cores, 7G,  Windows 10 , 64 bit Build 19041 (10.0.19041.3393)
Time: Wed Sep 20 22:03:38 2023 Беларусь (зима) elapsed time: 1131.738450 seconds (0d 0h 18m 51s)

---------------  T H R E A D  ---------------

Current thread (0x000001b19b389800):  JavaThread "C2 CompilerThread0" daemon [_thread_in_native, id=10076, stack(0x000000ab17b00000,0x000000ab17c00000)]


Current CompileTask:
C2:1131738 10590       4       org.gradle.internal.remote.internal.inet.MultiChoiceAddressSerializer::read (95 bytes)

Stack: [0x000000ab17b00000,0x000000ab17c00000]
Native frames: (J=compiled Java code, j=interpreted, Vv=VM code, C=native code)
V  [jvm.dll+0x617d9a]
V  [jvm.dll+0x74eeef]
V  [jvm.dll+0x750599]
V  [jvm.dll+0x750c23]
V  [jvm.dll+0x2438d8]
V  [jvm.dll+0xba6dc]
V  [jvm.dll+0xbac9c]
V  [jvm.dll+0x346972]
V  [jvm.dll+0x3147a3]
V  [jvm.dll+0x313aea]
V  [jvm.dll+0x1fd105]
V  [jvm.dll+0x1fc2ed]
V  [jvm.dll+0x17f18c]
V  [jvm.dll+0x20b87c]
V  [jvm.dll+0x20997b]
V  [jvm.dll+0x716359]
V  [jvm.dll+0x70f064]
V  [jvm.dll+0x616f66]
C  [ucrtbase.dll+0x21bb2]
C  [KERNEL32.DLL+0x17344]
C  [ntdll.dll+0x526b1]


---------------  P R O C E S S  ---------------

Threads class SMR info:
_java_thread_list=0x000001b19ded1ec0, length=98, elements={
0x000001b1f9b9b000, 0x000001b19b341000, 0x000001b19b36a000, 0x000001b19bd03000,
0x000001b19b382800, 0x000001b19b384800, 0x000001b19b389800, 0x000001b19b38a800,
0x000001b19b38f000, 0x000001b19be57800, 0x000001b19ebf5800, 0x000001b19e3a5800,
0x000001b19ec2d000, 0x000001b19e1a0800, 0x000001b19e1a4800, 0x000001b19e1a1000,
0x000001b19e1a2000, 0x000001b19e1a5000, 0x000001b19fbed800, 0x000001b19fbf4000,
0x000001b19fbf0800, 0x000001b19fbf1800, 0x000001b19fbf0000, 0x000001b19fbfa800,
0x000001b19fbf9800, 0x000001b1a1d33800, 0x000001b1a1685000, 0x000001b1a1687800,
0x000001b1a168a000, 0x000001b1a1684800, 0x000001b1a168b000, 0x000001b1a168b800,
0x000001b1a1686000, 0x000001b1a1686800, 0x000001b1a1688800, 0x000001b1a168c800,
0x000001b1a168d800, 0x000001b1a168e000, 0x000001b1a168f000, 0x000001b1a1689000,
0x000001b1a168f800, 0x000001b1a1691800, 0x000001b1a1690800, 0x000001b1a1d31000,
0x000001b1a1d30000, 0x000001b1a1d31800, 0x000001b1a1d32800, 0x000001b1a1d2d800,
0x000001b1a1d34000, 0x000001b1a1d35000, 0x000001b1a1d2f000, 0x000001b1a1d3a800,
0x000001b1a1d36800, 0x000001b1a1d37800, 0x000001b1a1d35800, 0x000001b1a1d3b800,
0x000001b1a1d3c000, 0x000001b1a1d38000, 0x000001b1a1d39000, 0x000001b1a1d3a000,
0x000001b19fbee000, 0x000001b19fbfc000, 0x000001b19fbfb800, 0x000001b19fbf6800,
0x000001b19fbf7000, 0x000001b19fbf8000, 0x000001b19fbf9000, 0x000001b19e1a7000,
0x000001b19e1a6000, 0x000001b19e1a2800, 0x000001b19e1a3800, 0x000001b19f5b4000,
0x000001b19f5b7000, 0x000001b19f5b8000, 0x000001b19f5ba800, 0x000001b19f5b9000,
0x000001b19f5b5000, 0x000001b19f5bb800, 0x000001b19f5b9800, 0x000001b19f5b5800,
0x000001b19f5bc000, 0x000001b19f5b6800, 0x000001b19f5c0000, 0x000001b19f5bd000,
0x000001b19f5be000, 0x000001b19f5c2000, 0x000001b19f5be800, 0x000001b19f5bf800,
0x000001b19f5c2800, 0x000001b19f5c1000, 0x000001b19f27f000, 0x000001b19f27c000,
0x000001b19f27d800, 0x000001b19f27a800, 0x000001b19f27b000, 0x000001b19f281800,
0x000001b19f27c800, 0x000001b19f282800
}

Java Threads: ( => current thread )
  0x000001b1f9b9b000 JavaThread "main" [_thread_blocked, id=5900, stack(0x000000ab16f00000,0x000000ab17000000)]
  0x000001b19b341000 JavaThread "Reference Handler" daemon [_thread_blocked, id=3424, stack(0x000000ab17600000,0x000000ab17700000)]
  0x000001b19b36a000 JavaThread "Finalizer" daemon [_thread_blocked, id=10496, stack(0x000000ab17700000,0x000000ab17800000)]
  0x000001b19bd03000 JavaThread "Signal Dispatcher" daemon [_thread_blocked, id=9444, stack(0x000000ab17800000,0x000000ab17900000)]
  0x000001b19b382800 JavaThread "Attach Listener" daemon [_thread_blocked, id=8284, stack(0x000000ab17900000,0x000000ab17a00000)]
  0x000001b19b384800 JavaThread "Service Thread" daemon [_thread_blocked, id=2476, stack(0x000000ab17a00000,0x000000ab17b00000)]
=>0x000001b19b389800 JavaThread "C2 CompilerThread0" daemon [_thread_in_native, id=10076, stack(0x000000ab17b00000,0x000000ab17c00000)]
  0x000001b19b38a800 JavaThread "C1 CompilerThread0" daemon [_thread_blocked, id=12540, stack(0x000000ab17c00000,0x000000ab17d00000)]
  0x000001b19b38f000 JavaThread "Sweeper thread" daemon [_thread_blocked, id=5156, stack(0x000000ab17d00000,0x000000ab17e00000)]
  0x000001b19be57800 JavaThread "Common-Cleaner" daemon [_thread_blocked, id=4540, stack(0x000000ab17e00000,0x000000ab17f00000)]
  0x000001b19ebf5800 JavaThread "Daemon health stats" [_thread_blocked, id=3656, stack(0x000000ab18400000,0x000000ab18500000)]
  0x000001b19e3a5800 JavaThread "Incoming local TCP Connector on port 60944" [_thread_in_native, id=9316, stack(0x000000ab18500000,0x000000ab18600000)]
  0x000001b19ec2d000 JavaThread "Daemon periodic checks" [_thread_blocked, id=4072, stack(0x000000ab18600000,0x000000ab18700000)]
  0x000001b19e1a0800 JavaThread "Cache worker for journal cache (C:\Users\User\.gradle\caches\journal-1)" [_thread_blocked, id=12240, stack(0x000000ab18e00000,0x000000ab18f00000)]
  0x000001b19e1a4800 JavaThread "File lock request listener" [_thread_in_native, id=9072, stack(0x000000ab18f00000,0x000000ab19000000)]
  0x000001b19e1a1000 JavaThread "Cache worker for file hash cache (C:\Users\User\.gradle\caches\7.1\fileHashes)" [_thread_blocked, id=12356, stack(0x000000ab19000000,0x000000ab19100000)]
  0x000001b19e1a2000 JavaThread "File watcher server" daemon [_thread_in_native, id=3812, stack(0x000000ab19200000,0x000000ab19300000)]
  0x000001b19e1a5000 JavaThread "File watcher consumer" daemon [_thread_blocked, id=9904, stack(0x000000ab19300000,0x000000ab19400000)]
  0x000001b19fbed800 JavaThread "Cache worker for execution history cache (C:\Users\User\.gradle\caches\7.1\executionHistory)" [_thread_blocked, id=12504, stack(0x000000ab19700000,0x000000ab19800000)]
  0x000001b19fbf4000 JavaThread "jar transforms" [_thread_blocked, id=8300, stack(0x000000ab19800000,0x000000ab19900000)]
  0x000001b19fbf0800 JavaThread "jar transforms Thread 2" [_thread_blocked, id=10152, stack(0x000000ab19900000,0x000000ab19a00000)]
  0x000001b19fbf1800 JavaThread "Cache worker for file content cache (C:\Users\User\.gradle\caches\7.1\fileContent)" [_thread_blocked, id=7388, stack(0x000000ab19a00000,0x000000ab19b00000)]
  0x000001b19fbf0000 JavaThread "jar transforms Thread 3" [_thread_blocked, id=11756, stack(0x000000ab19b00000,0x000000ab19c00000)]
  0x000001b19fbfa800 JavaThread "jar transforms Thread 4" [_thread_blocked, id=8568, stack(0x000000ab19c00000,0x000000ab19d00000)]
  0x000001b19fbf9800 JavaThread "Memory manager" [_thread_blocked, id=3460, stack(0x000000ab1a300000,0x000000ab1a400000)]
  0x000001b1a1d33800 JavaThread "Cache worker for Java compile cache (C:\Users\User\.gradle\caches\7.1\javaCompile)" [_thread_blocked, id=12420, stack(0x000000ab1cc00000,0x000000ab1cd00000)]
  0x000001b1a1685000 JavaThread "Daemon Thread 2" [_thread_blocked, id=1836, stack(0x000000ab16c00000,0x000000ab16d00000)]
  0x000001b1a1687800 JavaThread "Handler for socket connection from /127.0.0.1:60944 to /127.0.0.1:62192" [_thread_in_native, id=2912, stack(0x000000ab16d00000,0x000000ab16e00000)]
  0x000001b1a168a000 JavaThread "Cancel handler" [_thread_blocked, id=10556, stack(0x000000ab16e00000,0x000000ab16f00000)]
  0x000001b1a1684800 JavaThread "Daemon worker Thread 2" [_thread_blocked, id=9112, stack(0x000000ab18000000,0x000000ab18100000)]
  0x000001b1a168b000 JavaThread "Asynchronous log dispatcher for DefaultDaemonConnection: socket connection from /127.0.0.1:60944 to /127.0.0.1:62192" [_thread_blocked, id=8176, stack(0x000000ab18700000,0x000000ab18800000)]
  0x000001b1a168b800 JavaThread "Stdin handler" [_thread_blocked, id=10924, stack(0x000000ab18800000,0x000000ab18900000)]
  0x000001b1a1686000 JavaThread "Daemon client event forwarder" [_thread_blocked, id=12104, stack(0x000000ab18900000,0x000000ab18a00000)]
  0x000001b1a1686800 JavaThread "Cache worker for file hash cache (C:\Users\User\senama-soft-autotests\.gradle\7.1\fileHashes)" [_thread_blocked, id=8944, stack(0x000000ab18a00000,0x000000ab18b00000)]
  0x000001b1a1688800 JavaThread "Cache worker for checksums cache (C:\Users\User\senama-soft-autotests\.gradle\checksums)" [_thread_blocked, id=1328, stack(0x000000ab18b00000,0x000000ab18c00000)]
  0x000001b1a168c800 JavaThread "Cache worker for cache directory md-supplier (C:\Users\User\.gradle\caches\7.1\md-supplier)" [_thread_blocked, id=5876, stack(0x000000ab18c00000,0x000000ab18d00000)]
  0x000001b1a168d800 JavaThread "Cache worker for cache directory md-rule (C:\Users\User\.gradle\caches\7.1\md-rule)" [_thread_blocked, id=3804, stack(0x000000ab18d00000,0x000000ab18e00000)]
  0x000001b1a168e000 JavaThread "Cache worker for dependencies-accessors (C:\Users\User\senama-soft-autotests\.gradle\7.1\dependencies-accessors)" [_thread_blocked, id=3096, stack(0x000000ab19100000,0x000000ab19200000)]
  0x000001b1a168f000 JavaThread "Cache worker for Build Output Cleanup Cache (C:\Users\User\senama-soft-autotests\.gradle\buildOutputCleanup)" [_thread_blocked, id=12844, stack(0x000000ab19400000,0x000000ab19500000)]
  0x000001b1a1689000 JavaThread "Unconstrained build operations" [_thread_blocked, id=4100, stack(0x000000ab19500000,0x000000ab19600000)]
  0x000001b1a168f800 JavaThread "Unconstrained build operations Thread 2" [_thread_blocked, id=5100, stack(0x000000ab19600000,0x000000ab19700000)]
  0x000001b1a1691800 JavaThread "Unconstrained build operations Thread 3" [_thread_blocked, id=7632, stack(0x000000ab19d00000,0x000000ab19e00000)]
  0x000001b1a1690800 JavaThread "Unconstrained build operations Thread 4" [_thread_blocked, id=2320, stack(0x000000ab19e00000,0x000000ab19f00000)]
  0x000001b1a1d31000 JavaThread "Execution worker for ':'" [_thread_blocked, id=3800, stack(0x000000ab1a000000,0x000000ab1a100000)]
  0x000001b1a1d30000 JavaThread "Execution worker for ':' Thread 2" [_thread_blocked, id=6060, stack(0x000000ab1a100000,0x000000ab1a200000)]
  0x000001b1a1d31800 JavaThread "Execution worker for ':' Thread 3" [_thread_blocked, id=11816, stack(0x000000ab1a200000,0x000000ab1a300000)]
  0x000001b1a1d32800 JavaThread "Cache worker for execution history cache (C:\Users\User\senama-soft-autotests\.gradle\7.1\executionHistory)" [_thread_blocked, id=11324, stack(0x000000ab1a400000,0x000000ab1a500000)]
  0x000001b1a1d2d800 JavaThread "Unconstrained build operations Thread 5" [_thread_blocked, id=2420, stack(0x000000ab1a500000,0x000000ab1a600000)]
  0x000001b1a1d34000 JavaThread "Unconstrained build operations Thread 6" [_thread_blocked, id=5992, stack(0x000000ab1a600000,0x000000ab1a700000)]
  0x000001b1a1d35000 JavaThread "Unconstrained build operations Thread 7" [_thread_blocked, id=12200, stack(0x000000ab1a700000,0x000000ab1a800000)]
  0x000001b1a1d2f000 JavaThread "Unconstrained build operations Thread 8" [_thread_blocked, id=11556, stack(0x000000ab1a800000,0x000000ab1a900000)]
  0x000001b1a1d3a800 JavaThread "Unconstrained build operations Thread 9" [_thread_blocked, id=7572, stack(0x000000ab1a900000,0x000000ab1aa00000)]
  0x000001b1a1d36800 JavaThread "Unconstrained build operations Thread 10" [_thread_blocked, id=1156, stack(0x000000ab1aa00000,0x000000ab1ab00000)]
  0x000001b1a1d37800 JavaThread "Unconstrained build operations Thread 11" [_thread_blocked, id=9540, stack(0x000000ab1ab00000,0x000000ab1ac00000)]
  0x000001b1a1d35800 JavaThread "Unconstrained build operations Thread 12" [_thread_blocked, id=1116, stack(0x000000ab1ac00000,0x000000ab1ad00000)]
  0x000001b1a1d3b800 JavaThread "Unconstrained build operations Thread 13" [_thread_blocked, id=12992, stack(0x000000ab1ad00000,0x000000ab1ae00000)]
  0x000001b1a1d3c000 JavaThread "Unconstrained build operations Thread 14" [_thread_blocked, id=11916, stack(0x000000ab1ae00000,0x000000ab1af00000)]
  0x000001b1a1d38000 JavaThread "Unconstrained build operations Thread 15" [_thread_blocked, id=6376, stack(0x000000ab1af00000,0x000000ab1b000000)]
  0x000001b1a1d39000 JavaThread "Unconstrained build operations Thread 16" [_thread_blocked, id=11776, stack(0x000000ab1b000000,0x000000ab1b100000)]
  0x000001b1a1d3a000 JavaThread "Unconstrained build operations Thread 17" [_thread_blocked, id=11836, stack(0x000000ab1b100000,0x000000ab1b200000)]
  0x000001b19fbee000 JavaThread "Unconstrained build operations Thread 18" [_thread_blocked, id=11580, stack(0x000000ab1b200000,0x000000ab1b300000)]
  0x000001b19fbfc000 JavaThread "Unconstrained build operations Thread 19" [_thread_blocked, id=11844, stack(0x000000ab1b300000,0x000000ab1b400000)]
  0x000001b19fbfb800 JavaThread "Unconstrained build operations Thread 20" [_thread_blocked, id=9248, stack(0x000000ab1b400000,0x000000ab1b500000)]
  0x000001b19fbf6800 JavaThread "Unconstrained build operations Thread 21" [_thread_blocked, id=12620, stack(0x000000ab1b500000,0x000000ab1b600000)]
  0x000001b19fbf7000 JavaThread "Unconstrained build operations Thread 22" [_thread_blocked, id=892, stack(0x000000ab1b600000,0x000000ab1b700000)]
  0x000001b19fbf8000 JavaThread "Unconstrained build operations Thread 23" [_thread_blocked, id=6556, stack(0x000000ab1b700000,0x000000ab1b800000)]
  0x000001b19fbf9000 JavaThread "Unconstrained build operations Thread 24" [_thread_blocked, id=2972, stack(0x000000ab1b800000,0x000000ab1b900000)]
  0x000001b19e1a7000 JavaThread "Unconstrained build operations Thread 25" [_thread_blocked, id=7032, stack(0x000000ab1b900000,0x000000ab1ba00000)]
  0x000001b19e1a6000 JavaThread "Unconstrained build operations Thread 26" [_thread_blocked, id=6760, stack(0x000000ab1ba00000,0x000000ab1bb00000)]
  0x000001b19e1a2800 JavaThread "Unconstrained build operations Thread 27" [_thread_blocked, id=3012, stack(0x000000ab1bb00000,0x000000ab1bc00000)]
  0x000001b19e1a3800 JavaThread "Unconstrained build operations Thread 28" [_thread_blocked, id=10520, stack(0x000000ab1bc00000,0x000000ab1bd00000)]
  0x000001b19f5b4000 JavaThread "Unconstrained build operations Thread 29" [_thread_blocked, id=3384, stack(0x000000ab1bd00000,0x000000ab1be00000)]
  0x000001b19f5b7000 JavaThread "Unconstrained build operations Thread 30" [_thread_blocked, id=12444, stack(0x000000ab1be00000,0x000000ab1bf00000)]
  0x000001b19f5b8000 JavaThread "Unconstrained build operations Thread 31" [_thread_blocked, id=2436, stack(0x000000ab1bf00000,0x000000ab1c000000)]
  0x000001b19f5ba800 JavaThread "Unconstrained build operations Thread 32" [_thread_blocked, id=4268, stack(0x000000ab1c000000,0x000000ab1c100000)]
  0x000001b19f5b9000 JavaThread "Unconstrained build operations Thread 33" [_thread_blocked, id=7792, stack(0x000000ab1c100000,0x000000ab1c200000)]
  0x000001b19f5b5000 JavaThread "Unconstrained build operations Thread 34" [_thread_blocked, id=11788, stack(0x000000ab1c200000,0x000000ab1c300000)]
  0x000001b19f5bb800 JavaThread "Unconstrained build operations Thread 35" [_thread_blocked, id=8524, stack(0x000000ab1c300000,0x000000ab1c400000)]
  0x000001b19f5b9800 JavaThread "Unconstrained build operations Thread 36" [_thread_blocked, id=6648, stack(0x000000ab1c400000,0x000000ab1c500000)]
  0x000001b19f5b5800 JavaThread "Unconstrained build operations Thread 37" [_thread_blocked, id=11896, stack(0x000000ab1c500000,0x000000ab1c600000)]
  0x000001b19f5bc000 JavaThread "Unconstrained build operations Thread 38" [_thread_blocked, id=8396, stack(0x000000ab1c600000,0x000000ab1c700000)]
  0x000001b19f5b6800 JavaThread "Unconstrained build operations Thread 39" [_thread_blocked, id=2936, stack(0x000000ab1c700000,0x000000ab1c800000)]
  0x000001b19f5c0000 JavaThread "Unconstrained build operations Thread 40" [_thread_blocked, id=108, stack(0x000000ab1c800000,0x000000ab1c900000)]
  0x000001b19f5bd000 JavaThread "Build operations" [_thread_blocked, id=12088, stack(0x000000ab1c900000,0x000000ab1ca00000)]
  0x000001b19f5be000 JavaThread "Build operations Thread 2" [_thread_blocked, id=10820, stack(0x000000ab1ca00000,0x000000ab1cb00000)]
  0x000001b19f5c2000 JavaThread "Build operations Thread 3" [_thread_blocked, id=7984, stack(0x000000ab1cb00000,0x000000ab1cc00000)]
  0x000001b19f5be800 JavaThread "Build operations Thread 4" [_thread_blocked, id=11272, stack(0x000000ab1cd00000,0x000000ab1ce00000)]
  0x000001b19f5bf800 JavaThread "Dispatch org.gradle.api.internal.tasks.testing.results.AttachParentTestResultProcessor@5010e715" [_thread_blocked, id=12832, stack(0x000000ab1ce00000,0x000000ab1cf00000)]
  0x000001b19f5c2800 JavaThread "Dispatch org.gradle.api.internal.tasks.testing.processors.RestartEveryNTestClassProcessor@2e87bfd6" [_thread_blocked, id=1140, stack(0x000000ab1cf00000,0x000000ab1d000000)]
  0x000001b19f5c1000 JavaThread "Incoming local TCP Connector on port 62197" [_thread_blocked, id=8792, stack(0x000000ab1d000000,0x000000ab1d100000)]
  0x000001b19f27f000 JavaThread "Exec process Thread 5" [_thread_in_native, id=4416, stack(0x000000ab1d100000,0x000000ab1d200000)]
  0x000001b19f27c000 JavaThread "Exec process Thread 6" [_thread_blocked, id=10892, stack(0x000000ab1d300000,0x000000ab1d400000)]
  0x000001b19f27d800 JavaThread "Exec process Thread 7" [_thread_in_native, id=5292, stack(0x000000ab1d400000,0x000000ab1d500000)]
  0x000001b19f27a800 JavaThread "Exec process Thread 8" [_thread_in_native, id=10304, stack(0x000000ab1d500000,0x000000ab1d600000)]
  0x000001b19f27b000 JavaThread "/127.0.0.1:62197 to /127.0.0.1:62199 workers" [_thread_blocked, id=9200, stack(0x000000ab1d200000,0x000000ab1d300000)]
  0x000001b19f281800 JavaThread "/127.0.0.1:62197 to /127.0.0.1:62199 workers Thread 2" [_thread_blocked, id=10480, stack(0x000000ab1d600000,0x000000ab1d700000)]
  0x000001b19f27c800 JavaThread "/127.0.0.1:62197 to /127.0.0.1:62199 workers Thread 3" [_thread_blocked, id=12668, stack(0x000000ab19f00000,0x000000ab1a000000)]
  0x000001b19f282800 JavaThread "/127.0.0.1:62197 to /127.0.0.1:62199 workers Thread 4" [_thread_in_native, id=10176, stack(0x000000ab1d700000,0x000000ab1d800000)]

Other Threads:
  0x000001b19b33d800 VMThread "VM Thread" [stack: 0x000000ab17500000,0x000000ab17600000] [id=11216]
  0x000001b19be9f000 WatcherThread [stack: 0x000000ab17f00000,0x000000ab18000000] [id=13112]
  0x000001b1f9bb0800 GCTaskThread "GC Thread#0" [stack: 0x000000ab17000000,0x000000ab17100000] [id=12216]
  0x000001b19cb48800 GCTaskThread "GC Thread#1" [stack: 0x000000ab18100000,0x000000ab18200000] [id=10184]
  0x000001b19bf8b000 GCTaskThread "GC Thread#2" [stack: 0x000000ab18200000,0x000000ab18300000] [id=13224]
  0x000001b19c72c800 GCTaskThread "GC Thread#3" [stack: 0x000000ab18300000,0x000000ab18400000] [id=2348]
  0x000001b1f9bc2000 ConcurrentGCThread "G1 Main Marker" [stack: 0x000000ab17100000,0x000000ab17200000] [id=10700]
  0x000001b1f9bc3800 ConcurrentGCThread "G1 Conc#0" [stack: 0x000000ab17200000,0x000000ab17300000] [id=11076]
  0x000001b19b1d6800 ConcurrentGCThread "G1 Refine#0" [stack: 0x000000ab17300000,0x000000ab17400000] [id=2672]
  0x000001b19b1d7800 ConcurrentGCThread "G1 Young RemSet Sampling" [stack: 0x000000ab17400000,0x000000ab17500000] [id=10936]

Threads with active compile tasks:
C2 CompilerThread01131759 10590       4       org.gradle.internal.remote.internal.inet.MultiChoiceAddressSerializer::read (95 bytes)

VM state:not at safepoint (normal execution)

VM Mutex/Monitor currently owned by a thread: None

Heap address: 0x00000000e0000000, size: 512 MB, Compressed Oops mode: 32-bit
Narrow klass base: 0x0000000000000000, Narrow klass shift: 3
Compressed class space size: 260046848 Address: 0x0000000100000000

Heap:
 garbage-first heap   total 262144K, used 69242K [0x00000000e0000000, 0x0000000100000000)
  region size 1024K, 18 young (18432K), 12 survivors (12288K)
 Metaspace       used 70063K, capacity 72493K, committed 72652K, reserved 317440K
  class space    used 9000K, capacity 9905K, committed 9984K, reserved 253952K
Heap Regions: E=young(eden), S=young(survivor), O=old, HS=humongous(starts), HC=humongous(continues), CS=collection set, F=free, A=archive, TAMS=top-at-mark-start (previous, next)
|   0|0x00000000e0000000, 0x00000000e0100000, 0x00000000e0100000|100%| O|  |TAMS 0x00000000e0100000, 0x00000000e0000000| Untracked 
|   1|0x00000000e0100000, 0x00000000e0200000, 0x00000000e0200000|100%| O|  |TAMS 0x00000000e0200000, 0x00000000e0100000| Untracked 
|   2|0x00000000e0200000, 0x00000000e0300000, 0x00000000e0300000|100%| O|  |TAMS 0x00000000e0300000, 0x00000000e0200000| Untracked 
|   3|0x00000000e0300000, 0x00000000e0400000, 0x00000000e0400000|100%|HS|  |TAMS 0x00000000e0400000, 0x00000000e0300000| Complete 
|   4|0x00000000e0400000, 0x00000000e0500000, 0x00000000e0500000|100%|HC|  |TAMS 0x00000000e0500000, 0x00000000e0400000| Complete 
|   5|0x00000000e0500000, 0x00000000e0600000, 0x00000000e0600000|100%|HC|  |TAMS 0x00000000e0600000, 0x00000000e0500000| Complete 
|   6|0x00000000e0600000, 0x00000000e0700000, 0x00000000e0700000|100%| O|  |TAMS 0x00000000e0700000, 0x00000000e0600000| Untracked 
|   7|0x00000000e0700000, 0x00000000e0800000, 0x00000000e0800000|100%| O|  |TAMS 0x00000000e0800000, 0x00000000e0700000| Untracked 
|   8|0x00000000e0800000, 0x00000000e0900000, 0x00000000e0900000|100%| O|  |TAMS 0x00000000e0900000, 0x00000000e0800000| Untracked 
|   9|0x00000000e0900000, 0x00000000e0a00000, 0x00000000e0a00000|100%| O|  |TAMS 0x00000000e0a00000, 0x00000000e0900000| Untracked 
|  10|0x00000000e0a00000, 0x00000000e0b00000, 0x00000000e0b00000|100%| O|  |TAMS 0x00000000e0b00000, 0x00000000e0a00000| Untracked 
|  11|0x00000000e0b00000, 0x00000000e0c00000, 0x00000000e0c00000|100%| O|  |TAMS 0x00000000e0c00000, 0x00000000e0b00000| Untracked 
|  12|0x00000000e0c00000, 0x00000000e0d00000, 0x00000000e0d00000|100%| O|  |TAMS 0x00000000e0d00000, 0x00000000e0c00000| Untracked 
|  13|0x00000000e0d00000, 0x00000000e0e00000, 0x00000000e0e00000|100%| O|  |TAMS 0x00000000e0e00000, 0x00000000e0d00000| Untracked 
|  14|0x00000000e0e00000, 0x00000000e0f00000, 0x00000000e0f00000|100%| O|  |TAMS 0x00000000e0f00000, 0x00000000e0e00000| Untracked 
|  15|0x00000000e0f00000, 0x00000000e1000000, 0x00000000e1000000|100%| O|  |TAMS 0x00000000e1000000, 0x00000000e0f00000| Untracked 
|  16|0x00000000e1000000, 0x00000000e1100000, 0x00000000e1100000|100%| O|  |TAMS 0x00000000e1100000, 0x00000000e1000000| Untracked 
|  17|0x00000000e1100000, 0x00000000e1200000, 0x00000000e1200000|100%| O|  |TAMS 0x00000000e1200000, 0x00000000e1100000| Untracked 
|  18|0x00000000e1200000, 0x00000000e1300000, 0x00000000e1300000|100%| O|  |TAMS 0x00000000e1300000, 0x00000000e1200000| Untracked 
|  19|0x00000000e1300000, 0x00000000e1400000, 0x00000000e1400000|100%| O|  |TAMS 0x00000000e1400000, 0x00000000e1300000| Untracked 
|  20|0x00000000e1400000, 0x00000000e1500000, 0x00000000e1500000|100%| O|  |TAMS 0x00000000e1500000, 0x00000000e1400000| Untracked 
|  21|0x00000000e1500000, 0x00000000e1600000, 0x00000000e1600000|100%| O|  |TAMS 0x00000000e1600000, 0x00000000e1500000| Untracked 
|  22|0x00000000e1600000, 0x00000000e1700000, 0x00000000e1700000|100%| O|  |TAMS 0x00000000e1700000, 0x00000000e1600000| Untracked 
|  23|0x00000000e1700000, 0x00000000e1800000, 0x00000000e1800000|100%| O|  |TAMS 0x00000000e1800000, 0x00000000e1700000| Untracked 
|  24|0x00000000e1800000, 0x00000000e1900000, 0x00000000e1900000|100%| O|  |TAMS 0x00000000e1900000, 0x00000000e1800000| Untracked 
|  25|0x00000000e1900000, 0x00000000e1a00000, 0x00000000e1a00000|100%| O|  |TAMS 0x00000000e1a00000, 0x00000000e1900000| Untracked 
|  26|0x00000000e1a00000, 0x00000000e1b00000, 0x00000000e1b00000|100%| O|  |TAMS 0x00000000e1b00000, 0x00000000e1a00000| Untracked 
|  27|0x00000000e1b00000, 0x00000000e1c00000, 0x00000000e1c00000|100%| O|  |TAMS 0x00000000e1c00000, 0x00000000e1b00000| Untracked 
|  28|0x00000000e1c00000, 0x00000000e1d00000, 0x00000000e1d00000|100%| O|  |TAMS 0x00000000e1d00000, 0x00000000e1c00000| Untracked 
|  29|0x00000000e1d00000, 0x00000000e1e00000, 0x00000000e1e00000|100%| O|  |TAMS 0x00000000e1e00000, 0x00000000e1d00000| Untracked 
|  30|0x00000000e1e00000, 0x00000000e1f00000, 0x00000000e1f00000|100%| O|  |TAMS 0x00000000e1f00000, 0x00000000e1e00000| Untracked 
|  31|0x00000000e1f00000, 0x00000000e2000000, 0x00000000e2000000|100%| O|  |TAMS 0x00000000e2000000, 0x00000000e1f00000| Untracked 
|  32|0x00000000e2000000, 0x00000000e2100000, 0x00000000e2100000|100%| O|  |TAMS 0x00000000e2100000, 0x00000000e2000000| Untracked 
|  33|0x00000000e2100000, 0x00000000e2200000, 0x00000000e2200000|100%| O|  |TAMS 0x00000000e2200000, 0x00000000e2100000| Untracked 
|  34|0x00000000e2200000, 0x00000000e2300000, 0x00000000e2300000|100%| O|  |TAMS 0x00000000e2300000, 0x00000000e2200000| Untracked 
|  35|0x00000000e2300000, 0x00000000e2400000, 0x00000000e2400000|100%| O|  |TAMS 0x00000000e2400000, 0x00000000e2300000| Untracked 
|  36|0x00000000e2400000, 0x00000000e2500000, 0x00000000e2500000|100%| O|  |TAMS 0x00000000e2500000, 0x00000000e2400000| Untracked 
|  37|0x00000000e2500000, 0x00000000e2600000, 0x00000000e2600000|100%| O|  |TAMS 0x00000000e2600000, 0x00000000e2500000| Untracked 
|  38|0x00000000e2600000, 0x00000000e2700000, 0x00000000e2700000|100%| O|  |TAMS 0x00000000e2700000, 0x00000000e2600000| Untracked 
|  39|0x00000000e2700000, 0x00000000e2800000, 0x00000000e2800000|100%| O|  |TAMS 0x00000000e2800000, 0x00000000e2700000| Untracked 
|  40|0x00000000e2800000, 0x00000000e2900000, 0x00000000e2900000|100%| O|  |TAMS 0x00000000e2900000, 0x00000000e2800000| Untracked 
|  41|0x00000000e2900000, 0x00000000e2a00000, 0x00000000e2a00000|100%| O|  |TAMS 0x00000000e2a00000, 0x00000000e2900000| Untracked 
|  42|0x00000000e2a00000, 0x00000000e2b00000, 0x00000000e2b00000|100%| O|  |TAMS 0x00000000e2b00000, 0x00000000e2a00000| Untracked 
|  43|0x00000000e2b00000, 0x00000000e2c00000, 0x00000000e2c00000|100%| O|  |TAMS 0x00000000e2c00000, 0x00000000e2b00000| Untracked 
|  44|0x00000000e2c00000, 0x00000000e2d00000, 0x00000000e2d00000|100%| O|  |TAMS 0x00000000e2cb7e00, 0x00000000e2c00000| Untracked 
|  45|0x00000000e2d00000, 0x00000000e2e00000, 0x00000000e2e00000|100%| O|  |TAMS 0x00000000e2d00000, 0x00000000e2d00000| Untracked 
|  46|0x00000000e2e00000, 0x00000000e2f00000, 0x00000000e2f00000|100%| O|  |TAMS 0x00000000e2e00000, 0x00000000e2e00000| Untracked 
|  47|0x00000000e2f00000, 0x00000000e3000000, 0x00000000e3000000|100%| O|  |TAMS 0x00000000e2f00000, 0x00000000e2f00000| Untracked 
|  48|0x00000000e3000000, 0x00000000e3100000, 0x00000000e3100000|100%| O|  |TAMS 0x00000000e3000000, 0x00000000e3000000| Untracked 
|  49|0x00000000e3100000, 0x00000000e3200000, 0x00000000e3200000|100%| O|  |TAMS 0x00000000e3100000, 0x00000000e3100000| Untracked 
|  50|0x00000000e3200000, 0x00000000e3300000, 0x00000000e3300000|100%| O|  |TAMS 0x00000000e3200000, 0x00000000e3200000| Untracked 
|  51|0x00000000e3300000, 0x00000000e3300000, 0x00000000e3400000|  0%| F|  |TAMS 0x00000000e3300000, 0x00000000e3300000| Untracked 
|  52|0x00000000e3400000, 0x00000000e3400000, 0x00000000e3500000|  0%| F|  |TAMS 0x00000000e3400000, 0x00000000e3400000| Untracked 
|  53|0x00000000e3500000, 0x00000000e3500000, 0x00000000e3600000|  0%| F|  |TAMS 0x00000000e3500000, 0x00000000e3500000| Untracked 
|  54|0x00000000e3600000, 0x00000000e3600000, 0x00000000e3700000|  0%| F|  |TAMS 0x00000000e3600000, 0x00000000e3600000| Untracked 
|  55|0x00000000e3700000, 0x00000000e3700000, 0x00000000e3800000|  0%| F|  |TAMS 0x00000000e3700000, 0x00000000e3700000| Untracked 
|  56|0x00000000e3800000, 0x00000000e3800000, 0x00000000e3900000|  0%| F|  |TAMS 0x00000000e3800000, 0x00000000e3800000| Untracked 
|  57|0x00000000e3900000, 0x00000000e3900000, 0x00000000e3a00000|  0%| F|  |TAMS 0x00000000e3900000, 0x00000000e3900000| Untracked 
|  58|0x00000000e3a00000, 0x00000000e3a00000, 0x00000000e3b00000|  0%| F|  |TAMS 0x00000000e3a00000, 0x00000000e3a00000| Untracked 
|  59|0x00000000e3b00000, 0x00000000e3b00000, 0x00000000e3c00000|  0%| F|  |TAMS 0x00000000e3b00000, 0x00000000e3b00000| Untracked 
|  60|0x00000000e3c00000, 0x00000000e3c00000, 0x00000000e3d00000|  0%| F|  |TAMS 0x00000000e3c00000, 0x00000000e3c00000| Untracked 
|  61|0x00000000e3d00000, 0x00000000e3d00000, 0x00000000e3e00000|  0%| F|  |TAMS 0x00000000e3d00000, 0x00000000e3d00000| Untracked 
|  62|0x00000000e3e00000, 0x00000000e3e00000, 0x00000000e3f00000|  0%| F|  |TAMS 0x00000000e3e00000, 0x00000000e3e00000| Untracked 
|  63|0x00000000e3f00000, 0x00000000e3f00000, 0x00000000e4000000|  0%| F|  |TAMS 0x00000000e3f00000, 0x00000000e3f00000| Untracked 
|  64|0x00000000e4000000, 0x00000000e4000000, 0x00000000e4100000|  0%| F|  |TAMS 0x00000000e4000000, 0x00000000e4000000| Untracked 
|  65|0x00000000e4100000, 0x00000000e4100000, 0x00000000e4200000|  0%| F|  |TAMS 0x00000000e4100000, 0x00000000e4100000| Untracked 
|  66|0x00000000e4200000, 0x00000000e4200000, 0x00000000e4300000|  0%| F|  |TAMS 0x00000000e4200000, 0x00000000e4200000| Untracked 
|  67|0x00000000e4300000, 0x00000000e4300000, 0x00000000e4400000|  0%| F|  |TAMS 0x00000000e4300000, 0x00000000e4300000| Untracked 
|  68|0x00000000e4400000, 0x00000000e4400000, 0x00000000e4500000|  0%| F|  |TAMS 0x00000000e4400000, 0x00000000e4400000| Untracked 
|  69|0x00000000e4500000, 0x00000000e4500000, 0x00000000e4600000|  0%| F|  |TAMS 0x00000000e4500000, 0x00000000e4500000| Untracked 
|  70|0x00000000e4600000, 0x00000000e4600000, 0x00000000e4700000|  0%| F|  |TAMS 0x00000000e4600000, 0x00000000e4600000| Untracked 
|  71|0x00000000e4700000, 0x00000000e4700000, 0x00000000e4800000|  0%| F|  |TAMS 0x00000000e4700000, 0x00000000e4700000| Untracked 
|  72|0x00000000e4800000, 0x00000000e4800000, 0x00000000e4900000|  0%| F|  |TAMS 0x00000000e4800000, 0x00000000e4800000| Untracked 
|  73|0x00000000e4900000, 0x00000000e4900000, 0x00000000e4a00000|  0%| F|  |TAMS 0x00000000e4900000, 0x00000000e4900000| Untracked 
|  74|0x00000000e4a00000, 0x00000000e4a00000, 0x00000000e4b00000|  0%| F|  |TAMS 0x00000000e4a00000, 0x00000000e4a00000| Untracked 
|  75|0x00000000e4b00000, 0x00000000e4b00000, 0x00000000e4c00000|  0%| F|  |TAMS 0x00000000e4b00000, 0x00000000e4b00000| Untracked 
|  76|0x00000000e4c00000, 0x00000000e4c00000, 0x00000000e4d00000|  0%| F|  |TAMS 0x00000000e4c00000, 0x00000000e4c00000| Untracked 
|  77|0x00000000e4d00000, 0x00000000e4d00000, 0x00000000e4e00000|  0%| F|  |TAMS 0x00000000e4d00000, 0x00000000e4d00000| Untracked 
|  78|0x00000000e4e00000, 0x00000000e4e00000, 0x00000000e4f00000|  0%| F|  |TAMS 0x00000000e4e00000, 0x00000000e4e00000| Untracked 
|  79|0x00000000e4f00000, 0x00000000e4f00000, 0x00000000e5000000|  0%| F|  |TAMS 0x00000000e4f00000, 0x00000000e4f00000| Untracked 
|  80|0x00000000e5000000, 0x00000000e5000000, 0x00000000e5100000|  0%| F|  |TAMS 0x00000000e5000000, 0x00000000e5000000| Untracked 
|  81|0x00000000e5100000, 0x00000000e5100000, 0x00000000e5200000|  0%| F|  |TAMS 0x00000000e5100000, 0x00000000e5100000| Untracked 
|  82|0x00000000e5200000, 0x00000000e5200000, 0x00000000e5300000|  0%| F|  |TAMS 0x00000000e5200000, 0x00000000e5200000| Untracked 
|  83|0x00000000e5300000, 0x00000000e5300000, 0x00000000e5400000|  0%| F|  |TAMS 0x00000000e5300000, 0x00000000e5300000| Untracked 
|  84|0x00000000e5400000, 0x00000000e5400000, 0x00000000e5500000|  0%| F|  |TAMS 0x00000000e5400000, 0x00000000e5400000| Untracked 
|  85|0x00000000e5500000, 0x00000000e5500000, 0x00000000e5600000|  0%| F|  |TAMS 0x00000000e5500000, 0x00000000e5500000| Untracked 
|  86|0x00000000e5600000, 0x00000000e5600000, 0x00000000e5700000|  0%| F|  |TAMS 0x00000000e5600000, 0x00000000e5600000| Untracked 
|  87|0x00000000e5700000, 0x00000000e5700000, 0x00000000e5800000|  0%| F|  |TAMS 0x00000000e5700000, 0x00000000e5700000| Untracked 
|  88|0x00000000e5800000, 0x00000000e5800000, 0x00000000e5900000|  0%| F|  |TAMS 0x00000000e5800000, 0x00000000e5800000| Untracked 
|  89|0x00000000e5900000, 0x00000000e5900000, 0x00000000e5a00000|  0%| F|  |TAMS 0x00000000e5900000, 0x00000000e5900000| Untracked 
|  90|0x00000000e5a00000, 0x00000000e5a00000, 0x00000000e5b00000|  0%| F|  |TAMS 0x00000000e5a00000, 0x00000000e5a00000| Untracked 
|  91|0x00000000e5b00000, 0x00000000e5b00000, 0x00000000e5c00000|  0%| F|  |TAMS 0x00000000e5b00000, 0x00000000e5b00000| Untracked 
|  92|0x00000000e5c00000, 0x00000000e5c00000, 0x00000000e5d00000|  0%| F|  |TAMS 0x00000000e5c00000, 0x00000000e5c00000| Untracked 
|  93|0x00000000e5d00000, 0x00000000e5d00000, 0x00000000e5e00000|  0%| F|  |TAMS 0x00000000e5d00000, 0x00000000e5d00000| Untracked 
|  94|0x00000000e5e00000, 0x00000000e5e00000, 0x00000000e5f00000|  0%| F|  |TAMS 0x00000000e5e00000, 0x00000000e5e00000| Untracked 
|  95|0x00000000e5f00000, 0x00000000e5f00000, 0x00000000e6000000|  0%| F|  |TAMS 0x00000000e5f00000, 0x00000000e5f00000| Untracked 
|  96|0x00000000e6000000, 0x00000000e6000000, 0x00000000e6100000|  0%| F|  |TAMS 0x00000000e6000000, 0x00000000e6000000| Untracked 
|  97|0x00000000e6100000, 0x00000000e6100000, 0x00000000e6200000|  0%| F|  |TAMS 0x00000000e6100000, 0x00000000e6100000| Untracked 
|  98|0x00000000e6200000, 0x00000000e6200000, 0x00000000e6300000|  0%| F|  |TAMS 0x00000000e6200000, 0x00000000e6200000| Untracked 
|  99|0x00000000e6300000, 0x00000000e6300000, 0x00000000e6400000|  0%| F|  |TAMS 0x00000000e6300000, 0x00000000e6300000| Untracked 
| 100|0x00000000e6400000, 0x00000000e6400000, 0x00000000e6500000|  0%| F|  |TAMS 0x00000000e6400000, 0x00000000e6400000| Untracked 
| 101|0x00000000e6500000, 0x00000000e6500000, 0x00000000e6600000|  0%| F|  |TAMS 0x00000000e6500000, 0x00000000e6500000| Untracked 
| 102|0x00000000e6600000, 0x00000000e6600000, 0x00000000e6700000|  0%| F|  |TAMS 0x00000000e6600000, 0x00000000e6600000| Untracked 
| 103|0x00000000e6700000, 0x00000000e6700000, 0x00000000e6800000|  0%| F|  |TAMS 0x00000000e6700000, 0x00000000e6700000| Untracked 
| 104|0x00000000e6800000, 0x00000000e6800000, 0x00000000e6900000|  0%| F|  |TAMS 0x00000000e6800000, 0x00000000e6800000| Untracked 
| 105|0x00000000e6900000, 0x00000000e6900000, 0x00000000e6a00000|  0%| F|  |TAMS 0x00000000e6900000, 0x00000000e6900000| Untracked 
| 106|0x00000000e6a00000, 0x00000000e6a00000, 0x00000000e6b00000|  0%| F|  |TAMS 0x00000000e6a00000, 0x00000000e6a00000| Untracked 
| 107|0x00000000e6b00000, 0x00000000e6b9ea30, 0x00000000e6c00000| 61%| S|CS|TAMS 0x00000000e6b00000, 0x00000000e6b00000| Complete 
| 108|0x00000000e6c00000, 0x00000000e6d00000, 0x00000000e6d00000|100%| S|CS|TAMS 0x00000000e6c00000, 0x00000000e6c00000| Complete 
| 109|0x00000000e6d00000, 0x00000000e6e00000, 0x00000000e6e00000|100%| S|CS|TAMS 0x00000000e6d00000, 0x00000000e6d00000| Complete 
| 110|0x00000000e6e00000, 0x00000000e6e00000, 0x00000000e6f00000|  0%| F|  |TAMS 0x00000000e6e00000, 0x00000000e6e00000| Untracked 
| 111|0x00000000e6f00000, 0x00000000e6f00000, 0x00000000e7000000|  0%| F|  |TAMS 0x00000000e6f00000, 0x00000000e6f00000| Untracked 
| 112|0x00000000e7000000, 0x00000000e7000000, 0x00000000e7100000|  0%| F|  |TAMS 0x00000000e7000000, 0x00000000e7000000| Untracked 
| 113|0x00000000e7100000, 0x00000000e7100000, 0x00000000e7200000|  0%| F|  |TAMS 0x00000000e7100000, 0x00000000e7100000| Untracked 
| 114|0x00000000e7200000, 0x00000000e7200000, 0x00000000e7300000|  0%| F|  |TAMS 0x00000000e7200000, 0x00000000e7200000| Untracked 
| 115|0x00000000e7300000, 0x00000000e7300000, 0x00000000e7400000|  0%| F|  |TAMS 0x00000000e7300000, 0x00000000e7300000| Untracked 
| 116|0x00000000e7400000, 0x00000000e7400000, 0x00000000e7500000|  0%| F|  |TAMS 0x00000000e7400000, 0x00000000e7400000| Untracked 
| 117|0x00000000e7500000, 0x00000000e7500000, 0x00000000e7600000|  0%| F|  |TAMS 0x00000000e7500000, 0x00000000e7500000| Untracked 
| 118|0x00000000e7600000, 0x00000000e7600000, 0x00000000e7700000|  0%| F|  |TAMS 0x00000000e7600000, 0x00000000e7600000| Untracked 
| 119|0x00000000e7700000, 0x00000000e7700000, 0x00000000e7800000|  0%| F|  |TAMS 0x00000000e7700000, 0x00000000e7700000| Untracked 
| 120|0x00000000e7800000, 0x00000000e7800000, 0x00000000e7900000|  0%| F|  |TAMS 0x00000000e7800000, 0x00000000e7800000| Untracked 
| 121|0x00000000e7900000, 0x00000000e7900000, 0x00000000e7a00000|  0%| F|  |TAMS 0x00000000e7900000, 0x00000000e7900000| Untracked 
| 122|0x00000000e7a00000, 0x00000000e7a00000, 0x00000000e7b00000|  0%| F|  |TAMS 0x00000000e7a00000, 0x00000000e7a00000| Untracked 
| 123|0x00000000e7b00000, 0x00000000e7c00000, 0x00000000e7c00000|100%| S|CS|TAMS 0x00000000e7b00000, 0x00000000e7b00000| Complete 
| 124|0x00000000e7c00000, 0x00000000e7d00000, 0x00000000e7d00000|100%| S|CS|TAMS 0x00000000e7c00000, 0x00000000e7c00000| Complete 
| 125|0x00000000e7d00000, 0x00000000e7e00000, 0x00000000e7e00000|100%| S|CS|TAMS 0x00000000e7d00000, 0x00000000e7d00000| Complete 
| 126|0x00000000e7e00000, 0x00000000e7f00000, 0x00000000e7f00000|100%| S|CS|TAMS 0x00000000e7e00000, 0x00000000e7e00000| Complete 
| 127|0x00000000e7f00000, 0x00000000e8000000, 0x00000000e8000000|100%| S|CS|TAMS 0x00000000e7f00000, 0x00000000e7f00000| Complete 
| 128|0x00000000e8000000, 0x00000000e8100000, 0x00000000e8100000|100%| S|CS|TAMS 0x00000000e8000000, 0x00000000e8000000| Complete 
| 129|0x00000000e8100000, 0x00000000e8200000, 0x00000000e8200000|100%| S|CS|TAMS 0x00000000e8100000, 0x00000000e8100000| Complete 
| 130|0x00000000e8200000, 0x00000000e8300000, 0x00000000e8300000|100%| S|CS|TAMS 0x00000000e8200000, 0x00000000e8200000| Complete 
| 131|0x00000000e8300000, 0x00000000e8400000, 0x00000000e8400000|100%| S|CS|TAMS 0x00000000e8300000, 0x00000000e8300000| Complete 
| 132|0x00000000e8400000, 0x00000000e8400000, 0x00000000e8500000|  0%| F|  |TAMS 0x00000000e8400000, 0x00000000e8400000| Untracked 
| 133|0x00000000e8500000, 0x00000000e8500000, 0x00000000e8600000|  0%| F|  |TAMS 0x00000000e8500000, 0x00000000e8500000| Untracked 
| 134|0x00000000e8600000, 0x00000000e8600000, 0x00000000e8700000|  0%| F|  |TAMS 0x00000000e8600000, 0x00000000e8600000| Untracked 
| 135|0x00000000e8700000, 0x00000000e8700000, 0x00000000e8800000|  0%| F|  |TAMS 0x00000000e8700000, 0x00000000e8700000| Untracked 
| 136|0x00000000e8800000, 0x00000000e8800000, 0x00000000e8900000|  0%| F|  |TAMS 0x00000000e8800000, 0x00000000e8800000| Untracked 
| 137|0x00000000e8900000, 0x00000000e8900000, 0x00000000e8a00000|  0%| F|  |TAMS 0x00000000e8900000, 0x00000000e8900000| Untracked 
| 138|0x00000000e8a00000, 0x00000000e8a00000, 0x00000000e8b00000|  0%| F|  |TAMS 0x00000000e8a00000, 0x00000000e8a00000| Untracked 
| 139|0x00000000e8b00000, 0x00000000e8b00000, 0x00000000e8c00000|  0%| F|  |TAMS 0x00000000e8b00000, 0x00000000e8b00000| Untracked 
| 140|0x00000000e8c00000, 0x00000000e8c00000, 0x00000000e8d00000|  0%| F|  |TAMS 0x00000000e8c00000, 0x00000000e8c00000| Untracked 
| 141|0x00000000e8d00000, 0x00000000e8d00000, 0x00000000e8e00000|  0%| F|  |TAMS 0x00000000e8d00000, 0x00000000e8d00000| Untracked 
| 142|0x00000000e8e00000, 0x00000000e8e00000, 0x00000000e8f00000|  0%| F|  |TAMS 0x00000000e8e00000, 0x00000000e8e00000| Untracked 
| 143|0x00000000e8f00000, 0x00000000e8f00000, 0x00000000e9000000|  0%| F|  |TAMS 0x00000000e8f00000, 0x00000000e8f00000| Untracked 
| 144|0x00000000e9000000, 0x00000000e9000000, 0x00000000e9100000|  0%| F|  |TAMS 0x00000000e9000000, 0x00000000e9000000| Untracked 
| 145|0x00000000e9100000, 0x00000000e9100000, 0x00000000e9200000|  0%| F|  |TAMS 0x00000000e9100000, 0x00000000e9100000| Untracked 
| 146|0x00000000e9200000, 0x00000000e9200000, 0x00000000e9300000|  0%| F|  |TAMS 0x00000000e9200000, 0x00000000e9200000| Untracked 
| 147|0x00000000e9300000, 0x00000000e9300000, 0x00000000e9400000|  0%| F|  |TAMS 0x00000000e9300000, 0x00000000e9300000| Untracked 
| 148|0x00000000e9400000, 0x00000000e9400000, 0x00000000e9500000|  0%| F|  |TAMS 0x00000000e9400000, 0x00000000e9400000| Untracked 
| 149|0x00000000e9500000, 0x00000000e9500000, 0x00000000e9600000|  0%| F|  |TAMS 0x00000000e9500000, 0x00000000e9500000| Untracked 
| 150|0x00000000e9600000, 0x00000000e9600000, 0x00000000e9700000|  0%| F|  |TAMS 0x00000000e9600000, 0x00000000e9600000| Untracked 
| 151|0x00000000e9700000, 0x00000000e9700000, 0x00000000e9800000|  0%| F|  |TAMS 0x00000000e9700000, 0x00000000e9700000| Untracked 
| 152|0x00000000e9800000, 0x00000000e9800000, 0x00000000e9900000|  0%| F|  |TAMS 0x00000000e9800000, 0x00000000e9800000| Untracked 
| 153|0x00000000e9900000, 0x00000000e9900000, 0x00000000e9a00000|  0%| F|  |TAMS 0x00000000e9900000, 0x00000000e9900000| Untracked 
| 154|0x00000000e9a00000, 0x00000000e9a00000, 0x00000000e9b00000|  0%| F|  |TAMS 0x00000000e9a00000, 0x00000000e9a00000| Untracked 
| 155|0x00000000e9b00000, 0x00000000e9b00000, 0x00000000e9c00000|  0%| F|  |TAMS 0x00000000e9b00000, 0x00000000e9b00000| Untracked 
| 156|0x00000000e9c00000, 0x00000000e9c00000, 0x00000000e9d00000|  0%| F|  |TAMS 0x00000000e9c00000, 0x00000000e9c00000| Untracked 
| 157|0x00000000e9d00000, 0x00000000e9d00000, 0x00000000e9e00000|  0%| F|  |TAMS 0x00000000e9d00000, 0x00000000e9d00000| Untracked 
| 158|0x00000000e9e00000, 0x00000000e9e00000, 0x00000000e9f00000|  0%| F|  |TAMS 0x00000000e9e00000, 0x00000000e9e00000| Untracked 
| 159|0x00000000e9f00000, 0x00000000e9f00000, 0x00000000ea000000|  0%| F|  |TAMS 0x00000000e9f00000, 0x00000000e9f00000| Untracked 
| 160|0x00000000ea000000, 0x00000000ea000000, 0x00000000ea100000|  0%| F|  |TAMS 0x00000000ea000000, 0x00000000ea000000| Untracked 
| 161|0x00000000ea100000, 0x00000000ea100000, 0x00000000ea200000|  0%| F|  |TAMS 0x00000000ea100000, 0x00000000ea100000| Untracked 
| 162|0x00000000ea200000, 0x00000000ea200000, 0x00000000ea300000|  0%| F|  |TAMS 0x00000000ea200000, 0x00000000ea200000| Untracked 
| 163|0x00000000ea300000, 0x00000000ea300000, 0x00000000ea400000|  0%| F|  |TAMS 0x00000000ea300000, 0x00000000ea300000| Untracked 
| 164|0x00000000ea400000, 0x00000000ea400000, 0x00000000ea500000|  0%| F|  |TAMS 0x00000000ea400000, 0x00000000ea400000| Untracked 
| 165|0x00000000ea500000, 0x00000000ea500000, 0x00000000ea600000|  0%| F|  |TAMS 0x00000000ea500000, 0x00000000ea500000| Untracked 
| 166|0x00000000ea600000, 0x00000000ea600000, 0x00000000ea700000|  0%| F|  |TAMS 0x00000000ea600000, 0x00000000ea600000| Untracked 
| 167|0x00000000ea700000, 0x00000000ea700000, 0x00000000ea800000|  0%| F|  |TAMS 0x00000000ea700000, 0x00000000ea700000| Untracked 
| 168|0x00000000ea800000, 0x00000000ea800000, 0x00000000ea900000|  0%| F|  |TAMS 0x00000000ea800000, 0x00000000ea800000| Untracked 
| 169|0x00000000ea900000, 0x00000000ea900000, 0x00000000eaa00000|  0%| F|  |TAMS 0x00000000ea900000, 0x00000000ea900000| Untracked 
| 170|0x00000000eaa00000, 0x00000000eaa00000, 0x00000000eab00000|  0%| F|  |TAMS 0x00000000eaa00000, 0x00000000eaa00000| Untracked 
| 171|0x00000000eab00000, 0x00000000eab00000, 0x00000000eac00000|  0%| F|  |TAMS 0x00000000eab00000, 0x00000000eab00000| Untracked 
| 172|0x00000000eac00000, 0x00000000eac00000, 0x00000000ead00000|  0%| F|  |TAMS 0x00000000eac00000, 0x00000000eac00000| Untracked 
| 173|0x00000000ead00000, 0x00000000ead00000, 0x00000000eae00000|  0%| F|  |TAMS 0x00000000ead00000, 0x00000000ead00000| Untracked 
| 174|0x00000000eae00000, 0x00000000eae00000, 0x00000000eaf00000|  0%| F|  |TAMS 0x00000000eae00000, 0x00000000eae00000| Untracked 
| 175|0x00000000eaf00000, 0x00000000eaf00000, 0x00000000eb000000|  0%| F|  |TAMS 0x00000000eaf00000, 0x00000000eaf00000| Untracked 
| 176|0x00000000eb000000, 0x00000000eb000000, 0x00000000eb100000|  0%| F|  |TAMS 0x00000000eb000000, 0x00000000eb000000| Untracked 
| 177|0x00000000eb100000, 0x00000000eb100000, 0x00000000eb200000|  0%| F|  |TAMS 0x00000000eb100000, 0x00000000eb100000| Untracked 
| 178|0x00000000eb200000, 0x00000000eb200000, 0x00000000eb300000|  0%| F|  |TAMS 0x00000000eb200000, 0x00000000eb200000| Untracked 
| 179|0x00000000eb300000, 0x00000000eb300000, 0x00000000eb400000|  0%| F|  |TAMS 0x00000000eb300000, 0x00000000eb300000| Untracked 
| 180|0x00000000eb400000, 0x00000000eb400000, 0x00000000eb500000|  0%| F|  |TAMS 0x00000000eb400000, 0x00000000eb400000| Untracked 
| 181|0x00000000eb500000, 0x00000000eb500000, 0x00000000eb600000|  0%| F|  |TAMS 0x00000000eb500000, 0x00000000eb500000| Untracked 
| 182|0x00000000eb600000, 0x00000000eb600000, 0x00000000eb700000|  0%| F|  |TAMS 0x00000000eb600000, 0x00000000eb600000| Untracked 
| 183|0x00000000eb700000, 0x00000000eb700000, 0x00000000eb800000|  0%| F|  |TAMS 0x00000000eb700000, 0x00000000eb700000| Untracked 
| 184|0x00000000eb800000, 0x00000000eb800000, 0x00000000eb900000|  0%| F|  |TAMS 0x00000000eb800000, 0x00000000eb800000| Untracked 
| 185|0x00000000eb900000, 0x00000000eb900000, 0x00000000eba00000|  0%| F|  |TAMS 0x00000000eb900000, 0x00000000eb900000| Untracked 
| 186|0x00000000eba00000, 0x00000000eba00000, 0x00000000ebb00000|  0%| F|  |TAMS 0x00000000eba00000, 0x00000000eba00000| Untracked 
| 187|0x00000000ebb00000, 0x00000000ebb00000, 0x00000000ebc00000|  0%| F|  |TAMS 0x00000000ebb00000, 0x00000000ebb00000| Untracked 
| 188|0x00000000ebc00000, 0x00000000ebc00000, 0x00000000ebd00000|  0%| F|  |TAMS 0x00000000ebc00000, 0x00000000ebc00000| Untracked 
| 189|0x00000000ebd00000, 0x00000000ebd00000, 0x00000000ebe00000|  0%| F|  |TAMS 0x00000000ebd00000, 0x00000000ebd00000| Untracked 
| 190|0x00000000ebe00000, 0x00000000ebe00000, 0x00000000ebf00000|  0%| F|  |TAMS 0x00000000ebe00000, 0x00000000ebe00000| Untracked 
| 191|0x00000000ebf00000, 0x00000000ebf00000, 0x00000000ec000000|  0%| F|  |TAMS 0x00000000ebf00000, 0x00000000ebf00000| Untracked 
| 192|0x00000000ec000000, 0x00000000ec000000, 0x00000000ec100000|  0%| F|  |TAMS 0x00000000ec000000, 0x00000000ec000000| Untracked 
| 193|0x00000000ec100000, 0x00000000ec100000, 0x00000000ec200000|  0%| F|  |TAMS 0x00000000ec100000, 0x00000000ec100000| Untracked 
| 194|0x00000000ec200000, 0x00000000ec200000, 0x00000000ec300000|  0%| F|  |TAMS 0x00000000ec200000, 0x00000000ec200000| Untracked 
| 195|0x00000000ec300000, 0x00000000ec300000, 0x00000000ec400000|  0%| F|  |TAMS 0x00000000ec300000, 0x00000000ec300000| Untracked 
| 196|0x00000000ec400000, 0x00000000ec400000, 0x00000000ec500000|  0%| F|  |TAMS 0x00000000ec400000, 0x00000000ec400000| Untracked 
| 197|0x00000000ec500000, 0x00000000ec500000, 0x00000000ec600000|  0%| F|  |TAMS 0x00000000ec500000, 0x00000000ec500000| Untracked 
| 198|0x00000000ec600000, 0x00000000ec600000, 0x00000000ec700000|  0%| F|  |TAMS 0x00000000ec600000, 0x00000000ec600000| Untracked 
| 199|0x00000000ec700000, 0x00000000ec700000, 0x00000000ec800000|  0%| F|  |TAMS 0x00000000ec700000, 0x00000000ec700000| Untracked 
| 200|0x00000000ec800000, 0x00000000ec800000, 0x00000000ec900000|  0%| F|  |TAMS 0x00000000ec800000, 0x00000000ec800000| Untracked 
| 201|0x00000000ec900000, 0x00000000ec900000, 0x00000000eca00000|  0%| F|  |TAMS 0x00000000ec900000, 0x00000000ec900000| Untracked 
| 202|0x00000000eca00000, 0x00000000eca00000, 0x00000000ecb00000|  0%| F|  |TAMS 0x00000000eca00000, 0x00000000eca00000| Untracked 
| 203|0x00000000ecb00000, 0x00000000ecb00000, 0x00000000ecc00000|  0%| F|  |TAMS 0x00000000ecb00000, 0x00000000ecb00000| Untracked 
| 204|0x00000000ecc00000, 0x00000000ecc00000, 0x00000000ecd00000|  0%| F|  |TAMS 0x00000000ecc00000, 0x00000000ecc00000| Untracked 
| 205|0x00000000ecd00000, 0x00000000ecd00000, 0x00000000ece00000|  0%| F|  |TAMS 0x00000000ecd00000, 0x00000000ecd00000| Untracked 
| 206|0x00000000ece00000, 0x00000000ece00000, 0x00000000ecf00000|  0%| F|  |TAMS 0x00000000ece00000, 0x00000000ece00000| Untracked 
| 207|0x00000000ecf00000, 0x00000000ecf00000, 0x00000000ed000000|  0%| F|  |TAMS 0x00000000ecf00000, 0x00000000ecf00000| Untracked 
| 208|0x00000000ed000000, 0x00000000ed000000, 0x00000000ed100000|  0%| F|  |TAMS 0x00000000ed000000, 0x00000000ed000000| Untracked 
| 209|0x00000000ed100000, 0x00000000ed100000, 0x00000000ed200000|  0%| F|  |TAMS 0x00000000ed100000, 0x00000000ed100000| Untracked 
| 210|0x00000000ed200000, 0x00000000ed200000, 0x00000000ed300000|  0%| F|  |TAMS 0x00000000ed200000, 0x00000000ed200000| Untracked 
| 211|0x00000000ed300000, 0x00000000ed300000, 0x00000000ed400000|  0%| F|  |TAMS 0x00000000ed300000, 0x00000000ed300000| Untracked 
| 212|0x00000000ed400000, 0x00000000ed400000, 0x00000000ed500000|  0%| F|  |TAMS 0x00000000ed400000, 0x00000000ed400000| Untracked 
| 213|0x00000000ed500000, 0x00000000ed500000, 0x00000000ed600000|  0%| F|  |TAMS 0x00000000ed500000, 0x00000000ed500000| Untracked 
| 214|0x00000000ed600000, 0x00000000ed600000, 0x00000000ed700000|  0%| F|  |TAMS 0x00000000ed600000, 0x00000000ed600000| Untracked 
| 215|0x00000000ed700000, 0x00000000ed700000, 0x00000000ed800000|  0%| F|  |TAMS 0x00000000ed700000, 0x00000000ed700000| Untracked 
| 216|0x00000000ed800000, 0x00000000ed800000, 0x00000000ed900000|  0%| F|  |TAMS 0x00000000ed800000, 0x00000000ed800000| Untracked 
| 217|0x00000000ed900000, 0x00000000ed900000, 0x00000000eda00000|  0%| F|  |TAMS 0x00000000ed900000, 0x00000000ed900000| Untracked 
| 218|0x00000000eda00000, 0x00000000eda00000, 0x00000000edb00000|  0%| F|  |TAMS 0x00000000eda00000, 0x00000000eda00000| Untracked 
| 219|0x00000000edb00000, 0x00000000edb00000, 0x00000000edc00000|  0%| F|  |TAMS 0x00000000edb00000, 0x00000000edb00000| Untracked 
| 220|0x00000000edc00000, 0x00000000edc00000, 0x00000000edd00000|  0%| F|  |TAMS 0x00000000edc00000, 0x00000000edc00000| Untracked 
| 221|0x00000000edd00000, 0x00000000edd00000, 0x00000000ede00000|  0%| F|  |TAMS 0x00000000edd00000, 0x00000000edd00000| Untracked 
| 222|0x00000000ede00000, 0x00000000ede00000, 0x00000000edf00000|  0%| F|  |TAMS 0x00000000ede00000, 0x00000000ede00000| Untracked 
| 223|0x00000000edf00000, 0x00000000edf00000, 0x00000000ee000000|  0%| F|  |TAMS 0x00000000edf00000, 0x00000000edf00000| Untracked 
| 224|0x00000000ee000000, 0x00000000ee000000, 0x00000000ee100000|  0%| F|  |TAMS 0x00000000ee000000, 0x00000000ee000000| Untracked 
| 225|0x00000000ee100000, 0x00000000ee100000, 0x00000000ee200000|  0%| F|  |TAMS 0x00000000ee100000, 0x00000000ee100000| Untracked 
| 226|0x00000000ee200000, 0x00000000ee200000, 0x00000000ee300000|  0%| F|  |TAMS 0x00000000ee200000, 0x00000000ee200000| Untracked 
| 227|0x00000000ee300000, 0x00000000ee300000, 0x00000000ee400000|  0%| F|  |TAMS 0x00000000ee300000, 0x00000000ee300000| Untracked 
| 228|0x00000000ee400000, 0x00000000ee400000, 0x00000000ee500000|  0%| F|  |TAMS 0x00000000ee400000, 0x00000000ee400000| Untracked 
| 229|0x00000000ee500000, 0x00000000ee500000, 0x00000000ee600000|  0%| F|  |TAMS 0x00000000ee500000, 0x00000000ee500000| Untracked 
| 230|0x00000000ee600000, 0x00000000ee600000, 0x00000000ee700000|  0%| F|  |TAMS 0x00000000ee600000, 0x00000000ee600000| Untracked 
| 231|0x00000000ee700000, 0x00000000ee700000, 0x00000000ee800000|  0%| F|  |TAMS 0x00000000ee700000, 0x00000000ee700000| Untracked 
| 232|0x00000000ee800000, 0x00000000ee800000, 0x00000000ee900000|  0%| F|  |TAMS 0x00000000ee800000, 0x00000000ee800000| Untracked 
| 233|0x00000000ee900000, 0x00000000ee900000, 0x00000000eea00000|  0%| F|  |TAMS 0x00000000ee900000, 0x00000000ee900000| Untracked 
| 234|0x00000000eea00000, 0x00000000eea00000, 0x00000000eeb00000|  0%| F|  |TAMS 0x00000000eea00000, 0x00000000eea00000| Untracked 
| 235|0x00000000eeb00000, 0x00000000eeb00000, 0x00000000eec00000|  0%| F|  |TAMS 0x00000000eeb00000, 0x00000000eeb00000| Untracked 
| 236|0x00000000eec00000, 0x00000000eec00000, 0x00000000eed00000|  0%| F|  |TAMS 0x00000000eec00000, 0x00000000eec00000| Untracked 
| 237|0x00000000eed00000, 0x00000000eed00000, 0x00000000eee00000|  0%| F|  |TAMS 0x00000000eed00000, 0x00000000eed00000| Untracked 
| 238|0x00000000eee00000, 0x00000000eee00000, 0x00000000eef00000|  0%| F|  |TAMS 0x00000000eee00000, 0x00000000eee00000| Untracked 
| 239|0x00000000eef00000, 0x00000000eef00000, 0x00000000ef000000|  0%| F|  |TAMS 0x00000000eef00000, 0x00000000eef00000| Untracked 
| 240|0x00000000ef000000, 0x00000000ef000000, 0x00000000ef100000|  0%| F|  |TAMS 0x00000000ef000000, 0x00000000ef000000| Untracked 
| 241|0x00000000ef100000, 0x00000000ef100000, 0x00000000ef200000|  0%| F|  |TAMS 0x00000000ef100000, 0x00000000ef100000| Untracked 
| 242|0x00000000ef200000, 0x00000000ef200000, 0x00000000ef300000|  0%| F|  |TAMS 0x00000000ef200000, 0x00000000ef200000| Untracked 
| 243|0x00000000ef300000, 0x00000000ef300000, 0x00000000ef400000|  0%| F|  |TAMS 0x00000000ef300000, 0x00000000ef300000| Untracked 
| 244|0x00000000ef400000, 0x00000000ef400000, 0x00000000ef500000|  0%| F|  |TAMS 0x00000000ef400000, 0x00000000ef400000| Untracked 
| 245|0x00000000ef500000, 0x00000000ef500000, 0x00000000ef600000|  0%| F|  |TAMS 0x00000000ef500000, 0x00000000ef500000| Untracked 
| 246|0x00000000ef600000, 0x00000000ef600000, 0x00000000ef700000|  0%| F|  |TAMS 0x00000000ef600000, 0x00000000ef600000| Untracked 
| 247|0x00000000ef700000, 0x00000000ef700000, 0x00000000ef800000|  0%| F|  |TAMS 0x00000000ef700000, 0x00000000ef700000| Untracked 
| 248|0x00000000ef800000, 0x00000000ef800000, 0x00000000ef900000|  0%| F|  |TAMS 0x00000000ef800000, 0x00000000ef800000| Untracked 
| 249|0x00000000ef900000, 0x00000000ef900000, 0x00000000efa00000|  0%| F|  |TAMS 0x00000000ef900000, 0x00000000ef900000| Untracked 
| 250|0x00000000efa00000, 0x00000000efad2d80, 0x00000000efb00000| 82%| E|  |TAMS 0x00000000efa00000, 0x00000000efa00000| Complete 
| 251|0x00000000efb00000, 0x00000000efc00000, 0x00000000efc00000|100%| E|CS|TAMS 0x00000000efb00000, 0x00000000efb00000| Complete 
| 252|0x00000000efc00000, 0x00000000efd00000, 0x00000000efd00000|100%| E|CS|TAMS 0x00000000efc00000, 0x00000000efc00000| Complete 
| 253|0x00000000efd00000, 0x00000000efe00000, 0x00000000efe00000|100%| E|CS|TAMS 0x00000000efd00000, 0x00000000efd00000| Complete 
| 254|0x00000000efe00000, 0x00000000eff00000, 0x00000000eff00000|100%| E|CS|TAMS 0x00000000efe00000, 0x00000000efe00000| Complete 
| 255|0x00000000eff00000, 0x00000000f0000000, 0x00000000f0000000|100%| E|CS|TAMS 0x00000000eff00000, 0x00000000eff00000| Complete 

Card table byte_map: [0x000001b197b30000,0x000001b197c30000] _byte_map_base: 0x000001b197430000

Marking Bits (Prev, Next): (CMBitMap*) 0x000001b1f9bbf118, (CMBitMap*) 0x000001b1f9bbf150
 Prev Bits: [0x000001b197d30000, 0x000001b198530000)
 Next Bits: [0x000001b198530000, 0x000001b198d30000)

Polling page: 0x000001b180000000

Metaspace:

Usage:
  Non-class:     61.12 MB capacity,    59.63 MB ( 98%) used,     1.25 MB (  2%) free+waste,   245.56 KB ( <1%) overhead. 
      Class:      9.67 MB capacity,     8.79 MB ( 91%) used,   789.05 KB (  8%) free+waste,   115.56 KB (  1%) overhead. 
       Both:     70.79 MB capacity,    68.42 MB ( 97%) used,     2.02 MB (  3%) free+waste,   361.13 KB ( <1%) overhead. 

Virtual space:
  Non-class space:       62.00 MB reserved,      61.20 MB ( 99%) committed 
      Class space:      248.00 MB reserved,       9.75 MB (  4%) committed 
             Both:      310.00 MB reserved,      70.95 MB ( 23%) committed 

Chunk freelists:
   Non-Class:  2.00 KB
       Class:  0 bytes
        Both:  2.00 KB

CodeHeap 'non-profiled nmethods': size=120064Kb used=5905Kb max_used=5905Kb free=114158Kb
 bounds [0x000001b18fec0000, 0x000001b190490000, 0x000001b197400000]
CodeHeap 'profiled nmethods': size=120000Kb used=23077Kb max_used=23077Kb free=96922Kb
 bounds [0x000001b188990000, 0x000001b18a020000, 0x000001b18fec0000]
CodeHeap 'non-nmethods': size=5696Kb used=2248Kb max_used=2304Kb free=3447Kb
 bounds [0x000001b188400000, 0x000001b188670000, 0x000001b188990000]
 total_blobs=11367 nmethods=10529 adapters=749
 compilation: enabled
              stopped_count=0, restarted_count=0
 full_count=0

Compilation events (10 events):
Event: 1129.015 Thread 0x000001b19b38a800 10587       3       groovy.lang.Closure::<init> (52 bytes)
Event: 1129.016 Thread 0x000001b19b38a800 nmethod 10587 0x000001b18a017390 code [0x000001b18a017600, 0x000001b18a018358]
Event: 1129.019 Thread 0x000001b19b389800 nmethod 10585 0x000001b190483a10 code [0x000001b190483bc0, 0x000001b190483dd8]
Event: 1129.019 Thread 0x000001b19b389800 10586       4       groovy.xml.MarkupBuilder$DefaultXmlEscapingFunction::lambda$apply$1 (35 bytes)
Event: 1129.021 Thread 0x000001b19b389800 nmethod 10586 0x000001b190484110 code [0x000001b1904842a0, 0x000001b1904843f8]
Event: 1129.184 Thread 0x000001b19b38a800 10588       3       groovy.xml.MarkupBuilder$DefaultXmlEscapingFunction::<init> (57 bytes)
Event: 1129.185 Thread 0x000001b19b38a800 nmethod 10588 0x000001b18a018710 code [0x000001b18a018920, 0x000001b18a018f88]
Event: 1129.185 Thread 0x000001b19b38a800 10589 %     3       java.lang.StringUTF16::indexOfCharUnsafe @ 3 (30 bytes)
Event: 1129.185 Thread 0x000001b19b38a800 nmethod 10589% 0x000001b18a019190 code [0x000001b18a019340, 0x000001b18a019598]
Event: 1131.720 Thread 0x000001b19b389800 10590       4       org.gradle.internal.remote.internal.inet.MultiChoiceAddressSerializer::read (95 bytes)

GC Heap History (10 events):
Event: 4.561 GC heap before
{Heap before GC invocations=9 (full 0):
 garbage-first heap   total 262144K, used 121871K [0x00000000e0000000, 0x0000000100000000)
  region size 1024K, 100 young (102400K), 6 survivors (6144K)
 Metaspace       used 43603K, capacity 44618K, committed 44876K, reserved 292864K
  class space    used 5549K, capacity 5920K, committed 6016K, reserved 253952K
}
Event: 4.574 GC heap after
{Heap after GC invocations=10 (full 0):
 garbage-first heap   total 262144K, used 29209K [0x00000000e0000000, 0x0000000100000000)
  region size 1024K, 13 young (13312K), 13 survivors (13312K)
 Metaspace       used 43603K, capacity 44618K, committed 44876K, reserved 292864K
  class space    used 5549K, capacity 5920K, committed 6016K, reserved 253952K
}
Event: 5.735 GC heap before
{Heap before GC invocations=10 (full 0):
 garbage-first heap   total 262144K, used 142873K [0x00000000e0000000, 0x0000000100000000)
  region size 1024K, 124 young (126976K), 13 survivors (13312K)
 Metaspace       used 51150K, capacity 52477K, committed 52684K, reserved 301056K
  class space    used 6662K, capacity 7149K, committed 7168K, reserved 253952K
}
Event: 5.757 GC heap after
{Heap after GC invocations=11 (full 0):
 garbage-first heap   total 262144K, used 34997K [0x00000000e0000000, 0x0000000100000000)
  region size 1024K, 13 young (13312K), 13 survivors (13312K)
 Metaspace       used 51150K, capacity 52477K, committed 52684K, reserved 301056K
  class space    used 6662K, capacity 7149K, committed 7168K, reserved 253952K
}
Event: 7.581 GC heap before
{Heap before GC invocations=11 (full 0):
 garbage-first heap   total 262144K, used 169141K [0x00000000e0000000, 0x0000000100000000)
  region size 1024K, 146 young (149504K), 13 survivors (13312K)
 Metaspace       used 58259K, capacity 60086K, committed 60236K, reserved 307200K
  class space    used 7713K, capacity 8469K, committed 8576K, reserved 253952K
}
Event: 7.608 GC heap after
{Heap after GC invocations=12 (full 0):
 garbage-first heap   total 262144K, used 47819K [0x00000000e0000000, 0x0000000100000000)
  region size 1024K, 20 young (20480K), 20 survivors (20480K)
 Metaspace       used 58259K, capacity 60086K, committed 60236K, reserved 307200K
  class space    used 7713K, capacity 8469K, committed 8576K, reserved 253952K
}
Event: 51.617 GC heap before
{Heap before GC invocations=13 (full 0):
 garbage-first heap   total 262144K, used 182987K [0x00000000e0000000, 0x0000000100000000)
  region size 1024K, 153 young (156672K), 20 survivors (20480K)
 Metaspace       used 68600K, capacity 70952K, committed 71116K, reserved 315392K
  class space    used 8970K, capacity 9860K, committed 9984K, reserved 253952K
}
Event: 51.657 GC heap after
{Heap after GC invocations=14 (full 0):
 garbage-first heap   total 262144K, used 62687K [0x00000000e0000000, 0x0000000100000000)
  region size 1024K, 17 young (17408K), 17 survivors (17408K)
 Metaspace       used 68600K, capacity 70952K, committed 71116K, reserved 315392K
  class space    used 8970K, capacity 9860K, committed 9984K, reserved 253952K
}
Event: 1124.073 GC heap before
{Heap before GC invocations=15 (full 0):
 garbage-first heap   total 262144K, used 188639K [0x00000000e0000000, 0x0000000100000000)
  region size 1024K, 141 young (144384K), 17 survivors (17408K)
 Metaspace       used 69988K, capacity 72479K, committed 72652K, reserved 317440K
  class space    used 8999K, capacity 9903K, committed 9984K, reserved 253952K
}
Event: 1124.091 GC heap after
{Heap after GC invocations=16 (full 0):
 garbage-first heap   total 262144K, used 64122K [0x00000000e0000000, 0x0000000100000000)
  region size 1024K, 12 young (12288K), 12 survivors (12288K)
 Metaspace       used 69988K, capacity 72479K, committed 72652K, reserved 317440K
  class space    used 8999K, capacity 9903K, committed 9984K, reserved 253952K
}

Deoptimization events (10 events):
Event: 101.714 Thread 0x000001b19ec2d000 Uncommon trap: reason=bimorphic_or_optimized_type_check action=maybe_recompile pc=0x000001b1902f86e4 method=java.util.HashMap.removeNode(ILjava/lang/Object;Ljava/lang/Object;ZZ)Ljava/util/HashMap$Node; @ 283 c2
Event: 131.719 Thread 0x000001b19ec2d000 Uncommon trap: reason=bimorphic_or_optimized_type_check action=maybe_recompile pc=0x000001b1902f86e4 method=java.util.HashMap.removeNode(ILjava/lang/Object;Ljava/lang/Object;ZZ)Ljava/util/HashMap$Node; @ 283 c2
Event: 131.719 Thread 0x000001b19ec2d000 Uncommon trap: reason=bimorphic_or_optimized_type_check action=maybe_recompile pc=0x000001b1902f86e4 method=java.util.HashMap.removeNode(ILjava/lang/Object;Ljava/lang/Object;ZZ)Ljava/util/HashMap$Node; @ 283 c2
Event: 594.268 Thread 0x000001b19ebf5800 Uncommon trap: reason=class_check action=maybe_recompile pc=0x000001b1903f5928 method=jdk.internal.misc.Unsafe.allocateUninitializedArray(Ljava/lang/Class;I)Ljava/lang/Object; @ 48 c2
Event: 594.268 Thread 0x000001b19ebf5800 Uncommon trap: reason=class_check action=maybe_recompile pc=0x000001b1903f5928 method=jdk.internal.misc.Unsafe.allocateUninitializedArray(Ljava/lang/Class;I)Ljava/lang/Object; @ 48 c2
Event: 594.269 Thread 0x000001b19ebf5800 Uncommon trap: reason=class_check action=maybe_recompile pc=0x000001b1903f5928 method=jdk.internal.misc.Unsafe.allocateUninitializedArray(Ljava/lang/Class;I)Ljava/lang/Object; @ 48 c2
Event: 594.269 Thread 0x000001b19ebf5800 Uncommon trap: reason=class_check action=maybe_recompile pc=0x000001b1903f5928 method=jdk.internal.misc.Unsafe.allocateUninitializedArray(Ljava/lang/Class;I)Ljava/lang/Object; @ 48 c2
Event: 1063.137 Thread 0x000001b19e1a5000 Uncommon trap: reason=unstable_if action=reinterpret pc=0x000001b19034071c method=org.gradle.internal.snapshot.VfsRelativePath.hasPrefix(Ljava/lang/String;Lorg/gradle/internal/snapshot/CaseSensitivity;)Z @ 105 c2
Event: 1123.979 Thread 0x000001b1a1d31000 Uncommon trap: reason=unstable_if action=reinterpret pc=0x000001b19037a080 method=org.gradle.api.internal.tasks.compile.incremental.deps.ClassSetAnalysisData.getForwardDependencyView()Lcom/google/common/collect/Multimap; @ 36 c2
Event: 1124.147 Thread 0x000001b1a1684800 Uncommon trap: reason=unstable_if action=reinterpret pc=0x000001b190325928 method=com.esotericsoftware.kryo.io.Input.readUtf8Length(I)I @ 46 c2

Classes redefined (0 events):
No events

Internal exceptions (10 events):
Event: 1123.838 Thread 0x000001b1a1d31000 Exception <a 'sun/nio/fs/WindowsException'{0x00000000e8d183e0}> (0x00000000e8d183e0) thrown at [./open/src/hotspot/share/prims/jni.cpp, line 611]
Event: 1123.865 Thread 0x000001b1a1d31000 Exception <a 'sun/nio/fs/WindowsException'{0x00000000e8be6f98}> (0x00000000e8be6f98) thrown at [./open/src/hotspot/share/prims/jni.cpp, line 611]
Event: 1123.865 Thread 0x000001b1a1d31000 Exception <a 'sun/nio/fs/WindowsException'{0x00000000e8be72f8}> (0x00000000e8be72f8) thrown at [./open/src/hotspot/share/prims/jni.cpp, line 611]
Event: 1123.871 Thread 0x000001b1a1d31000 Exception <a 'sun/nio/fs/WindowsException'{0x00000000e8a15260}> (0x00000000e8a15260) thrown at [./open/src/hotspot/share/prims/jni.cpp, line 611]
Event: 1123.871 Thread 0x000001b1a1d31000 Exception <a 'sun/nio/fs/WindowsException'{0x00000000e8a16430}> (0x00000000e8a16430) thrown at [./open/src/hotspot/share/prims/jni.cpp, line 611]
Event: 1123.880 Thread 0x000001b1a1d31000 Exception <a 'sun/nio/fs/WindowsException'{0x00000000e8a24ab0}> (0x00000000e8a24ab0) thrown at [./open/src/hotspot/share/prims/jni.cpp, line 611]
Event: 1123.890 Thread 0x000001b1a1d31000 Exception <a 'sun/nio/fs/WindowsException'{0x00000000e8a30fe8}> (0x00000000e8a30fe8) thrown at [./open/src/hotspot/share/prims/jni.cpp, line 611]
Event: 1123.890 Thread 0x000001b1a1d31000 Exception <a 'sun/nio/fs/WindowsException'{0x00000000e8a31308}> (0x00000000e8a31308) thrown at [./open/src/hotspot/share/prims/jni.cpp, line 611]
Event: 1123.914 Thread 0x000001b1a1d31000 Exception <a 'sun/nio/fs/WindowsException'{0x00000000e8960908}> (0x00000000e8960908) thrown at [./open/src/hotspot/share/prims/jni.cpp, line 611]
Event: 1124.137 Thread 0x000001b1a1684800 Exception <a 'sun/nio/fs/WindowsException'{0x00000000efd97630}> (0x00000000efd97630) thrown at [./open/src/hotspot/share/prims/jni.cpp, line 611]

Events (10 events):
Event: 1125.329 Executing VM operation: RevokeBias
Event: 1125.329 Executing VM operation: RevokeBias done
Event: 1125.329 Thread 0x000001b19f280000 Thread exited: 0x000001b19f280000
Event: 1125.661 Thread 0x000001b19f27b000 Thread added: 0x000001b19f27b000
Event: 1125.661 Thread 0x000001b19f281800 Thread added: 0x000001b19f281800
Event: 1125.661 loading class org/gradle/api/internal/tasks/testing/worker/RemoteTestClassProcessor
Event: 1125.661 loading class org/gradle/api/internal/tasks/testing/worker/RemoteTestClassProcessor done
Event: 1125.661 Thread 0x000001b1a1692000 Thread exited: 0x000001b1a1692000
Event: 1125.662 Thread 0x000001b19f27c800 Thread added: 0x000001b19f27c800
Event: 1125.662 Thread 0x000001b19f282800 Thread added: 0x000001b19f282800


Dynamic libraries:
0x00007ff635330000 - 0x00007ff63533f000 	C:\Program Files\Java\jdk-11.0.12\bin\java.exe
0x00007ff8e0670000 - 0x00007ff8e0868000 	C:\Windows\SYSTEM32\ntdll.dll
0x00007ff8df340000 - 0x00007ff8df3fd000 	C:\Windows\System32\KERNEL32.DLL
0x00007ff8de010000 - 0x00007ff8de306000 	C:\Windows\System32\KERNELBASE.dll
0x00007ff8de3f0000 - 0x00007ff8de4f0000 	C:\Windows\System32\ucrtbase.dll
0x00007ff8ad970000 - 0x00007ff8ad985000 	C:\Program Files\Java\jdk-11.0.12\bin\VCRUNTIME140.dll
0x00007ff8ad990000 - 0x00007ff8ad9a8000 	C:\Program Files\Java\jdk-11.0.12\bin\jli.dll
0x00007ff8df490000 - 0x00007ff8df53e000 	C:\Windows\System32\ADVAPI32.dll
0x00007ff8df5d0000 - 0x00007ff8df66e000 	C:\Windows\System32\msvcrt.dll
0x00007ff8e0150000 - 0x00007ff8e01ec000 	C:\Windows\System32\sechost.dll
0x00007ff8de700000 - 0x00007ff8de826000 	C:\Windows\System32\RPCRT4.dll
0x00007ff8e01f0000 - 0x00007ff8e038e000 	C:\Windows\System32\USER32.dll
0x00007ff8c1a40000 - 0x00007ff8c1cda000 	C:\Windows\WinSxS\amd64_microsoft.windows.common-controls_6595b64144ccf1df_6.0.19041.1110_none_60b5254171f9507e\COMCTL32.dll
0x00007ff8de3c0000 - 0x00007ff8de3e2000 	C:\Windows\System32\win32u.dll
0x00007ff8df740000 - 0x00007ff8df76c000 	C:\Windows\System32\GDI32.dll
0x00007ff8de520000 - 0x00007ff8de63a000 	C:\Windows\System32\gdi32full.dll
0x00007ff8ddd50000 - 0x00007ff8ddded000 	C:\Windows\System32\msvcp_win.dll
0x00007ff8cef30000 - 0x00007ff8cef3a000 	C:\Windows\SYSTEM32\VERSION.dll
0x00007ff8de6d0000 - 0x00007ff8de700000 	C:\Windows\System32\IMM32.DLL
0x00007ff8ac190000 - 0x00007ff8ac22b000 	C:\Program Files\Java\jdk-11.0.12\bin\msvcp140.dll
0x00007ff8ab690000 - 0x00007ff8ac18f000 	C:\Program Files\Java\jdk-11.0.12\bin\server\jvm.dll
0x00007ff8e03f0000 - 0x00007ff8e03f8000 	C:\Windows\System32\PSAPI.DLL
0x00007ff8b0e40000 - 0x00007ff8b0e67000 	C:\Windows\SYSTEM32\WINMM.dll
0x00007ff8b7f60000 - 0x00007ff8b7f69000 	C:\Windows\SYSTEM32\WSOCK32.dll
0x00007ff8dffb0000 - 0x00007ff8e001b000 	C:\Windows\System32\ws2_32.DLL
0x00007ff8dc570000 - 0x00007ff8dc582000 	C:\Windows\SYSTEM32\kernel.appcore.dll
0x00007ff8ab460000 - 0x00007ff8ab470000 	C:\Program Files\Java\jdk-11.0.12\bin\verify.dll
0x00007ff8cab40000 - 0x00007ff8cad24000 	C:\Windows\SYSTEM32\DBGHELP.DLL
0x00007ff8bde40000 - 0x00007ff8bde74000 	C:\Windows\SYSTEM32\dbgcore.DLL
0x00007ff8de640000 - 0x00007ff8de6c2000 	C:\Windows\System32\bcryptPrimitives.dll
0x00007ff8ab430000 - 0x00007ff8ab458000 	C:\Program Files\Java\jdk-11.0.12\bin\java.dll
0x00007ff8ab420000 - 0x00007ff8ab42a000 	C:\Program Files\Java\jdk-11.0.12\bin\jimage.dll
0x00007ff8ab320000 - 0x00007ff8ab336000 	C:\Program Files\Java\jdk-11.0.12\bin\zip.dll
0x00007ff8debf0000 - 0x00007ff8df335000 	C:\Windows\System32\SHELL32.dll
0x00007ff8dbd90000 - 0x00007ff8dc52b000 	C:\Windows\SYSTEM32\windows.storage.dll
0x00007ff8de890000 - 0x00007ff8debe4000 	C:\Windows\System32\combase.dll
0x00007ff8dd720000 - 0x00007ff8dd74e000 	C:\Windows\SYSTEM32\Wldp.dll
0x00007ff8df770000 - 0x00007ff8df81d000 	C:\Windows\System32\SHCORE.dll
0x00007ff8df9e0000 - 0x00007ff8dfa35000 	C:\Windows\System32\shlwapi.dll
0x00007ff8ddc80000 - 0x00007ff8ddca5000 	C:\Windows\SYSTEM32\profapi.dll
0x00007ff8ab4b0000 - 0x00007ff8ab4c9000 	C:\Program Files\Java\jdk-11.0.12\bin\net.dll
0x00007ff8ce050000 - 0x00007ff8ce15a000 	C:\Windows\SYSTEM32\WINHTTP.dll
0x00007ff8dd420000 - 0x00007ff8dd48a000 	C:\Windows\system32\mswsock.dll
0x00007ff8a9f60000 - 0x00007ff8a9f72000 	C:\Program Files\Java\jdk-11.0.12\bin\nio.dll
0x00007ff8c5c20000 - 0x00007ff8c5c47000 	C:\Users\User\.gradle\native\8bec1ad78214c89d9ad589b4d07fe93259594b29d510b10fafb7a158f7737e5d\windows-amd64\native-platform.dll
0x00007ff8a6b00000 - 0x00007ff8a6c3d000 	C:\Users\User\.gradle\native\53dbd7edfb1c66fb8903c78663c9afc45aea4f116125fa6feffd364cf09443e8\windows-amd64\native-platform-file-events.dll
0x00007ff8c58d0000 - 0x00007ff8c58d9000 	C:\Program Files\Java\jdk-11.0.12\bin\management.dll
0x00007ff8c58c0000 - 0x00007ff8c58cb000 	C:\Program Files\Java\jdk-11.0.12\bin\management_ext.dll
0x00007ff8dd620000 - 0x00007ff8dd638000 	C:\Windows\SYSTEM32\CRYPTSP.dll
0x00007ff8dcd30000 - 0x00007ff8dcd64000 	C:\Windows\system32\rsaenh.dll
0x00007ff8de4f0000 - 0x00007ff8de517000 	C:\Windows\System32\bcrypt.dll
0x00007ff8ddc40000 - 0x00007ff8ddc6e000 	C:\Windows\SYSTEM32\USERENV.dll
0x00007ff8dd610000 - 0x00007ff8dd61c000 	C:\Windows\SYSTEM32\CRYPTBASE.dll
0x00007ff8dd110000 - 0x00007ff8dd14b000 	C:\Windows\SYSTEM32\IPHLPAPI.DLL
0x00007ff8df820000 - 0x00007ff8df828000 	C:\Windows\System32\NSI.dll
0x00007ff8ce760000 - 0x00007ff8ce777000 	C:\Windows\SYSTEM32\dhcpcsvc6.DLL
0x00007ff8d3680000 - 0x00007ff8d369d000 	C:\Windows\SYSTEM32\dhcpcsvc.DLL
0x00007ff8dd150000 - 0x00007ff8dd21a000 	C:\Windows\SYSTEM32\DNSAPI.dll

dbghelp: loaded successfully - version: 4.0.5 - missing functions: none
symbol engine: initialized successfully - sym options: 0x614 - pdb path: .;C:\Program Files\Java\jdk-11.0.12\bin;C:\Windows\SYSTEM32;C:\Windows\WinSxS\amd64_microsoft.windows.common-controls_6595b64144ccf1df_6.0.19041.1110_none_60b5254171f9507e;C:\Program Files\Java\jdk-11.0.12\bin\server;C:\Users\User\.gradle\native\8bec1ad78214c89d9ad589b4d07fe93259594b29d510b10fafb7a158f7737e5d\windows-amd64;C:\Users\User\.gradle\native\53dbd7edfb1c66fb8903c78663c9afc45aea4f116125fa6feffd364cf09443e8\windows-amd64

VM Arguments:
jvm_args: --add-opens=java.base/java.util=ALL-UNNAMED --add-opens=java.base/java.lang=ALL-UNNAMED --add-opens=java.base/java.lang.invoke=ALL-UNNAMED --add-opens=java.base/java.util=ALL-UNNAMED --add-opens=java.prefs/java.util.prefs=ALL-UNNAMED --add-opens=java.prefs/java.util.prefs=ALL-UNNAMED --add-opens=java.base/java.nio.charset=ALL-UNNAMED --add-opens=java.base/java.net=ALL-UNNAMED --add-opens=java.base/java.util.concurrent.atomic=ALL-UNNAMED -XX:MaxMetaspaceSize=256m -XX:+HeapDumpOnOutOfMemoryError -Xms256m -Xmx512m -Dfile.encoding=windows-1251 -Duser.country=RU -Duser.language=ru -Duser.variant 
java_command: org.gradle.launcher.daemon.bootstrap.GradleDaemon 7.1
java_class_path (initial): C:\Users\User\.gradle\wrapper\dists\gradle-7.1-bin\4pslxx9lrxt5svtz5wbnb6tkz\gradle-7.1\lib\gradle-launcher-7.1.jar
Launcher Type: SUN_STANDARD

[Global flags]
     intx CICompilerCount                          = 3                                         {product} {ergonomic}
   size_t CompressedClassSpaceSize                 = 260046848                                 {product} {ergonomic}
     uint ConcGCThreads                            = 1                                         {product} {ergonomic}
     uint G1ConcRefinementThreads                  = 4                                         {product} {ergonomic}
   size_t G1HeapRegionSize                         = 1048576                                   {product} {ergonomic}
    uintx GCDrainStackTargetSize                   = 64                                        {product} {ergonomic}
     bool HeapDumpOnOutOfMemoryError               = true                                   {manageable} {command line}
   size_t InitialHeapSize                          = 268435456                                 {product} {command line}
   size_t MarkStackSize                            = 4194304                                   {product} {ergonomic}
   size_t MaxHeapSize                              = 536870912                                 {product} {command line}
   size_t MaxMetaspaceSize                         = 268435456                                 {product} {command line}
   size_t MaxNewSize                               = 321912832                                 {product} {ergonomic}
   size_t MinHeapDeltaBytes                        = 1048576                                   {product} {ergonomic}
    uintx NonNMethodCodeHeapSize                   = 5830732                                {pd product} {ergonomic}
    uintx NonProfiledCodeHeapSize                  = 122913754                              {pd product} {ergonomic}
    uintx ProfiledCodeHeapSize                     = 122913754                              {pd product} {ergonomic}
    uintx ReservedCodeCacheSize                    = 251658240                              {pd product} {ergonomic}
     bool SegmentedCodeCache                       = true                                      {product} {ergonomic}
     bool UseCompressedClassPointers               = true                                 {lp64_product} {ergonomic}
     bool UseCompressedOops                        = true                                 {lp64_product} {ergonomic}
     bool UseG1GC                                  = true                                      {product} {ergonomic}
     bool UseLargePagesIndividualAllocation        = false                                  {pd product} {ergonomic}

Logging:
Log output configuration:
 #0: stdout all=warning uptime,level,tags
 #1: stderr all=off uptime,level,tags

Environment Variables:
JAVA_HOME=C:\Program Files\Java\jdk-11.0.12
PATH=C:\Program Files\Common Files\Oracle\Java\javapath;C:\Windows\system32;C:\Windows;C:\Windows\System32\Wbem;C:\Windows\System32\WindowsPowerShell\v1.0\;C:\Windows\System32\OpenSSH\;C:\Program Files\7-Zip;C:\Program Files\Git\cmd;C:\Users\User\apache-maven-3.8.6\bin;C:\Gradle\bin;C:\Users\User\AppData\Local\Microsoft\WindowsApps;;C:\Program Files\JetBrains\IntelliJ IDEA Community Edition 2021.2.2\bin;
USERNAME=User
OS=Windows_NT
PROCESSOR_IDENTIFIER=Intel64 Family 6 Model 142 Stepping 12, GenuineIntel



---------------  S Y S T E M  ---------------

OS: Windows 10 , 64 bit Build 19041 (10.0.19041.3393)

CPU:total 4 (initial active 4) (2 cores per cpu, 2 threads per core) family 6 model 142 stepping 12 microcode 0xd6, cmov, cx8, fxsr, mmx, sse, sse2, sse3, ssse3, sse4.1, sse4.2, popcnt, avx, avx2, aes, clmul, erms, 3dnowpref, lzcnt, ht, tsc, tscinvbit, bmi1, bmi2, adx, fma

Memory: 4k page, system-wide physical 7996M (252M free)
TotalPageFile size 7996M (AvailPageFile size 32M)
current process WorkingSet (physical memory assigned to process): 408M, peak: 461M
current process commit charge ("private bytes"): 485M, peak: 531M

vm_info: Java HotSpot(TM) 64-Bit Server VM (11.0.12+8-LTS-237) for windows-amd64 JRE (11.0.12+8-LTS-237), built on Jun  8 2021 11:25:59 by "mach5one" with MS VC++ 15.9 (VS2017)

END.
